[
    {
        "repo": "pylint-dev/pylint",
        "instance_id": "pylint-dev__pylint-7228",
        "base_commit": "d597f252915ddcaaa15ccdfcb35670152cb83587",
        "patch": "diff --git a/pylint/config/argument.py b/pylint/config/argument.py\n--- a/pylint/config/argument.py\n+++ b/pylint/config/argument.py\n@@ -99,11 +99,20 @@ def _py_version_transformer(value: str) -> tuple[int, ...]:\n     return version\n \n \n+def _regex_transformer(value: str) -> Pattern[str]:\n+    \"\"\"Return `re.compile(value)`.\"\"\"\n+    try:\n+        return re.compile(value)\n+    except re.error as e:\n+        msg = f\"Error in provided regular expression: {value} beginning at index {e.pos}: {e.msg}\"\n+        raise argparse.ArgumentTypeError(msg)\n+\n+\n def _regexp_csv_transfomer(value: str) -> Sequence[Pattern[str]]:\n     \"\"\"Transforms a comma separated list of regular expressions.\"\"\"\n     patterns: list[Pattern[str]] = []\n     for pattern in _csv_transformer(value):\n-        patterns.append(re.compile(pattern))\n+        patterns.append(_regex_transformer(pattern))\n     return patterns\n \n \n@@ -130,7 +139,7 @@ def _regexp_paths_csv_transfomer(value: str) -> Sequence[Pattern[str]]:\n     \"non_empty_string\": _non_empty_string_transformer,\n     \"path\": _path_transformer,\n     \"py_version\": _py_version_transformer,\n-    \"regexp\": re.compile,\n+    \"regexp\": _regex_transformer,\n     \"regexp_csv\": _regexp_csv_transfomer,\n     \"regexp_paths_csv\": _regexp_paths_csv_transfomer,\n     \"string\": pylint_utils._unquote,\n",
        "test_patch": "diff --git a/tests/config/test_config.py b/tests/config/test_config.py\n--- a/tests/config/test_config.py\n+++ b/tests/config/test_config.py\n@@ -111,6 +111,36 @@ def test_unknown_py_version(capsys: CaptureFixture) -> None:\n     assert \"the-newest has an invalid format, should be a version string.\" in output.err\n \n \n+def test_regex_error(capsys: CaptureFixture) -> None:\n+    \"\"\"Check that we correctly error when an an option is passed whose value is an invalid regular expression.\"\"\"\n+    with pytest.raises(SystemExit):\n+        Run(\n+            [str(EMPTY_MODULE), r\"--function-rgx=[\\p{Han}a-z_][\\p{Han}a-z0-9_]{2,30}$\"],\n+            exit=False,\n+        )\n+    output = capsys.readouterr()\n+    assert (\n+        r\"Error in provided regular expression: [\\p{Han}a-z_][\\p{Han}a-z0-9_]{2,30}$ beginning at index 1: bad escape \\p\"\n+        in output.err\n+    )\n+\n+\n+def test_csv_regex_error(capsys: CaptureFixture) -> None:\n+    \"\"\"Check that we correctly error when an option is passed and one\n+    of its comma-separated regular expressions values is an invalid regular expression.\n+    \"\"\"\n+    with pytest.raises(SystemExit):\n+        Run(\n+            [str(EMPTY_MODULE), r\"--bad-names-rgx=(foo{1,3})\"],\n+            exit=False,\n+        )\n+    output = capsys.readouterr()\n+    assert (\n+        r\"Error in provided regular expression: (foo{1 beginning at index 0: missing ), unterminated subpattern\"\n+        in output.err\n+    )\n+\n+\n def test_short_verbose(capsys: CaptureFixture) -> None:\n     \"\"\"Check that we correctly handle the -v flag.\"\"\"\n     Run([str(EMPTY_MODULE), \"-v\"], exit=False)\n",
        "problem_statement": "rxg include '\\p{Han}' will throw error\n### Bug description\r\n\r\nconfig rxg in pylintrc with \\p{Han} will throw err\r\n\r\n### Configuration\r\n.pylintrc:\r\n\r\n```ini\r\nfunction-rgx=[\\p{Han}a-z_][\\p{Han}a-z0-9_]{2,30}$\r\n```\r\n\r\n### Command used\r\n\r\n```shell\r\npylint\r\n```\r\n\r\n\r\n### Pylint output\r\n\r\n```shell\r\n(venvtest) tsung-hande-MacBook-Pro:robot_is_comming tsung-han$ pylint\r\nTraceback (most recent call last):\r\n  File \"/Users/tsung-han/PycharmProjects/robot_is_comming/venvtest/bin/pylint\", line 8, in <module>\r\n    sys.exit(run_pylint())\r\n  File \"/Users/tsung-han/PycharmProjects/robot_is_comming/venvtest/lib/python3.9/site-packages/pylint/__init__.py\", line 25, in run_pylint\r\n    PylintRun(argv or sys.argv[1:])\r\n  File \"/Users/tsung-han/PycharmProjects/robot_is_comming/venvtest/lib/python3.9/site-packages/pylint/lint/run.py\", line 161, in __init__\r\n    args = _config_initialization(\r\n  File \"/Users/tsung-han/PycharmProjects/robot_is_comming/venvtest/lib/python3.9/site-packages/pylint/config/config_initialization.py\", line 57, in _config_initialization\r\n    linter._parse_configuration_file(config_args)\r\n  File \"/Users/tsung-han/PycharmProjects/robot_is_comming/venvtest/lib/python3.9/site-packages/pylint/config/arguments_manager.py\", line 244, in _parse_configuration_file\r\n    self.config, parsed_args = self._arg_parser.parse_known_args(\r\n  File \"/usr/local/Cellar/python@3.9/3.9.13_1/Frameworks/Python.framework/Versions/3.9/lib/python3.9/argparse.py\", line 1858, in parse_known_args\r\n    namespace, args = self._parse_known_args(args, namespace)\r\n  File \"/usr/local/Cellar/python@3.9/3.9.13_1/Frameworks/Python.framework/Versions/3.9/lib/python3.9/argparse.py\", line 2067, in _parse_known_args\r\n    start_index = consume_optional(start_index)\r\n  File \"/usr/local/Cellar/python@3.9/3.9.13_1/Frameworks/Python.framework/Versions/3.9/lib/python3.9/argparse.py\", line 2007, in consume_optional\r\n    take_action(action, args, option_string)\r\n  File \"/usr/local/Cellar/python@3.9/3.9.13_1/Frameworks/Python.framework/Versions/3.9/lib/python3.9/argparse.py\", line 1919, in take_action\r\n    argument_values = self._get_values(action, argument_strings)\r\n  File \"/usr/local/Cellar/python@3.9/3.9.13_1/Frameworks/Python.framework/Versions/3.9/lib/python3.9/argparse.py\", line 2450, in _get_values\r\n    value = self._get_value(action, arg_string)\r\n  File \"/usr/local/Cellar/python@3.9/3.9.13_1/Frameworks/Python.framework/Versions/3.9/lib/python3.9/argparse.py\", line 2483, in _get_value\r\n    result = type_func(arg_string)\r\n  File \"/usr/local/Cellar/python@3.9/3.9.13_1/Frameworks/Python.framework/Versions/3.9/lib/python3.9/re.py\", line 252, in compile\r\n    return _compile(pattern, flags)\r\n  File \"/usr/local/Cellar/python@3.9/3.9.13_1/Frameworks/Python.framework/Versions/3.9/lib/python3.9/re.py\", line 304, in _compile\r\n    p = sre_compile.compile(pattern, flags)\r\n  File \"/usr/local/Cellar/python@3.9/3.9.13_1/Frameworks/Python.framework/Versions/3.9/lib/python3.9/sre_compile.py\", line 788, in compile\r\n    p = sre_parse.parse(p, flags)\r\n  File \"/usr/local/Cellar/python@3.9/3.9.13_1/Frameworks/Python.framework/Versions/3.9/lib/python3.9/sre_parse.py\", line 955, in parse\r\n    p = _parse_sub(source, state, flags & SRE_FLAG_VERBOSE, 0)\r\n  File \"/usr/local/Cellar/python@3.9/3.9.13_1/Frameworks/Python.framework/Versions/3.9/lib/python3.9/sre_parse.py\", line 444, in _parse_sub\r\n    itemsappend(_parse(source, state, verbose, nested + 1,\r\n  File \"/usr/local/Cellar/python@3.9/3.9.13_1/Frameworks/Python.framework/Versions/3.9/lib/python3.9/sre_parse.py\", line 555, in _parse\r\n    code1 = _class_escape(source, this)\r\n  File \"/usr/local/Cellar/python@3.9/3.9.13_1/Frameworks/Python.framework/Versions/3.9/lib/python3.9/sre_parse.py\", line 350, in _class_escape\r\n    raise source.error('bad escape %s' % escape, len(escape))\r\nre.error: bad escape \\p at position 1\r\n```\r\n\r\n### Expected behavior\r\n\r\nnot throw error\r\n\r\n### Pylint version\r\n\r\n```shell\r\npylint 2.14.4\r\nastroid 2.11.7\r\nPython 3.9.13 (main, May 24 2022, 21:28:44) \r\n[Clang 13.0.0 (clang-1300.0.29.30)]\r\n```\r\n\r\n\r\n### OS / Environment\r\n\r\nmacOS 11.6.7\r\n\n",
        "hints_text": "This doesn't seem like it is a `pylint` issue?\r\n\r\n`re.compile(\"[\\p{Han}a-z_]\")` also raises normally. `\\p` also isn't documented: https://docs.python.org/3/howto/regex.html\r\nIs this a supported character?\nI think this could be improved! Similar to the helpful output when passing an unrecognized option to Pylint, we could give a friendly output indicating that the regex pattern is invalid without the traceback; happy to put a MR together if you agree.\nThanks @mbyrnepr2 I did not even realize it was a crash that we had to fix before your comment.\n@mbyrnepr2 I think in the above stacktrace on line 1858 makes the most sense.\n\nWe need to decide though if we continue to run the program. I think it makes sense to still quit. If we catch regex errors there and pass we will also \"allow\" ignore path regexes that don't work. I don't think we should do that.\n\nImo, incorrect regexes are a little different from other \"incorrect\" options, since there is little risk that they are valid on other interpreters or versions such as old messages etc. Therefore, I'd prefer to (cleanly) exit.\nIndeed @DanielNoord I think we are on the same page regarding this point; I would also exit instead of passing if the regex is invalid. That line you mention, we can basically try/except on re.error and exit printing the details of the pattern which is invalid.",
        "created_at": "2022-07-25T17:19:11Z",
        "version": "2.15",
        "FAIL_TO_PASS": "[\"tests/config/test_config.py::test_regex_error\", \"tests/config/test_config.py::test_csv_regex_error\"]",
        "PASS_TO_PASS": "[\"tests/config/test_config.py::test_can_read_toml_env_variable\", \"tests/config/test_config.py::test_unknown_message_id\", \"tests/config/test_config.py::test_unknown_option_name\", \"tests/config/test_config.py::test_unknown_short_option_name\", \"tests/config/test_config.py::test_unknown_confidence\", \"tests/config/test_config.py::test_empty_confidence\", \"tests/config/test_config.py::test_unknown_yes_no\", \"tests/config/test_config.py::test_unknown_py_version\", \"tests/config/test_config.py::test_short_verbose\", \"tests/config/test_config.py::test_argument_separator\"]",
        "environment_setup_commit": "e90702074e68e20dc8e5df5013ee3ecf22139c3e",
        "issue_title": "rxg include '\\p{Han}' will throw error",
        "test_file": "/home/fdse/wy/RepoCodeEdit/data/raw_repo_lite/pylint/tests/config/test_config.py",
        "searched_functions": [
            "def test_argument_separator(capsys: CaptureFixture) -> None:\n    \"\"\"Check that we support using '--' to separate argument types.\n\n    Reported in https://github.com/PyCQA/pylint/issues/7003.\n    \"\"\"\n    Run([\"--\", str(EMPTY_MODULE)], exit=False)\n    output = capsys.readouterr()\n    assert not output.err",
            "def test_unknown_short_option_name(capsys: CaptureFixture) -> None:\n    \"\"\"Check that we correctly raise a message on an unknown short option.\"\"\"\n    with pytest.raises(SystemExit):\n        Run([str(EMPTY_MODULE), \"-Q\"], exit=False)\n    output = capsys.readouterr()\n    assert \"usage: pylint\" in output.err\n    assert \"Unrecognized option\" in output.err",
            "def test_unknown_yes_no(capsys: CaptureFixture) -> None:\n    \"\"\"Check that we correctly error on an unknown yes/no value.\"\"\"\n    with pytest.raises(SystemExit):\n        Run([str(EMPTY_MODULE), \"--reports=maybe\"], exit=False)\n    output = capsys.readouterr()\n    assert \"Invalid yn value 'maybe', should be in \" in output.err",
            "def test_unknown_message_id(capsys: CaptureFixture) -> None:\n    \"\"\"Check that we correctly raise a message on an unknown id.\"\"\"\n    Run([str(EMPTY_MODULE), \"--disable=12345\"], exit=False)\n    output = capsys.readouterr()\n    assert \"Command line:1:0: W0012: Unknown option value for '--disable'\" in output.out",
            "def test_unknown_option_name(capsys: CaptureFixture) -> None:\n    \"\"\"Check that we correctly raise a message on an unknown option.\"\"\"\n    with pytest.raises(SystemExit):\n        Run([str(EMPTY_MODULE), \"--unknown-option=yes\"], exit=False)\n    output = capsys.readouterr()\n    assert \"usage: pylint\" in output.err\n    assert \"Unrecognized option\" in output.err",
            "def test_short_verbose(capsys: CaptureFixture) -> None:\n    \"\"\"Check that we correctly handle the -v flag.\"\"\"\n    Run([str(EMPTY_MODULE), \"-v\"], exit=False)\n    output = capsys.readouterr()\n    assert \"Using config file\" in output.err",
            "def test_unknown_py_version(capsys: CaptureFixture) -> None:\n    \"\"\"Check that we correctly error on an unknown python-version.\"\"\"\n    with pytest.raises(SystemExit):\n        Run([str(EMPTY_MODULE), \"--py-version=the-newest\"], exit=False)\n    output = capsys.readouterr()\n    assert \"the-newest has an invalid format, should be a version string.\" in output.err",
            "def test_unknown_confidence(capsys: CaptureFixture) -> None:\n    \"\"\"Check that we correctly error an unknown confidence value.\"\"\"\n    with pytest.raises(SystemExit):\n        Run([str(EMPTY_MODULE), \"--confidence=UNKNOWN_CONFIG\"], exit=False)\n    output = capsys.readouterr()\n    assert \"argument --confidence: UNKNOWN_CONFIG should be in\" in output.err",
            "def test_can_read_toml_env_variable(tmp_path: Path, file_to_lint_path: str) -> None:\n    \"\"\"We can read and open a properly formatted toml file.\"\"\"\n    config_file = tmp_path / \"pyproject.toml\"\n    config_file.write_text(\n        \"\"\"\n[tool.pylint.\"messages control\"]\ndisable = \"logging-not-lazy,logging-format-interpolation\"\njobs = \"10\"\nreports = \"yes\"\n\"\"\"\n    )\n    env_var = \"tmp_path_env\"\n    os.environ[env_var] = str(config_file)\n    mock_exit, _, runner = run_using_a_configuration_file(\n        f\"${env_var}\", file_to_lint_path\n    )\n    mock_exit.assert_called_once_with(0)\n    check_configuration_file_reader(runner)",
            "def check_configuration_file_reader(\n    runner: LintRun,\n    expected_disabled: set[str] | None = None,\n    expected_jobs: int = 10,\n    expected_reports_truthey: bool = True,\n) -> None:\n    \"\"\"Check that what we initialized the linter with what was expected.\"\"\"\n    if expected_disabled is None:\n        # \"logging-not-lazy\" and \"logging-format-interpolation\"\n        expected_disabled = {\"W1201\", \"W1202\"}\n    for msgid in expected_disabled:\n        assert not runner.linter.is_message_enabled(msgid)\n    assert runner.linter.config.jobs == expected_jobs\n    assert bool(runner.linter.config.reports) == expected_reports_truthey"
        ]
    },
    {
        "repo": "pylint-dev/pylint",
        "instance_id": "pylint-dev__pylint-7114",
        "base_commit": "397c1703e8ae6349d33f7b99f45b2ccaf581e666",
        "patch": "diff --git a/pylint/lint/expand_modules.py b/pylint/lint/expand_modules.py\n--- a/pylint/lint/expand_modules.py\n+++ b/pylint/lint/expand_modules.py\n@@ -82,8 +82,10 @@ def expand_modules(\n             continue\n         module_path = get_python_path(something)\n         additional_search_path = [\".\", module_path] + path\n-        if os.path.exists(something):\n-            # this is a file or a directory\n+        if os.path.isfile(something) or os.path.exists(\n+            os.path.join(something, \"__init__.py\")\n+        ):\n+            # this is a file or a directory with an explicit __init__.py\n             try:\n                 modname = \".\".join(\n                     modutils.modpath_from_file(something, path=additional_search_path)\n@@ -103,9 +105,7 @@ def expand_modules(\n                 )\n                 if filepath is None:\n                     continue\n-            except (ImportError, SyntaxError) as ex:\n-                # The SyntaxError is a Python bug and should be\n-                # removed once we move away from imp.find_module: https://bugs.python.org/issue10588\n+            except ImportError as ex:\n                 errors.append({\"key\": \"fatal\", \"mod\": modname, \"ex\": ex})\n                 continue\n         filepath = os.path.normpath(filepath)\n",
        "test_patch": "diff --git a/tests/checkers/unittest_imports.py b/tests/checkers/unittest_imports.py\n--- a/tests/checkers/unittest_imports.py\n+++ b/tests/checkers/unittest_imports.py\n@@ -7,6 +7,7 @@\n import os\n \n import astroid\n+import pytest\n \n from pylint import epylint as lint\n from pylint.checkers import imports\n@@ -40,6 +41,9 @@ def test_relative_beyond_top_level(self) -> None:\n             self.checker.visit_importfrom(module.body[2].body[0])\n \n     @staticmethod\n+    @pytest.mark.xfail(\n+        reason=\"epylint manipulates cwd; these tests should not be using epylint\"\n+    )\n     def test_relative_beyond_top_level_two() -> None:\n         output, errors = lint.py_run(\n             f\"{os.path.join(REGR_DATA, 'beyond_top_two')} -d all -e relative-beyond-top-level\",\ndiff --git a/tests/lint/unittest_lint.py b/tests/lint/unittest_lint.py\n--- a/tests/lint/unittest_lint.py\n+++ b/tests/lint/unittest_lint.py\n@@ -942,3 +942,12 @@ def test_lint_namespace_package_under_dir(initialized_linter: PyLinter) -> None:\n         create_files([\"outer/namespace/__init__.py\", \"outer/namespace/module.py\"])\n         linter.check([\"outer.namespace\"])\n     assert not linter.stats.by_msg\n+\n+\n+def test_identically_named_nested_module(initialized_linter: PyLinter) -> None:\n+    with tempdir():\n+        create_files([\"identical/identical.py\"])\n+        with open(\"identical/identical.py\", \"w\", encoding=\"utf-8\") as f:\n+            f.write(\"import imp\")\n+        initialized_linter.check([\"identical\"])\n+    assert initialized_linter.stats.by_msg[\"deprecated-module\"] == 1\n",
        "problem_statement": "Linting fails if module contains module of the same name\n### Steps to reproduce\r\n\r\nGiven multiple files:\r\n```\r\n.\r\n`-- a/\r\n    |-- a.py\r\n    `-- b.py\r\n```\r\nWhich are all empty, running `pylint a` fails:\r\n\r\n```\r\n$ pylint a\r\n************* Module a\r\na/__init__.py:1:0: F0010: error while code parsing: Unable to load file a/__init__.py:\r\n[Errno 2] No such file or directory: 'a/__init__.py' (parse-error)\r\n$\r\n```\r\n\r\nHowever, if I rename `a.py`, `pylint a` succeeds:\r\n\r\n```\r\n$ mv a/a.py a/c.py\r\n$ pylint a\r\n$\r\n```\r\nAlternatively, I can also `touch a/__init__.py`, but that shouldn't be necessary anymore.\r\n\r\n### Current behavior\r\n\r\nRunning `pylint a` if `a/a.py` is present fails while searching for an `__init__.py` file.\r\n\r\n### Expected behavior\r\n\r\nRunning `pylint a` if `a/a.py` is present should succeed.\r\n\r\n### pylint --version output\r\n\r\nResult of `pylint --version` output:\r\n\r\n```\r\npylint 3.0.0a3\r\nastroid 2.5.6\r\nPython 3.8.5 (default, Jan 27 2021, 15:41:15) \r\n[GCC 9.3.0]\r\n```\r\n\r\n### Additional info\r\n\r\nThis also has some side-effects in module resolution. For example, if I create another file `r.py`:\r\n\r\n```\r\n.\r\n|-- a\r\n|   |-- a.py\r\n|   `-- b.py\r\n`-- r.py\r\n```\r\n\r\nWith the content:\r\n\r\n```\r\nfrom a import b\r\n```\r\n\r\nRunning `pylint -E r` will run fine, but `pylint -E r a` will fail. Not just for module a, but for module r as well.\r\n\r\n```\r\n************* Module r\r\nr.py:1:0: E0611: No name 'b' in module 'a' (no-name-in-module)\r\n************* Module a\r\na/__init__.py:1:0: F0010: error while code parsing: Unable to load file a/__init__.py:\r\n[Errno 2] No such file or directory: 'a/__init__.py' (parse-error)\r\n```\r\n\r\nAgain, if I rename `a.py` to `c.py`, `pylint -E r a` will work perfectly.\n",
        "hints_text": "@iFreilicht thanks for your report.\n#4909 was a duplicate.",
        "created_at": "2022-07-03T04:36:40Z",
        "version": "2.15",
        "FAIL_TO_PASS": "[\"tests/lint/unittest_lint.py::test_identically_named_nested_module\"]",
        "PASS_TO_PASS": "[\"tests/checkers/unittest_imports.py::TestImportsChecker::test_relative_beyond_top_level\", \"tests/checkers/unittest_imports.py::TestImportsChecker::test_relative_beyond_top_level_three\", \"tests/checkers/unittest_imports.py::TestImportsChecker::test_relative_beyond_top_level_four\", \"tests/lint/unittest_lint.py::test_no_args\", \"tests/lint/unittest_lint.py::test_one_arg[case0]\", \"tests/lint/unittest_lint.py::test_one_arg[case1]\", \"tests/lint/unittest_lint.py::test_one_arg[case2]\", \"tests/lint/unittest_lint.py::test_one_arg[case3]\", \"tests/lint/unittest_lint.py::test_one_arg[case4]\", \"tests/lint/unittest_lint.py::test_two_similar_args[case0]\", \"tests/lint/unittest_lint.py::test_two_similar_args[case1]\", \"tests/lint/unittest_lint.py::test_two_similar_args[case2]\", \"tests/lint/unittest_lint.py::test_two_similar_args[case3]\", \"tests/lint/unittest_lint.py::test_more_args[case0]\", \"tests/lint/unittest_lint.py::test_more_args[case1]\", \"tests/lint/unittest_lint.py::test_more_args[case2]\", \"tests/lint/unittest_lint.py::test_pylint_visit_method_taken_in_account\", \"tests/lint/unittest_lint.py::test_enable_message\", \"tests/lint/unittest_lint.py::test_enable_message_category\", \"tests/lint/unittest_lint.py::test_message_state_scope\", \"tests/lint/unittest_lint.py::test_enable_message_block\", \"tests/lint/unittest_lint.py::test_enable_by_symbol\", \"tests/lint/unittest_lint.py::test_enable_report\", \"tests/lint/unittest_lint.py::test_report_output_format_aliased\", \"tests/lint/unittest_lint.py::test_set_unsupported_reporter\", \"tests/lint/unittest_lint.py::test_set_option_1\", \"tests/lint/unittest_lint.py::test_set_option_2\", \"tests/lint/unittest_lint.py::test_enable_checkers\", \"tests/lint/unittest_lint.py::test_errors_only\", \"tests/lint/unittest_lint.py::test_disable_similar\", \"tests/lint/unittest_lint.py::test_disable_alot\", \"tests/lint/unittest_lint.py::test_addmessage\", \"tests/lint/unittest_lint.py::test_addmessage_invalid\", \"tests/lint/unittest_lint.py::test_load_plugin_command_line\", \"tests/lint/unittest_lint.py::test_load_plugin_config_file\", \"tests/lint/unittest_lint.py::test_load_plugin_configuration\", \"tests/lint/unittest_lint.py::test_init_hooks_called_before_load_plugins\", \"tests/lint/unittest_lint.py::test_analyze_explicit_script\", \"tests/lint/unittest_lint.py::test_full_documentation\", \"tests/lint/unittest_lint.py::test_list_msgs_enabled\", \"tests/lint/unittest_lint.py::test_pylint_home\", \"tests/lint/unittest_lint.py::test_pylint_home_from_environ\", \"tests/lint/unittest_lint.py::test_warn_about_old_home\", \"tests/lint/unittest_lint.py::test_pylintrc\", \"tests/lint/unittest_lint.py::test_pylintrc_parentdir\", \"tests/lint/unittest_lint.py::test_pylintrc_parentdir_no_package\", \"tests/lint/unittest_lint.py::test_custom_should_analyze_file\", \"tests/lint/unittest_lint.py::test_multiprocessing[1]\", \"tests/lint/unittest_lint.py::test_multiprocessing[2]\", \"tests/lint/unittest_lint.py::test_filename_with__init__\", \"tests/lint/unittest_lint.py::test_by_module_statement_value\", \"tests/lint/unittest_lint.py::test_recursive_ignore[--ignore-failing.py]\", \"tests/lint/unittest_lint.py::test_recursive_ignore[--ignore-ignored_subdirectory]\", \"tests/lint/unittest_lint.py::test_recursive_ignore[--ignore-patterns-failing.*]\", \"tests/lint/unittest_lint.py::test_recursive_ignore[--ignore-patterns-ignored_*]\", \"tests/lint/unittest_lint.py::test_recursive_ignore[--ignore-paths-.*directory/ignored.*]\", \"tests/lint/unittest_lint.py::test_recursive_ignore[--ignore-paths-.*ignored.*/failing.*]\", \"tests/lint/unittest_lint.py::test_import_sibling_module_from_namespace\", \"tests/lint/unittest_lint.py::test_lint_namespace_package_under_dir\"]",
        "environment_setup_commit": "e90702074e68e20dc8e5df5013ee3ecf22139c3e",
        "issue_title": "Linting fails if module contains module of the same name",
        "test_file": "/home/fdse/wy/RepoCodeEdit/data/raw_repo_lite/pylint/tests/functional/i/import_itself.py",
        "searched_functions": []
    },
    {
        "repo": "pylint-dev/pylint",
        "instance_id": "pylint-dev__pylint-7080",
        "base_commit": "3c5eca2ded3dd2b59ebaf23eb289453b5d2930f0",
        "patch": "diff --git a/pylint/lint/expand_modules.py b/pylint/lint/expand_modules.py\n--- a/pylint/lint/expand_modules.py\n+++ b/pylint/lint/expand_modules.py\n@@ -52,6 +52,7 @@ def _is_ignored_file(\n     ignore_list_re: list[Pattern[str]],\n     ignore_list_paths_re: list[Pattern[str]],\n ) -> bool:\n+    element = os.path.normpath(element)\n     basename = os.path.basename(element)\n     return (\n         basename in ignore_list\n",
        "test_patch": "diff --git a/tests/test_self.py b/tests/test_self.py\n--- a/tests/test_self.py\n+++ b/tests/test_self.py\n@@ -1330,6 +1330,27 @@ def test_recursive_current_dir(self):\n                     code=0,\n                 )\n \n+    def test_ignore_path_recursive_current_dir(self) -> None:\n+        \"\"\"Tests that path is normalized before checked that is ignored. GitHub issue #6964\"\"\"\n+        with _test_sys_path():\n+            # pytest is including directory HERE/regrtest_data to sys.path which causes\n+            # astroid to believe that directory is a package.\n+            sys.path = [\n+                path\n+                for path in sys.path\n+                if not os.path.basename(path) == \"regrtest_data\"\n+            ]\n+            with _test_cwd():\n+                os.chdir(join(HERE, \"regrtest_data\", \"directory\"))\n+                self._runtest(\n+                    [\n+                        \".\",\n+                        \"--recursive=y\",\n+                        \"--ignore-paths=^ignored_subdirectory/.*\",\n+                    ],\n+                    code=0,\n+                )\n+\n     def test_regression_recursive_current_dir(self):\n         with _test_sys_path():\n             # pytest is including directory HERE/regrtest_data to sys.path which causes\n",
        "problem_statement": "`--recursive=y` ignores `ignore-paths`\n### Bug description\r\n\r\nWhen running recursively, it seems `ignore-paths` in my settings in pyproject.toml is completely ignored\r\n\r\n### Configuration\r\n\r\n```ini\r\n[tool.pylint.MASTER]\r\nignore-paths = [\r\n  # Auto generated\r\n  \"^src/gen/.*$\",\r\n]\r\n```\r\n\r\n\r\n### Command used\r\n\r\n```shell\r\npylint --recursive=y src/\r\n```\r\n\r\n\r\n### Pylint output\r\n\r\n```shell\r\n************* Module region_selection\r\nsrc\\region_selection.py:170:0: R0914: Too many local variables (17/15) (too-many-locals)\r\n************* Module about\r\nsrc\\gen\\about.py:2:0: R2044: Line with empty comment (empty-comment)\r\nsrc\\gen\\about.py:4:0: R2044: Line with empty comment (empty-comment)\r\nsrc\\gen\\about.py:57:0: C0301: Line too long (504/120) (line-too-long)\r\nsrc\\gen\\about.py:12:0: C0103: Class name \"Ui_AboutAutoSplitWidget\" doesn't conform to '_?_?[a-zA-Z]+?$' pattern (invalid-name)\r\nsrc\\gen\\about.py:12:0: R0205: Class 'Ui_AboutAutoSplitWidget' inherits from object, can be safely removed from bases in python3 (useless-object-inheritance)\r\nsrc\\gen\\about.py:13:4: C0103: Method name \"setupUi\" doesn't conform to snake_case naming style (invalid-name)\r\nsrc\\gen\\about.py:13:22: C0103: Argument name \"AboutAutoSplitWidget\" doesn't conform to snake_case naming style (invalid-name)\r\nsrc\\gen\\about.py:53:4: C0103: Method name \"retranslateUi\" doesn't conform to snake_case naming style (invalid-name)\r\nsrc\\gen\\about.py:53:28: C0103: Argument name \"AboutAutoSplitWidget\" doesn't conform to snake_case naming style (invalid-name)\r\nsrc\\gen\\about.py:24:8: W0201: Attribute 'ok_button' defined outside __init__ (attribute-defined-outside-init)\r\nsrc\\gen\\about.py:27:8: W0201: Attribute 'created_by_label' defined outside __init__ (attribute-defined-outside-init)\r\nsrc\\gen\\about.py:30:8: W0201: Attribute 'version_label' defined outside __init__ (attribute-defined-outside-init)\r\nsrc\\gen\\about.py:33:8: W0201: Attribute 'donate_text_label' defined outside __init__ (attribute-defined-outside-init)\r\nsrc\\gen\\about.py:37:8: W0201: Attribute 'donate_button_label' defined outside __init__ (attribute-defined-outside-init)\r\nsrc\\gen\\about.py:43:8: W0201: Attribute 'icon_label' defined outside __init__ (attribute-defined-outside-init)\r\n************* Module design\r\nsrc\\gen\\design.py:2:0: R2044: Line with empty comment (empty-comment)\r\nsrc\\gen\\design.py:4:0: R2044: Line with empty comment (empty-comment)\r\nsrc\\gen\\design.py:328:0: C0301: Line too long (123/120) (line-too-long)\r\nsrc\\gen\\design.py:363:0: C0301: Line too long (125/120) (line-too-long)\r\nsrc\\gen\\design.py:373:0: C0301: Line too long (121/120) (line-too-long)\r\nsrc\\gen\\design.py:412:0: C0301: Line too long (131/120) (line-too-long)\r\nsrc\\gen\\design.py:12:0: C0103: Class name \"Ui_MainWindow\" doesn't conform to '_?_?[a-zA-Z]+?$' pattern (invalid-name)\r\nsrc\\gen\\design.py:308:8: C0103: Attribute name \"actionSplit_Settings\" doesn't conform to snake_case naming style (invalid-name)\r\nsrc\\gen\\design.py:318:8: C0103: Attribute name \"actionCheck_for_Updates_on_Open\" doesn't conform to snake_case naming style (invalid-name)\r\nsrc\\gen\\design.py:323:8: C0103: Attribute name \"actionLoop_Last_Split_Image_To_First_Image\" doesn't conform to snake_case naming style (invalid-name)\r\nsrc\\gen\\design.py:325:8: C0103: Attribute name \"actionAuto_Start_On_Reset\" doesn't conform to snake_case naming style (invalid-name)\r\nsrc\\gen\\design.py:327:8: C0103: Attribute name \"actionGroup_dummy_splits_when_undoing_skipping\" doesn't conform to snake_case naming style (invalid-name)\r\nsrc\\gen\\design.py:12:0: R0205: Class 'Ui_MainWindow' inherits from object, can be safely removed from bases in python3 (useless-object-inheritance)\r\nsrc\\gen\\design.py:12:0: R0902: Too many instance attributes (69/15) (too-many-instance-attributes)\r\nsrc\\gen\\design.py:13:4: C0103: Method name \"setupUi\" doesn't conform to snake_case naming style (invalid-name)\r\nsrc\\gen\\design.py:13:22: C0103: Argument name \"MainWindow\" doesn't conform to snake_case naming style (invalid-name)\r\nsrc\\gen\\design.py:16:8: C0103: Variable name \"sizePolicy\" doesn't conform to snake_case naming style (invalid-name)\r\nsrc\\gen\\design.py:13:4: R0915: Too many statements (339/50) (too-many-statements)\r\nsrc\\gen\\design.py:354:4: C0103: Method name \"retranslateUi\" doesn't conform to snake_case naming style (invalid-name)\r\nsrc\\gen\\design.py:354:28: C0103: Argument name \"MainWindow\" doesn't conform to snake_case naming style (invalid-name)\r\nsrc\\gen\\design.py:354:4: R0915: Too many statements (61/50) (too-many-statements)\r\nsrc\\gen\\design.py:31:8: W0201: Attribute 'central_widget' defined outside __init__ (attribute-defined-outside-init)\r\nsrc\\gen\\design.py:33:8: W0201: Attribute 'x_label' defined outside __init__ (attribute-defined-outside-init)\r\nsrc\\gen\\design.py:36:8: W0201: Attribute 'select_region_button' defined outside __init__ (attribute-defined-outside-init)\r\nsrc\\gen\\design.py:40:8: W0201: Attribute 'start_auto_splitter_button' defined outside __init__ (attribute-defined-outside-init)\r\nsrc\\gen\\design.py:44:8: W0201: Attribute 'reset_button' defined outside __init__ (attribute-defined-outside-init)\r\nsrc\\gen\\design.py:49:8: W0201: Attribute 'undo_split_button' defined outside __init__ (attribute-defined-outside-init)\r\nsrc\\gen\\design.py:54:8: W0201: Attribute 'skip_split_button' defined outside __init__ (attribute-defined-outside-init)\r\nsrc\\gen\\design.py:59:8: W0201: Attribute 'check_fps_button' defined outside __init__ (attribute-defined-outside-init)\r\nsrc\\gen\\design.py:63:8: W0201: Attribute 'fps_label' defined outside __init__ (attribute-defined-outside-init)\r\nsrc\\gen\\design.py:66:8: W0201: Attribute 'live_image' defined outside __init__ (attribute-defined-outside-init)\r\nsrc\\gen\\design.py:75:8: W0201: Attribute 'current_split_image' defined outside __init__ (attribute-defined-outside-init)\r\nsrc\\gen\\design.py:81:8: W0201: Attribute 'current_image_label' defined outside __init__ (attribute-defined-outside-init)\r\nsrc\\gen\\design.py:85:8: W0201: Attribute 'width_label' defined outside __init__ (attribute-defined-outside-init)\r\nsrc\\gen\\design.py:88:8: W0201: Attribute 'height_label' defined outside __init__ (attribute-defined-outside-init)\r\nsrc\\gen\\design.py:91:8: W0201: Attribute 'fps_value_label' defined outside __init__ (attribute-defined-outside-init)\r\nsrc\\gen\\design.py:95:8: W0201: Attribute 'width_spinbox' defined outside __init__ (attribute-defined-outside-init)\r\nsrc\\gen\\design.py:101:8: W0201: Attribute 'height_spinbox' defined outside __init__ (attribute-defined-outside-init)\r\nsrc\\gen\\design.py:107:8: W0201: Attribute 'capture_region_label' defined outside __init__ (attribute-defined-outside-init)\r\nsrc\\gen\\design.py:111:8: W0201: Attribute 'current_image_file_label' defined outside __init__ (attribute-defined-outside-init)\r\nsrc\\gen\\design.py:115:8: W0201: Attribute 'take_screenshot_button' defined outside __init__ (attribute-defined-outside-init)\r\nsrc\\gen\\design.py:119:8: W0201: Attribute 'x_spinbox' defined outside __init__ (attribute-defined-outside-init)\r\nsrc\\gen\\design.py:128:8: W0201: Attribute 'y_spinbox' defined outside __init__ (attribute-defined-outside-init)\r\nsrc\\gen\\design.py:136:8: W0201: Attribute 'y_label' defined outside __init__ (attribute-defined-outside-init)\r\nsrc\\gen\\design.py:139:8: W0201: Attribute 'align_region_button' defined outside __init__ (attribute-defined-outside-init)\r\nsrc\\gen\\design.py:143:8: W0201: Attribute 'select_window_button' defined outside __init__ (attribute-defined-outside-init)\r\nsrc\\gen\\design.py:147:8: W0201: Attribute 'browse_button' defined outside __init__ (attribute-defined-outside-init)\r\nsrc\\gen\\design.py:151:8: W0201: Attribute 'split_image_folder_label' defined outside __init__ (attribute-defined-outside-init)\r\nsrc\\gen\\design.py:154:8: W0201: Attribute 'split_image_folder_input' defined outside __init__ (attribute-defined-outside-init)\r\nsrc\\gen\\design.py:158:8: W0201: Attribute 'capture_region_window_label' defined outside __init__ (attribute-defined-outside-init)\r\nsrc\\gen\\design.py:162:8: W0201: Attribute 'image_loop_label' defined outside __init__ (attribute-defined-outside-init)\r\nsrc\\gen\\design.py:165:8: W0201: Attribute 'similarity_viewer_groupbox' defined outside __init__ (attribute-defined-outside-init)\r\nsrc\\gen\\design.py:169:8: W0201: Attribute 'table_live_label' defined outside __init__ (attribute-defined-outside-init)\r\nsrc\\gen\\design.py:173:8: W0201: Attribute 'table_highest_label' defined outside __init__ (attribute-defined-outside-init)\r\nsrc\\gen\\design.py:177:8: W0201: Attribute 'table_threshold_label' defined outside __init__ (attribute-defined-outside-init)\r\nsrc\\gen\\design.py:181:8: W0201: Attribute 'line_1' defined outside __init__ (attribute-defined-outside-init)\r\nsrc\\gen\\design.py:186:8: W0201: Attribute 'table_current_image_label' defined outside __init__ (attribute-defined-outside-init)\r\nsrc\\gen\\design.py:189:8: W0201: Attribute 'table_reset_image_label' defined outside __init__ (attribute-defined-outside-init)\r\nsrc\\gen\\design.py:192:8: W0201: Attribute 'line_2' defined outside __init__ (attribute-defined-outside-init)\r\nsrc\\gen\\design.py:197:8: W0201: Attribute 'line_3' defined outside __init__ (attribute-defined-outside-init)\r\nsrc\\gen\\design.py:202:8: W0201: Attribute 'line_4' defined outside __init__ (attribute-defined-outside-init)\r\nsrc\\gen\\design.py:207:8: W0201: Attribute 'line_5' defined outside __init__ (attribute-defined-outside-init)\r\nsrc\\gen\\design.py:212:8: W0201: Attribute 'table_current_image_live_label' defined outside __init__ (attribute-defined-outside-init)\r\nsrc\\gen\\design.py:216:8: W0201: Attribute 'table_current_image_highest_label' defined outside __init__ (attribute-defined-outside-init)\r\nsrc\\gen\\design.py:220:8: W0201: Attribute 'table_current_image_threshold_label' defined outside __init__ (attribute-defined-outside-init)\r\nsrc\\gen\\design.py:224:8: W0201: Attribute 'table_reset_image_live_label' defined outside __init__ (attribute-defined-outside-init)\r\nsrc\\gen\\design.py:228:8: W0201: Attribute 'table_reset_image_highest_label' defined outside __init__ (attribute-defined-outside-init)\r\nsrc\\gen\\design.py:232:8: W0201: Attribute 'table_reset_image_threshold_label' defined outside __init__ (attribute-defined-outside-init)\r\nsrc\\gen\\design.py:236:8: W0201: Attribute 'reload_start_image_button' defined outside __init__ (attribute-defined-outside-init)\r\nsrc\\gen\\design.py:240:8: W0201: Attribute 'start_image_status_label' defined outside __init__ (attribute-defined-outside-init)\r\nsrc\\gen\\design.py:243:8: W0201: Attribute 'start_image_status_value_label' defined outside __init__ (attribute-defined-outside-init)\r\nsrc\\gen\\design.py:246:8: W0201: Attribute 'image_loop_value_label' defined outside __init__ (attribute-defined-outside-init)\r\nsrc\\gen\\design.py:249:8: W0201: Attribute 'previous_image_button' defined outside __init__ (attribute-defined-outside-init)\r\nsrc\\gen\\design.py:254:8: W0201: Attribute 'next_image_button' defined outside __init__ (attribute-defined-outside-init)\r\nsrc\\gen\\design.py:296:8: W0201: Attribute 'menu_bar' defined outside __init__ (attribute-defined-outside-init)\r\nsrc\\gen\\design.py:299:8: W0201: Attribute 'menu_help' defined outside __init__ (attribute-defined-outside-init)\r\nsrc\\gen\\design.py:301:8: W0201: Attribute 'menu_file' defined outside __init__ (attribute-defined-outside-init)\r\nsrc\\gen\\design.py:304:8: W0201: Attribute 'action_view_help' defined outside __init__ (attribute-defined-outside-init)\r\nsrc\\gen\\design.py:306:8: W0201: Attribute 'action_about' defined outside __init__ (attribute-defined-outside-init)\r\nsrc\\gen\\design.py:308:8: W0201: Attribute 'actionSplit_Settings' defined outside __init__ (attribute-defined-outside-init)\r\nsrc\\gen\\design.py:310:8: W0201: Attribute 'action_save_profile' defined outside __init__ (attribute-defined-outside-init)\r\nsrc\\gen\\design.py:312:8: W0201: Attribute 'action_load_profile' defined outside __init__ (attribute-defined-outside-init)\r\nsrc\\gen\\design.py:314:8: W0201: Attribute 'action_save_profile_as' defined outside __init__ (attribute-defined-outside-init)\r\nsrc\\gen\\design.py:316:8: W0201: Attribute 'action_check_for_updates' defined outside __init__ (attribute-defined-outside-init)\r\nsrc\\gen\\design.py:318:8: W0201: Attribute 'actionCheck_for_Updates_on_Open' defined outside __init__ (attribute-defined-outside-init)\r\nsrc\\gen\\design.py:323:8: W0201: Attribute 'actionLoop_Last_Split_Image_To_First_Image' defined outside __init__ (attribute-defined-outside-init)\r\nsrc\\gen\\design.py:325:8: W0201: Attribute 'actionAuto_Start_On_Reset' defined outside __init__ (attribute-defined-outside-init)\r\nsrc\\gen\\design.py:327:8: W0201: Attribute 'actionGroup_dummy_splits_when_undoing_skipping' defined outside __init__ (attribute-defined-outside-init)\r\nsrc\\gen\\design.py:329:8: W0201: Attribute 'action_settings' defined outside __init__ (attribute-defined-outside-init)\r\nsrc\\gen\\design.py:331:8: W0201: Attribute 'action_check_for_updates_on_open' defined outside __init__ (attribute-defined-outside-init)\r\n************* Module resources_rc\r\nsrc\\gen\\resources_rc.py:1:0: C0302: Too many lines in module (2311/1000) (too-many-lines)\r\nsrc\\gen\\resources_rc.py:8:0: C0103: Constant name \"qt_resource_data\" doesn't conform to UPPER_CASE naming style (invalid-name)\r\nsrc\\gen\\resources_rc.py:2278:0: C0103: Constant name \"qt_resource_name\" doesn't conform to UPPER_CASE naming style (invalid-name)\r\nsrc\\gen\\resources_rc.py:2294:0: C0103: Constant name \"qt_resource_struct\" doesn't conform to UPPER_CASE naming style (invalid-name)\r\nsrc\\gen\\resources_rc.py:2305:0: C0103: Function name \"qInitResources\" doesn't conform to snake_case naming style (invalid-name)\r\nsrc\\gen\\resources_rc.py:2308:0: C0103: Function name \"qCleanupResources\" doesn't conform to snake_case naming style (invalid-name)\r\n************* Module settings\r\nsrc\\gen\\settings.py:2:0: R2044: Line with empty comment (empty-comment)\r\nsrc\\gen\\settings.py:4:0: R2044: Line with empty comment (empty-comment)\r\nsrc\\gen\\settings.py:61:0: C0301: Line too long (158/120) (line-too-long)\r\nsrc\\gen\\settings.py:123:0: C0301: Line too long (151/120) (line-too-long)\r\nsrc\\gen\\settings.py:209:0: C0301: Line too long (162/120) (line-too-long)\r\nsrc\\gen\\settings.py:214:0: C0301: Line too long (121/120) (line-too-long)\r\nsrc\\gen\\settings.py:221:0: C0301: Line too long (177/120) (line-too-long)\r\nsrc\\gen\\settings.py:223:0: C0301: Line too long (181/120) (line-too-long)\r\nsrc\\gen\\settings.py:226:0: C0301: Line too long (461/120) (line-too-long)\r\nsrc\\gen\\settings.py:228:0: C0301: Line too long (192/120) (line-too-long)\r\nsrc\\gen\\settings.py:12:0: C0103: Class name \"Ui_DialogSettings\" doesn't conform to '_?_?[a-zA-Z]+?$' pattern (invalid-name)\r\nsrc\\gen\\settings.py:12:0: R0205: Class 'Ui_DialogSettings' inherits from object, can be safely removed from bases in python3 (useless-object-inheritance)\r\nsrc\\gen\\settings.py:12:0: R0902: Too many instance attributes (35/15) (too-many-instance-attributes)\r\nsrc\\gen\\settings.py:13:4: C0103: Method name \"setupUi\" doesn't conform to snake_case naming style (invalid-name)\r\nsrc\\gen\\settings.py:13:22: C0103: Argument name \"DialogSettings\" doesn't conform to snake_case naming style (invalid-name)\r\nsrc\\gen\\settings.py:16:8: C0103: Variable name \"sizePolicy\" doesn't conform to snake_case naming style (invalid-name)\r\nsrc\\gen\\settings.py:13:4: R0915: Too many statements (190/50) (too-many-statements)\r\nsrc\\gen\\settings.py:205:4: C0103: Method name \"retranslateUi\" doesn't conform to snake_case naming style (invalid-name)\r\nsrc\\gen\\settings.py:205:28: C0103: Argument name \"DialogSettings\" doesn't conform to snake_case naming style (invalid-name)\r\nsrc\\gen\\settings.py:26:8: W0201: Attribute 'capture_settings_groupbox' defined outside __init__ (attribute-defined-outside-init)\r\nsrc\\gen\\settings.py:29:8: W0201: Attribute 'fps_limit_spinbox' defined outside __init__ (attribute-defined-outside-init)\r\nsrc\\gen\\settings.py:36:8: W0201: Attribute 'fps_limit_label' defined outside __init__ (attribute-defined-outside-init)\r\nsrc\\gen\\settings.py:40:8: W0201: Attribute 'live_capture_region_checkbox' defined outside __init__ (attribute-defined-outside-init)\r\nsrc\\gen\\settings.py:46:8: W0201: Attribute 'capture_method_combobox' defined outside __init__ (attribute-defined-outside-init)\r\nsrc\\gen\\settings.py:49:8: W0201: Attribute 'capture_method_label' defined outside __init__ (attribute-defined-outside-init)\r\nsrc\\gen\\settings.py:52:8: W0201: Attribute 'capture_device_label' defined outside __init__ (attribute-defined-outside-init)\r\nsrc\\gen\\settings.py:55:8: W0201: Attribute 'capture_device_combobox' defined outside __init__ (attribute-defined-outside-init)\r\nsrc\\gen\\settings.py:59:8: W0201: Attribute 'image_settings_groupbox' defined outside __init__ (attribute-defined-outside-init)\r\nsrc\\gen\\settings.py:65:8: W0201: Attribute 'default_comparison_method' defined outside __init__ (attribute-defined-outside-init)\r\nsrc\\gen\\settings.py:73:8: W0201: Attribute 'default_comparison_method_label' defined outside __init__ (attribute-defined-outside-init)\r\nsrc\\gen\\settings.py:76:8: W0201: Attribute 'default_pause_time_label' defined outside __init__ (attribute-defined-outside-init)\r\nsrc\\gen\\settings.py:80:8: W0201: Attribute 'default_pause_time_spinbox' defined outside __init__ (attribute-defined-outside-init)\r\nsrc\\gen\\settings.py:87:8: W0201: Attribute 'default_similarity_threshold_label' defined outside __init__ (attribute-defined-outside-init)\r\nsrc\\gen\\settings.py:92:8: W0201: Attribute 'default_similarity_threshold_spinbox' defined outside __init__ (attribute-defined-outside-init)\r\nsrc\\gen\\settings.py:98:8: W0201: Attribute 'loop_splits_checkbox' defined outside __init__ (attribute-defined-outside-init)\r\nsrc\\gen\\settings.py:104:8: W0201: Attribute 'custom_image_settings_info_label' defined outside __init__ (attribute-defined-outside-init)\r\nsrc\\gen\\settings.py:111:8: W0201: Attribute 'default_delay_time_label' defined outside __init__ (attribute-defined-outside-init)\r\nsrc\\gen\\settings.py:116:8: W0201: Attribute 'default_delay_time_spinbox' defined outside __init__ (attribute-defined-outside-init)\r\nsrc\\gen\\settings.py:121:8: W0201: Attribute 'hotkeys_groupbox' defined outside __init__ (attribute-defined-outside-init)\r\nsrc\\gen\\settings.py:127:8: W0201: Attribute 'set_pause_hotkey_button' defined outside __init__ (attribute-defined-outside-init)\r\nsrc\\gen\\settings.py:131:8: W0201: Attribute 'split_input' defined outside __init__ (attribute-defined-outside-init)\r\nsrc\\gen\\settings.py:137:8: W0201: Attribute 'undo_split_input' defined outside __init__ (attribute-defined-outside-init)\r\nsrc\\gen\\settings.py:143:8: W0201: Attribute 'split_label' defined outside __init__ (attribute-defined-outside-init)\r\nsrc\\gen\\settings.py:146:8: W0201: Attribute 'reset_input' defined outside __init__ (attribute-defined-outside-init)\r\nsrc\\gen\\settings.py:152:8: W0201: Attribute 'set_undo_split_hotkey_button' defined outside __init__ (attribute-defined-outside-init)\r\nsrc\\gen\\settings.py:156:8: W0201: Attribute 'reset_label' defined outside __init__ (attribute-defined-outside-init)\r\nsrc\\gen\\settings.py:159:8: W0201: Attribute 'set_reset_hotkey_button' defined outside __init__ (attribute-defined-outside-init)\r\nsrc\\gen\\settings.py:163:8: W0201: Attribute 'set_split_hotkey_button' defined outside __init__ (attribute-defined-outside-init)\r\nsrc\\gen\\settings.py:167:8: W0201: Attribute 'pause_label' defined outside __init__ (attribute-defined-outside-init)\r\nsrc\\gen\\settings.py:170:8: W0201: Attribute 'pause_input' defined outside __init__ (attribute-defined-outside-init)\r\nsrc\\gen\\settings.py:176:8: W0201: Attribute 'undo_split_label' defined outside __init__ (attribute-defined-outside-init)\r\nsrc\\gen\\settings.py:179:8: W0201: Attribute 'set_skip_split_hotkey_button' defined outside __init__ (attribute-defined-outside-init)\r\nsrc\\gen\\settings.py:183:8: W0201: Attribute 'skip_split_label' defined outside __init__ (attribute-defined-outside-init)\r\nsrc\\gen\\settings.py:186:8: W0201: Attribute 'skip_split_input' defined outside __init__ (attribute-defined-outside-init)\r\n************* Module update_checker\r\nsrc\\gen\\update_checker.py:2:0: R2044: Line with empty comment (empty-comment)\r\nsrc\\gen\\update_checker.py:4:0: R2044: Line with empty comment (empty-comment)\r\nsrc\\gen\\update_checker.py:12:0: C0103: Class name \"Ui_UpdateChecker\" doesn't conform to '_?_?[a-zA-Z]+?$' pattern (invalid-name)\r\nsrc\\gen\\update_checker.py:12:0: R0205: Class 'Ui_UpdateChecker' inherits from object, can be safely removed from bases in python3 (useless-object-inheritance)\r\nsrc\\gen\\update_checker.py:13:4: C0103: Method name \"setupUi\" doesn't conform to snake_case naming style (invalid-name)\r\nsrc\\gen\\update_checker.py:13:22: C0103: Argument name \"UpdateChecker\" doesn't conform to snake_case naming style (invalid-name)\r\nsrc\\gen\\update_checker.py:17:8: C0103: Variable name \"sizePolicy\" doesn't conform to snake_case naming style (invalid-name)\r\nsrc\\gen\\update_checker.py:33:8: C0103: Variable name \"sizePolicy\" doesn't conform to snake_case naming style (invalid-name)\r\nsrc\\gen\\update_checker.py:13:4: R0915: Too many statements (56/50) (too-many-statements)\r\nsrc\\gen\\update_checker.py:71:4: C0103: Method name \"retranslateUi\" doesn't conform to snake_case naming style (invalid-name)\r\nsrc\\gen\\update_checker.py:71:28: C0103: Argument name \"UpdateChecker\" doesn't conform to snake_case naming style (invalid-name)\r\nsrc\\gen\\update_checker.py:31:8: W0201: Attribute 'update_status_label' defined outside __init__ (attribute-defined-outside-init)\r\nsrc\\gen\\update_checker.py:39:8: W0201: Attribute 'current_version_label' defined outside __init__ (attribute-defined-outside-init)\r\nsrc\\gen\\update_checker.py:42:8: W0201: Attribute 'latest_version_label' defined outside __init__ (attribute-defined-outside-init)\r\nsrc\\gen\\update_checker.py:45:8: W0201: Attribute 'go_to_download_label' defined outside __init__ (attribute-defined-outside-init)\r\nsrc\\gen\\update_checker.py:48:8: W0201: Attribute 'left_button' defined outside __init__ (attribute-defined-outside-init)\r\nsrc\\gen\\update_checker.py:52:8: W0201: Attribute 'right_button' defined outside __init__ (attribute-defined-outside-init)\r\nsrc\\gen\\update_checker.py:55:8: W0201: Attribute 'current_version_number_label' defined outside __init__ (attribute-defined-outside-init)\r\nsrc\\gen\\update_checker.py:59:8: W0201: Attribute 'latest_version_number_label' defined outside __init__ (attribute-defined-outside-init)\r\nsrc\\gen\\update_checker.py:63:8: W0201: Attribute 'do_not_ask_again_checkbox' defined outside __init__ (attribute-defined-outside-init)\r\nsrc\\gen\\update_checker.py:1:0: R0401: Cyclic import (region_capture -> region_selection) (cyclic-import)\r\nsrc\\gen\\update_checker.py:1:0: R0401: Cyclic import (error_messages -> user_profile -> region_capture -> region_selection) (cyclic-import)\r\nsrc\\gen\\update_checker.py:1:0: R0401: Cyclic import (AutoSplitImage -> split_parser) (cyclic-import)\r\nsrc\\gen\\update_checker.py:1:0: R0401: Cyclic import (AutoControlledWorker -> error_messages -> AutoSplit) (cyclic-import)\r\nsrc\\gen\\update_checker.py:1:0: R0401: Cyclic import (AutoSplit -> user_profile -> region_capture -> region_selection -> error_messages) (cyclic-import)\r\nsrc\\gen\\update_checker.py:1:0: R0401: Cyclic import (AutoSplitImage -> error_messages -> user_profile) (cyclic-import)\r\nsrc\\gen\\update_checker.py:1:0: R0401: Cyclic import (AutoSplit -> menu_bar -> user_profile -> region_capture -> region_selection -> error_messages) (cyclic-import)\r\nsrc\\gen\\update_checker.py:1:0: R0401: Cyclic import (AutoSplit -> region_selection -> error_messages) (cyclic-import)\r\nsrc\\gen\\update_checker.py:1:0: R0401: Cyclic import (AutoSplit -> error_messages) (cyclic-import)\r\nsrc\\gen\\update_checker.py:1:0: R0401: Cyclic import (error_messages -> user_profile -> region_selection) (cyclic-import)\r\nsrc\\gen\\update_checker.py:1:0: R0401: Cyclic import (error_messages -> user_profile) (cyclic-import)\r\nsrc\\gen\\update_checker.py:1:0: R0401: Cyclic import (AutoSplitImage -> split_parser -> error_messages -> user_profile) (cyclic-import)\r\nsrc\\gen\\update_checker.py:1:0: R0401: Cyclic import (AutoSplit -> menu_bar -> region_selection -> error_messages) (cyclic-import)\r\nsrc\\gen\\update_checker.py:1:0: R0401: Cyclic import (AutoSplit -> menu_bar -> error_messages) (cyclic-import)\r\n\r\n--------------------------------------------------------------------------\r\nYour code has been rated at -158.32/10 (previous run: -285.20/10, +126.88)\r\n```\r\n\r\n\r\n### Expected behavior\r\n\r\nsrc\\gen\\* should not be checked\r\n\r\n### Pylint version\r\n\r\n```shell\r\npylint 2.14.1\r\nastroid 2.11.5\r\nPython 3.9.6 (tags/v3.9.6:db3ff76, Jun 28 2021, 15:26:21) [MSC v.1929 64 bit (AMD64)]\r\n```\r\n\r\n\r\n### OS / Environment\r\n\r\nWindows 10.0.19044\r\n\r\n\r\n### Additional dependencies\r\n\r\n_No response_\n",
        "hints_text": "@matusvalo Didn't you fix this recently? Or was this a case we overlooked?\r\n\r\nhttps://github.com/PyCQA/pylint/pull/6528.\nI will check\nI am not able to replicate the issue:\r\n\r\n```\r\n(pylint39) matusg@MacBook-Pro:~/dev/pylint/test$ cat src/gen/test.py\r\nimport bla\r\n(pylint39) matusg@MacBook-Pro:~/dev/pylint/test$ pylint --version\r\npylint 2.14.1\r\nastroid 2.11.6\r\nPython 3.9.12 (main, May  8 2022, 18:05:13)\r\n[Clang 12.0.0 (clang-1200.0.32.29)]\r\n(pylint39) matusg@MacBook-Pro:~/dev/pylint/test$ cat pyproject.toml\r\n[tool.pylint.MASTER]\r\nignore-paths = [\r\n  # Auto generated\r\n  \"^src/gen/.*$\",\r\n]\r\n(pylint39) matusg@MacBook-Pro:~/dev/pylint/test$ pylint --recursive=y src/\r\n(pylint39) matusg@MacBook-Pro:~/dev/pylint/test$\r\n```\r\nI cannot verify the issue on windows.\r\n\r\n> NOTE: Commenting out `\"^src/gen/.*$\",` is yielding pylint errors in `test.py` file, so I consider that `ignore-paths` configuration is applied.\n@Avasam could you provide simple reproducer for the issue?\n> @Avasam could you provide simple reproducer for the issue?\r\n\r\nI too thought this was fixed by #6528. I'll try to come up with a simple repro. In the mean time, this is my project in question: https://github.com/Avasam/Auto-Split/tree/camera-capture-split-cam-option\n@matusvalo I think I've run into a similar (or possibly the same) issue. Trying to reproduce with your example:\r\n\r\n```\r\n% cat src/gen/test.py \r\nimport bla\r\n\r\n% pylint --version\r\npylint 2.13.9\r\nastroid 2.11.5\r\nPython 3.9.13 (main, May 24 2022, 21:28:31) \r\n[Clang 13.1.6 (clang-1316.0.21.2)]\r\n\r\n% cat pyproject.toml \r\n[tool.pylint.MASTER]\r\nignore-paths = [\r\n  # Auto generated\r\n  \"^src/gen/.*$\", \r\n]\r\n\r\n\r\n## Succeeds as expected                                                                                                                                                                                                                                                                           \r\n% pylint --recursive=y src/\r\n\r\n## Fails for some reason\r\n% pylint --recursive=y .   \r\n************* Module test\r\nsrc/gen/test.py:1:0: C0114: Missing module docstring (missing-module-docstring)\r\nsrc/gen/test.py:1:0: E0401: Unable to import 'bla' (import-error)\r\nsrc/gen/test.py:1:0: W0611: Unused import bla (unused-import)\r\n\r\n------------------------------------------------------------------\r\n```\r\n\r\nEDIT: Just upgraded to 2.14.3, and still seems to report the same.\nHmm I can reproduce your error, and now I understand the root cause. The root cause is following. The decision of skipping the path is here:\r\n\r\nhttps://github.com/PyCQA/pylint/blob/3c5eca2ded3dd2b59ebaf23eb289453b5d2930f0/pylint/lint/pylinter.py#L600-L607\r\n\r\n* When you execute pylint with `src/` argument following variables are present:\r\n```python\r\n(Pdb) p root\r\n'src/gen'\r\n(Pdb) p self.config.ignore_paths\r\n[re.compile('^src\\\\\\\\gen\\\\\\\\.*$|^src/gen/.*$')]\r\n```\r\n\r\n* When you uexecute pylint with `.` argument following variables are present:\r\n```python\r\n(Pdb) p root\r\n'./src/gen'\r\n(Pdb) p self.config.ignore_paths\r\n[re.compile('^src\\\\\\\\gen\\\\\\\\.*$|^src/gen/.*$')]\r\n```\r\n\r\nIn the second case, the source is prefixed with `./` which causes that path is not matched. The simple fix should be to use  `os.path.normpath()` https://docs.python.org/3/library/os.path.html#os.path.normpath",
        "created_at": "2022-06-28T17:24:43Z",
        "version": "2.15",
        "FAIL_TO_PASS": "[\"tests/test_self.py::TestRunTC::test_ignore_path_recursive_current_dir\"]",
        "PASS_TO_PASS": "[\"tests/test_self.py::TestRunTC::test_pkginfo\", \"tests/test_self.py::TestRunTC::test_all\", \"tests/test_self.py::TestRunTC::test_no_ext_file\", \"tests/test_self.py::TestRunTC::test_w0704_ignored\", \"tests/test_self.py::TestRunTC::test_exit_zero\", \"tests/test_self.py::TestRunTC::test_nonexistent_config_file\", \"tests/test_self.py::TestRunTC::test_error_missing_arguments\", \"tests/test_self.py::TestRunTC::test_no_out_encoding\", \"tests/test_self.py::TestRunTC::test_parallel_execution\", \"tests/test_self.py::TestRunTC::test_parallel_execution_missing_arguments\", \"tests/test_self.py::TestRunTC::test_enable_all_works\", \"tests/test_self.py::TestRunTC::test_wrong_import_position_when_others_disabled\", \"tests/test_self.py::TestRunTC::test_import_itself_not_accounted_for_relative_imports\", \"tests/test_self.py::TestRunTC::test_reject_empty_indent_strings\", \"tests/test_self.py::TestRunTC::test_json_report_when_file_has_syntax_error\", \"tests/test_self.py::TestRunTC::test_json_report_when_file_is_missing\", \"tests/test_self.py::TestRunTC::test_json_report_does_not_escape_quotes\", \"tests/test_self.py::TestRunTC::test_information_category_disabled_by_default\", \"tests/test_self.py::TestRunTC::test_error_mode_shows_no_score\", \"tests/test_self.py::TestRunTC::test_evaluation_score_shown_by_default\", \"tests/test_self.py::TestRunTC::test_confidence_levels\", \"tests/test_self.py::TestRunTC::test_bom_marker\", \"tests/test_self.py::TestRunTC::test_pylintrc_plugin_duplicate_options\", \"tests/test_self.py::TestRunTC::test_pylintrc_comments_in_values\", \"tests/test_self.py::TestRunTC::test_no_crash_with_formatting_regex_defaults\", \"tests/test_self.py::TestRunTC::test_getdefaultencoding_crashes_with_lc_ctype_utf8\", \"tests/test_self.py::TestRunTC::test_parseable_file_path\", \"tests/test_self.py::TestRunTC::test_stdin[/mymodule.py]\", \"tests/test_self.py::TestRunTC::test_stdin[mymodule.py-mymodule-mymodule.py]\", \"tests/test_self.py::TestRunTC::test_stdin_missing_modulename\", \"tests/test_self.py::TestRunTC::test_relative_imports[False]\", \"tests/test_self.py::TestRunTC::test_relative_imports[True]\", \"tests/test_self.py::TestRunTC::test_stdin_syntaxerror\", \"tests/test_self.py::TestRunTC::test_version\", \"tests/test_self.py::TestRunTC::test_fail_under\", \"tests/test_self.py::TestRunTC::test_fail_on[-10-missing-function-docstring-fail_under_plus7_5.py-16]\", \"tests/test_self.py::TestRunTC::test_fail_on[6-missing-function-docstring-fail_under_plus7_5.py-16]\", \"tests/test_self.py::TestRunTC::test_fail_on[7.5-missing-function-docstring-fail_under_plus7_5.py-16]\", \"tests/test_self.py::TestRunTC::test_fail_on[7.6-missing-function-docstring-fail_under_plus7_5.py-16]\", \"tests/test_self.py::TestRunTC::test_fail_on[-11-missing-function-docstring-fail_under_minus10.py-22]\", \"tests/test_self.py::TestRunTC::test_fail_on[-10-missing-function-docstring-fail_under_minus10.py-22]\", \"tests/test_self.py::TestRunTC::test_fail_on[-9-missing-function-docstring-fail_under_minus10.py-22]\", \"tests/test_self.py::TestRunTC::test_fail_on[-5-missing-function-docstring-fail_under_minus10.py-22]\", \"tests/test_self.py::TestRunTC::test_fail_on[-10-broad-except-fail_under_plus7_5.py-0]\", \"tests/test_self.py::TestRunTC::test_fail_on[6-broad-except-fail_under_plus7_5.py-0]\", \"tests/test_self.py::TestRunTC::test_fail_on[7.5-broad-except-fail_under_plus7_5.py-0]\", \"tests/test_self.py::TestRunTC::test_fail_on[7.6-broad-except-fail_under_plus7_5.py-16]\", \"tests/test_self.py::TestRunTC::test_fail_on[-11-broad-except-fail_under_minus10.py-0]\", \"tests/test_self.py::TestRunTC::test_fail_on[-10-broad-except-fail_under_minus10.py-0]\", \"tests/test_self.py::TestRunTC::test_fail_on[-9-broad-except-fail_under_minus10.py-22]\", \"tests/test_self.py::TestRunTC::test_fail_on[-5-broad-except-fail_under_minus10.py-22]\", \"tests/test_self.py::TestRunTC::test_fail_on[-10-C0116-fail_under_plus7_5.py-16]\", \"tests/test_self.py::TestRunTC::test_fail_on[-10-C-fail_under_plus7_5.py-16]\", \"tests/test_self.py::TestRunTC::test_fail_on[-10-fake1,C,fake2-fail_under_plus7_5.py-16]\", \"tests/test_self.py::TestRunTC::test_fail_on[-10-C0115-fail_under_plus7_5.py-0]\", \"tests/test_self.py::TestRunTC::test_fail_on_edge_case[opts0-0]\", \"tests/test_self.py::TestRunTC::test_fail_on_edge_case[opts1-0]\", \"tests/test_self.py::TestRunTC::test_fail_on_edge_case[opts2-16]\", \"tests/test_self.py::TestRunTC::test_fail_on_edge_case[opts3-16]\", \"tests/test_self.py::TestRunTC::test_modify_sys_path\", \"tests/test_self.py::TestRunTC::test_do_not_import_files_from_local_directory\", \"tests/test_self.py::TestRunTC::test_do_not_import_files_from_local_directory_with_pythonpath\", \"tests/test_self.py::TestRunTC::test_import_plugin_from_local_directory_if_pythonpath_cwd\", \"tests/test_self.py::TestRunTC::test_allow_import_of_files_found_in_modules_during_parallel_check\", \"tests/test_self.py::TestRunTC::test_can_list_directories_without_dunder_init\", \"tests/test_self.py::TestRunTC::test_jobs_score\", \"tests/test_self.py::TestRunTC::test_regression_parallel_mode_without_filepath\", \"tests/test_self.py::TestRunTC::test_output_file_valid_path\", \"tests/test_self.py::TestRunTC::test_output_file_invalid_path_exits_with_code_32\", \"tests/test_self.py::TestRunTC::test_fail_on_exit_code[args0-0]\", \"tests/test_self.py::TestRunTC::test_fail_on_exit_code[args1-0]\", \"tests/test_self.py::TestRunTC::test_fail_on_exit_code[args2-0]\", \"tests/test_self.py::TestRunTC::test_fail_on_exit_code[args3-6]\", \"tests/test_self.py::TestRunTC::test_fail_on_exit_code[args4-6]\", \"tests/test_self.py::TestRunTC::test_fail_on_exit_code[args5-22]\", \"tests/test_self.py::TestRunTC::test_fail_on_exit_code[args6-22]\", \"tests/test_self.py::TestRunTC::test_fail_on_exit_code[args7-6]\", \"tests/test_self.py::TestRunTC::test_fail_on_exit_code[args8-22]\", \"tests/test_self.py::TestRunTC::test_one_module_fatal_error\", \"tests/test_self.py::TestRunTC::test_fail_on_info_only_exit_code[args0-0]\", \"tests/test_self.py::TestRunTC::test_fail_on_info_only_exit_code[args1-0]\", \"tests/test_self.py::TestRunTC::test_fail_on_info_only_exit_code[args2-0]\", \"tests/test_self.py::TestRunTC::test_fail_on_info_only_exit_code[args3-0]\", \"tests/test_self.py::TestRunTC::test_fail_on_info_only_exit_code[args4-0]\", \"tests/test_self.py::TestRunTC::test_fail_on_info_only_exit_code[args5-0]\", \"tests/test_self.py::TestRunTC::test_fail_on_info_only_exit_code[args6-0]\", \"tests/test_self.py::TestRunTC::test_fail_on_info_only_exit_code[args7-1]\", \"tests/test_self.py::TestRunTC::test_fail_on_info_only_exit_code[args8-1]\", \"tests/test_self.py::TestRunTC::test_output_file_can_be_combined_with_output_format_option[text-tests/regrtest_data/unused_variable.py:4:4:\", \"tests/test_self.py::TestRunTC::test_output_file_can_be_combined_with_output_format_option[parseable-tests/regrtest_data/unused_variable.py:4:\", \"tests/test_self.py::TestRunTC::test_output_file_can_be_combined_with_output_format_option[msvs-tests/regrtest_data/unused_variable.py(4):\", \"tests/test_self.py::TestRunTC::test_output_file_can_be_combined_with_output_format_option[colorized-tests/regrtest_data/unused_variable.py:4:4:\", \"tests/test_self.py::TestRunTC::test_output_file_can_be_combined_with_output_format_option[json-\\\"message\\\":\", \"tests/test_self.py::TestRunTC::test_output_file_can_be_combined_with_custom_reporter\", \"tests/test_self.py::TestRunTC::test_output_file_specified_in_rcfile\", \"tests/test_self.py::TestRunTC::test_load_text_repoter_if_not_provided\", \"tests/test_self.py::TestRunTC::test_regex_paths_csv_validator\", \"tests/test_self.py::TestRunTC::test_max_inferred_for_complicated_class_hierarchy\", \"tests/test_self.py::TestRunTC::test_regression_recursive\", \"tests/test_self.py::TestRunTC::test_recursive\", \"tests/test_self.py::TestRunTC::test_ignore_recursive\", \"tests/test_self.py::TestRunTC::test_ignore_pattern_recursive\", \"tests/test_self.py::TestRunTC::test_ignore_path_recursive\", \"tests/test_self.py::TestRunTC::test_recursive_current_dir\", \"tests/test_self.py::TestRunTC::test_regression_recursive_current_dir\", \"tests/test_self.py::TestCallbackOptions::test_output_of_callback_options[command0-Emittable\", \"tests/test_self.py::TestCallbackOptions::test_output_of_callback_options[command1-Enabled\", \"tests/test_self.py::TestCallbackOptions::test_output_of_callback_options[command2-nonascii-checker]\", \"tests/test_self.py::TestCallbackOptions::test_output_of_callback_options[command3-Confidence(name='HIGH',\", \"tests/test_self.py::TestCallbackOptions::test_output_of_callback_options[command4-pylint.extensions.empty_comment]\", \"tests/test_self.py::TestCallbackOptions::test_output_of_callback_options[command5-Pylint\", \"tests/test_self.py::TestCallbackOptions::test_output_of_callback_options[command6-Environment\", \"tests/test_self.py::TestCallbackOptions::test_help_msg[args0-:unreachable\", \"tests/test_self.py::TestCallbackOptions::test_help_msg[args1-No\", \"tests/test_self.py::TestCallbackOptions::test_help_msg[args2---help-msg:\", \"tests/test_self.py::TestCallbackOptions::test_generate_rcfile\", \"tests/test_self.py::TestCallbackOptions::test_generate_config_disable_symbolic_names\", \"tests/test_self.py::TestCallbackOptions::test_errors_only\", \"tests/test_self.py::TestCallbackOptions::test_errors_only_functions_as_disable\", \"tests/test_self.py::TestCallbackOptions::test_verbose\", \"tests/test_self.py::TestCallbackOptions::test_enable_all_extensions\"]",
        "environment_setup_commit": "e90702074e68e20dc8e5df5013ee3ecf22139c3e",
        "issue_title": "`--recursive=y` ignores `ignore-paths`",
        "test_file": "/home/fdse/wy/RepoCodeEdit/data/raw_repo_lite/pylint/tests/input/ignore_except_pass_by_default.py",
        "searched_functions": []
    },
    {
        "repo": "pylint-dev/pylint",
        "instance_id": "pylint-dev__pylint-7993",
        "base_commit": "e90702074e68e20dc8e5df5013ee3ecf22139c3e",
        "patch": "diff --git a/pylint/reporters/text.py b/pylint/reporters/text.py\n--- a/pylint/reporters/text.py\n+++ b/pylint/reporters/text.py\n@@ -175,7 +175,7 @@ def on_set_current_module(self, module: str, filepath: str | None) -> None:\n         self._template = template\n \n         # Check to see if all parameters in the template are attributes of the Message\n-        arguments = re.findall(r\"\\{(.+?)(:.*)?\\}\", template)\n+        arguments = re.findall(r\"\\{(\\w+?)(:.*)?\\}\", template)\n         for argument in arguments:\n             if argument[0] not in MESSAGE_FIELDS:\n                 warnings.warn(\n",
        "test_patch": "diff --git a/tests/reporters/unittest_reporting.py b/tests/reporters/unittest_reporting.py\n--- a/tests/reporters/unittest_reporting.py\n+++ b/tests/reporters/unittest_reporting.py\n@@ -14,6 +14,7 @@\n from typing import TYPE_CHECKING\n \n import pytest\n+from _pytest.recwarn import WarningsRecorder\n \n from pylint import checkers\n from pylint.interfaces import HIGH\n@@ -88,16 +89,12 @@ def test_template_option_non_existing(linter) -> None:\n     \"\"\"\n     output = StringIO()\n     linter.reporter.out = output\n-    linter.config.msg_template = (\n-        \"{path}:{line}:{a_new_option}:({a_second_new_option:03d})\"\n-    )\n+    linter.config.msg_template = \"{path}:{line}:{categ}:({a_second_new_option:03d})\"\n     linter.open()\n     with pytest.warns(UserWarning) as records:\n         linter.set_current_module(\"my_mod\")\n         assert len(records) == 2\n-        assert (\n-            \"Don't recognize the argument 'a_new_option'\" in records[0].message.args[0]\n-        )\n+        assert \"Don't recognize the argument 'categ'\" in records[0].message.args[0]\n     assert (\n         \"Don't recognize the argument 'a_second_new_option'\"\n         in records[1].message.args[0]\n@@ -113,7 +110,24 @@ def test_template_option_non_existing(linter) -> None:\n     assert out_lines[2] == \"my_mod:2::()\"\n \n \n-def test_deprecation_set_output(recwarn):\n+def test_template_option_with_header(linter: PyLinter) -> None:\n+    output = StringIO()\n+    linter.reporter.out = output\n+    linter.config.msg_template = '{{ \"Category\": \"{category}\" }}'\n+    linter.open()\n+    linter.set_current_module(\"my_mod\")\n+\n+    linter.add_message(\"C0301\", line=1, args=(1, 2))\n+    linter.add_message(\n+        \"line-too-long\", line=2, end_lineno=2, end_col_offset=4, args=(3, 4)\n+    )\n+\n+    out_lines = output.getvalue().split(\"\\n\")\n+    assert out_lines[1] == '{ \"Category\": \"convention\" }'\n+    assert out_lines[2] == '{ \"Category\": \"convention\" }'\n+\n+\n+def test_deprecation_set_output(recwarn: WarningsRecorder) -> None:\n     \"\"\"TODO remove in 3.0.\"\"\"\n     reporter = BaseReporter()\n     # noinspection PyDeprecation\n",
        "problem_statement": "Using custom braces in message template does not work\n### Bug description\n\nHave any list of errors:\r\n\r\nOn pylint 1.7 w/ python3.6 - I am able to use this as my message template\r\n```\r\n$ pylint test.py --msg-template='{{ \"Category\": \"{category}\" }}'\r\nNo config file found, using default configuration\r\n************* Module [redacted].test\r\n{ \"Category\": \"convention\" }\r\n{ \"Category\": \"error\" }\r\n{ \"Category\": \"error\" }\r\n{ \"Category\": \"convention\" }\r\n{ \"Category\": \"convention\" }\r\n{ \"Category\": \"convention\" }\r\n{ \"Category\": \"error\" }\r\n```\r\n\r\nHowever, on Python3.9 with Pylint 2.12.2, I get the following:\r\n```\r\n$ pylint test.py --msg-template='{{ \"Category\": \"{category}\" }}'\r\n[redacted]/site-packages/pylint/reporters/text.py:206: UserWarning: Don't recognize the argument '{ \"Category\"' in the --msg-template. Are you sure it is supported on the current version of pylint?\r\n  warnings.warn(\r\n************* Module [redacted].test\r\n\" }\r\n\" }\r\n\" }\r\n\" }\r\n\" }\r\n\" }\r\n```\r\n\r\nIs this intentional or a bug?\n\n### Configuration\n\n_No response_\n\n### Command used\n\n```shell\npylint test.py --msg-template='{{ \"Category\": \"{category}\" }}'\n```\n\n\n### Pylint output\n\n```shell\n[redacted]/site-packages/pylint/reporters/text.py:206: UserWarning: Don't recognize the argument '{ \"Category\"' in the --msg-template. Are you sure it is supported on the current version of pylint?\r\n  warnings.warn(\r\n************* Module [redacted].test\r\n\" }\r\n\" }\r\n\" }\r\n\" }\r\n\" }\r\n\" }\n```\n\n\n### Expected behavior\n\nExpect the dictionary to print out with `\"Category\"` as the key.\n\n### Pylint version\n\n```shell\nAffected Version:\r\npylint 2.12.2\r\nastroid 2.9.2\r\nPython 3.9.9+ (heads/3.9-dirty:a2295a4, Dec 21 2021, 22:32:52) \r\n[GCC 4.8.5 20150623 (Red Hat 4.8.5-44)]\r\n\r\n\r\nPreviously working version:\r\nNo config file found, using default configuration\r\npylint 1.7.4, \r\nastroid 1.6.6\r\nPython 3.6.8 (default, Nov 16 2020, 16:55:22) \r\n[GCC 4.8.5 20150623 (Red Hat 4.8.5-44)]\n```\n\n\n### OS / Environment\n\n_No response_\n\n### Additional dependencies\n\n_No response_\n",
        "hints_text": "Subsequently, there is also this behavior with the quotes\r\n```\r\n$ pylint test.py --msg-template='\"Category\": \"{category}\"'\r\n************* Module test\r\nCategory\": \"convention\r\nCategory\": \"error\r\nCategory\": \"error\r\nCategory\": \"convention\r\nCategory\": \"convention\r\nCategory\": \"error\r\n\r\n$ pylint test.py --msg-template='\"\"Category\": \"{category}\"\"'\r\n************* Module test\r\n\"Category\": \"convention\"\r\n\"Category\": \"error\"\r\n\"Category\": \"error\"\r\n\"Category\": \"convention\"\r\n\"Category\": \"convention\"\r\n\"Category\": \"error\"\r\n```\nCommit that changed the behavior was probably this one: https://github.com/PyCQA/pylint/commit/7c3533ca48e69394391945de1563ef7f639cd27d#diff-76025f0bc82e83cb406321006fbca12c61a10821834a3164620fc17c978f9b7e\r\n\r\nAnd I tested on 2.11.1 that it is working as intended on that version.\nThanks for digging into this !",
        "created_at": "2022-12-27T18:20:50Z",
        "version": "2.15",
        "FAIL_TO_PASS": "[\"tests/reporters/unittest_reporting.py::test_template_option_with_header\"]",
        "PASS_TO_PASS": "[\"tests/reporters/unittest_reporting.py::test_template_option\", \"tests/reporters/unittest_reporting.py::test_template_option_default\", \"tests/reporters/unittest_reporting.py::test_template_option_end_line\", \"tests/reporters/unittest_reporting.py::test_template_option_non_existing\", \"tests/reporters/unittest_reporting.py::test_deprecation_set_output\", \"tests/reporters/unittest_reporting.py::test_parseable_output_deprecated\", \"tests/reporters/unittest_reporting.py::test_parseable_output_regression\", \"tests/reporters/unittest_reporting.py::test_multi_format_output\", \"tests/reporters/unittest_reporting.py::test_multi_reporter_independant_messages\", \"tests/reporters/unittest_reporting.py::test_display_results_is_renamed\"]",
        "environment_setup_commit": "e90702074e68e20dc8e5df5013ee3ecf22139c3e",
        "issue_title": "Using custom braces in message template does not work",
        "test_file": "/home/fdse/wy/RepoCodeEdit/data/raw_repo_lite/pylint/tests/reporters/unittest_reporting.py",
        "searched_functions": [
            "def test_template_option_non_existing(linter) -> None:\n    \"\"\"Test the msg-template option with non-existent options.\n    This makes sure that this option remains backwards compatible as new\n    parameters do not break on previous versions\n    \"\"\"\n    output = StringIO()\n    linter.reporter.out = output\n    linter.config.msg_template = (\n        \"{path}:{line}:{a_new_option}:({a_second_new_option:03d})\"\n    )\n    linter.open()\n    with pytest.warns(UserWarning) as records:\n        linter.set_current_module(\"my_mod\")\n        assert len(records) == 2\n        assert (\n            \"Don't recognize the argument 'a_new_option'\" in records[0].message.args[0]\n        )\n    assert (\n        \"Don't recognize the argument 'a_second_new_option'\"\n        in records[1].message.args[0]\n    )\n\n    linter.add_message(\"C0301\", line=1, args=(1, 2))\n    linter.add_message(\n        \"line-too-long\", line=2, end_lineno=2, end_col_offset=4, args=(3, 4)\n    )\n\n    out_lines = output.getvalue().split(\"\\n\")\n    assert out_lines[1] == \"my_mod:1::()\"\n    assert out_lines[2] == \"my_mod:2::()\"",
            "def test_template_option_end_line(linter) -> None:\n    \"\"\"Test the msg-template option with end_line and end_column.\"\"\"\n    output = StringIO()\n    linter.reporter.out = output\n    linter.config.msg_template = (\n        \"{path}:{line}:{column}:{end_line}:{end_column}: {msg_id}: {msg} ({symbol})\"\n    )\n    linter.open()\n    linter.set_current_module(\"my_mod\")\n    linter.add_message(\"C0301\", line=1, args=(1, 2))\n    linter.add_message(\n        \"line-too-long\", line=2, end_lineno=2, end_col_offset=4, args=(3, 4)\n    )\n\n    out_lines = output.getvalue().split(\"\\n\")\n    assert out_lines[1] == \"my_mod:1:0::: C0301: Line too long (1/2) (line-too-long)\"\n    assert out_lines[2] == \"my_mod:2:0:2:4: C0301: Line too long (3/4) (line-too-long)\"",
            "def test_template_option(linter):\n    output = StringIO()\n    linter.reporter.out = output\n    linter.config.msg_template = \"{msg_id}:{line:03d}\"\n    linter.open()\n    linter.set_current_module(\"0123\")\n    linter.add_message(\"C0301\", line=1, args=(1, 2))\n    linter.add_message(\"line-too-long\", line=2, args=(3, 4))\n    assert output.getvalue() == \"************* Module 0123\\nC0301:001\\nC0301:002\\n\"",
            "def test_template_option_default(linter) -> None:\n    \"\"\"Test the default msg-template setting.\"\"\"\n    output = StringIO()\n    linter.reporter.out = output\n    linter.open()\n    linter.set_current_module(\"my_module\")\n    linter.add_message(\"C0301\", line=1, args=(1, 2))\n    linter.add_message(\"line-too-long\", line=2, args=(3, 4))\n\n    out_lines = output.getvalue().split(\"\\n\")\n    assert out_lines[1] == \"my_module:1:0: C0301: Line too long (1/2) (line-too-long)\"\n    assert out_lines[2] == \"my_module:2:0: C0301: Line too long (3/4) (line-too-long)\"",
            "def handle_message(self, msg: Message) -> None:\n            msg.msg = \"Modified message\"",
            "def test_parseable_output_deprecated():\n    with warnings.catch_warnings(record=True) as cm:\n        warnings.simplefilter(\"always\")\n        ParseableTextReporter()\n\n    assert len(cm) == 1\n    assert isinstance(cm[0].message, DeprecationWarning)",
            "def writeln(self, string=\"\"):\n        pass",
            "def handle_message(self, msg: Message) -> None:\n            assert (\n                msg.msg == check_message\n            ), \"Message object should not be changed by other reporters.\"",
            "def writeln(self, string: str = \"\") -> None:\n            pass",
            "def writeln(self, string: str = \"\") -> None:\n            pass"
        ]
    },
    {
        "repo": "pylint-dev/pylint",
        "instance_id": "pylint-dev__pylint-6506",
        "base_commit": "0a4204fd7555cfedd43f43017c94d24ef48244a5",
        "patch": "diff --git a/pylint/config/config_initialization.py b/pylint/config/config_initialization.py\n--- a/pylint/config/config_initialization.py\n+++ b/pylint/config/config_initialization.py\n@@ -81,8 +81,7 @@ def _config_initialization(\n             unrecognized_options.append(opt[1:])\n     if unrecognized_options:\n         msg = \", \".join(unrecognized_options)\n-        linter.add_message(\"unrecognized-option\", line=0, args=msg)\n-        raise _UnrecognizedOptionError(options=unrecognized_options)\n+        linter._arg_parser.error(f\"Unrecognized option found: {msg}\")\n \n     # Set the current module to configuration as we don't know where\n     # the --load-plugins key is coming from\n",
        "test_patch": "diff --git a/tests/config/test_config.py b/tests/config/test_config.py\n--- a/tests/config/test_config.py\n+++ b/tests/config/test_config.py\n@@ -10,7 +10,6 @@\n import pytest\n from pytest import CaptureFixture\n \n-from pylint.config.exceptions import _UnrecognizedOptionError\n from pylint.lint import Run as LintRun\n from pylint.testutils._run import _Run as Run\n from pylint.testutils.configuration_test import run_using_a_configuration_file\n@@ -65,18 +64,20 @@ def test_unknown_message_id(capsys: CaptureFixture) -> None:\n \n def test_unknown_option_name(capsys: CaptureFixture) -> None:\n     \"\"\"Check that we correctly raise a message on an unknown option.\"\"\"\n-    with pytest.raises(_UnrecognizedOptionError):\n+    with pytest.raises(SystemExit):\n         Run([str(EMPTY_MODULE), \"--unknown-option=yes\"], exit=False)\n     output = capsys.readouterr()\n-    assert \"E0015: Unrecognized option found: unknown-option=yes\" in output.out\n+    assert \"usage: pylint\" in output.err\n+    assert \"Unrecognized option\" in output.err\n \n \n def test_unknown_short_option_name(capsys: CaptureFixture) -> None:\n     \"\"\"Check that we correctly raise a message on an unknown short option.\"\"\"\n-    with pytest.raises(_UnrecognizedOptionError):\n+    with pytest.raises(SystemExit):\n         Run([str(EMPTY_MODULE), \"-Q\"], exit=False)\n     output = capsys.readouterr()\n-    assert \"E0015: Unrecognized option found: Q\" in output.out\n+    assert \"usage: pylint\" in output.err\n+    assert \"Unrecognized option\" in output.err\n \n \n def test_unknown_confidence(capsys: CaptureFixture) -> None:\n",
        "problem_statement": "Traceback printed for unrecognized option\n### Bug description\n\nA traceback is printed when an unrecognized option is passed to pylint.\n\n### Configuration\n\n_No response_\n\n### Command used\n\n```shell\npylint -Q\n```\n\n\n### Pylint output\n\n```shell\n************* Module Command line\r\nCommand line:1:0: E0015: Unrecognized option found: Q (unrecognized-option)\r\nTraceback (most recent call last):\r\n  File \"/Users/markbyrne/venv310/bin/pylint\", line 33, in <module>\r\n    sys.exit(load_entry_point('pylint', 'console_scripts', 'pylint')())\r\n  File \"/Users/markbyrne/programming/pylint/pylint/__init__.py\", line 24, in run_pylint\r\n    PylintRun(argv or sys.argv[1:])\r\n  File \"/Users/markbyrne/programming/pylint/pylint/lint/run.py\", line 135, in __init__\r\n    args = _config_initialization(\r\n  File \"/Users/markbyrne/programming/pylint/pylint/config/config_initialization.py\", line 85, in _config_initialization\r\n    raise _UnrecognizedOptionError(options=unrecognized_options)\r\npylint.config.exceptions._UnrecognizedOptionError\n```\n\n\n### Expected behavior\n\nThe top part of the current output is handy:\r\n`Command line:1:0: E0015: Unrecognized option found: Q (unrecognized-option)`\r\n\r\nThe traceback I don't think is expected & not user-friendly.\r\nA usage tip, for example:\r\n```python\r\nmypy -Q\r\nusage: mypy [-h] [-v] [-V] [more options; see below]\r\n            [-m MODULE] [-p PACKAGE] [-c PROGRAM_TEXT] [files ...]\r\nmypy: error: unrecognized arguments: -Q\r\n```\n\n### Pylint version\n\n```shell\npylint 2.14.0-dev0\r\nastroid 2.11.3\r\nPython 3.10.0b2 (v3.10.0b2:317314165a, May 31 2021, 10:02:22) [Clang 12.0.5 (clang-1205.0.22.9)]\n```\n\n\n### OS / Environment\n\n_No response_\n\n### Additional dependencies\n\n_No response_\n",
        "hints_text": "@Pierre-Sassoulas Agreed that this is a blocker for `2.14` but not necessarily for the beta. This is just a \"nice-to-have\".\r\n\r\nThanks @mbyrnepr2 for reporting though!\n\ud83d\udc4d the blocker are for the final release only. We could add a 'beta-blocker' label, that would be very humorous !",
        "created_at": "2022-05-05T13:01:41Z",
        "version": "2.14",
        "FAIL_TO_PASS": "[\"tests/config/test_config.py::test_unknown_option_name\", \"tests/config/test_config.py::test_unknown_short_option_name\"]",
        "PASS_TO_PASS": "[\"tests/config/test_config.py::test_can_read_toml_env_variable\", \"tests/config/test_config.py::test_unknown_message_id\", \"tests/config/test_config.py::test_unknown_confidence\", \"tests/config/test_config.py::test_unknown_yes_no\", \"tests/config/test_config.py::test_unknown_py_version\", \"tests/config/test_config.py::test_short_verbose\"]",
        "environment_setup_commit": "680edebc686cad664bbed934a490aeafa775f163",
        "issue_title": "Traceback printed for unrecognized option",
        "test_file": "/home/fdse/wy/RepoCodeEdit/data/raw_repo_lite/pylint/tests/config/test_config.py",
        "searched_functions": [
            "def test_unknown_short_option_name(capsys: CaptureFixture) -> None:\n    \"\"\"Check that we correctly raise a message on an unknown short option.\"\"\"\n    with pytest.raises(_UnrecognizedOptionError):\n        Run([str(EMPTY_MODULE), \"-Q\"], exit=False)\n    output = capsys.readouterr()\n    assert \"E0015: Unrecognized option found: Q\" in output.out",
            "def test_unknown_option_name(capsys: CaptureFixture) -> None:\n    \"\"\"Check that we correctly raise a message on an unknown option.\"\"\"\n    with pytest.raises(_UnrecognizedOptionError):\n        Run([str(EMPTY_MODULE), \"--unknown-option=yes\"], exit=False)\n    output = capsys.readouterr()\n    assert \"E0015: Unrecognized option found: unknown-option=yes\" in output.out",
            "def test_unknown_message_id(capsys: CaptureFixture) -> None:\n    \"\"\"Check that we correctly raise a message on an unknown id.\"\"\"\n    Run([str(EMPTY_MODULE), \"--disable=12345\"], exit=False)\n    output = capsys.readouterr()\n    assert \"Command line:1:0: E0012: Bad option value for --disable.\" in output.out",
            "def test_unknown_py_version(capsys: CaptureFixture) -> None:\n    \"\"\"Check that we correctly error on an unknown python-version.\"\"\"\n    with pytest.raises(SystemExit):\n        Run([str(EMPTY_MODULE), \"--py-version=the-newest\"], exit=False)\n    output = capsys.readouterr()\n    assert \"the-newest has an invalid format, should be a version string.\" in output.err",
            "def test_unknown_yes_no(capsys: CaptureFixture) -> None:\n    \"\"\"Check that we correctly error on an unknown yes/no value.\"\"\"\n    with pytest.raises(SystemExit):\n        Run([str(EMPTY_MODULE), \"--reports=maybe\"], exit=False)\n    output = capsys.readouterr()\n    assert \"Invalid yn value 'maybe', should be in \" in output.err",
            "def test_unknown_confidence(capsys: CaptureFixture) -> None:\n    \"\"\"Check that we correctly error an unknown confidence value.\"\"\"\n    with pytest.raises(SystemExit):\n        Run([str(EMPTY_MODULE), \"--confidence=UNKNOWN_CONFIG\"], exit=False)\n    output = capsys.readouterr()\n    assert \"argument --confidence: UNKNOWN_CONFIG should be in\" in output.err",
            "def test_short_verbose(capsys: CaptureFixture) -> None:\n    \"\"\"Check that we correctly handle the -v flag.\"\"\"\n    Run([str(EMPTY_MODULE), \"-v\"], exit=False)\n    output = capsys.readouterr()\n    assert \"Using config file\" in output.err",
            "def check_configuration_file_reader(\n    runner: LintRun,\n    expected_disabled: set[str] | None = None,\n    expected_jobs: int = 10,\n    expected_reports_truthey: bool = True,\n) -> None:\n    \"\"\"Check that what we initialized the linter with what was expected.\"\"\"\n    if expected_disabled is None:\n        # \"logging-not-lazy\" and \"logging-format-interpolation\"\n        expected_disabled = {\"W1201\", \"W1202\"}\n    for msgid in expected_disabled:\n        assert not runner.linter.is_message_enabled(msgid)\n    assert runner.linter.config.jobs == expected_jobs\n    assert bool(runner.linter.config.reports) == expected_reports_truthey",
            "def test_can_read_toml_env_variable(tmp_path: Path, file_to_lint_path: str) -> None:\n    \"\"\"We can read and open a properly formatted toml file.\"\"\"\n    config_file = tmp_path / \"pyproject.toml\"\n    config_file.write_text(\n        \"\"\"\n[tool.pylint.\"messages control\"]\ndisable = \"logging-not-lazy,logging-format-interpolation\"\njobs = \"10\"\nreports = \"yes\"\n\"\"\"\n    )\n    env_var = \"tmp_path_env\"\n    os.environ[env_var] = str(config_file)\n    mock_exit, _, runner = run_using_a_configuration_file(\n        f\"${env_var}\", file_to_lint_path\n    )\n    mock_exit.assert_called_once_with(0)\n    check_configuration_file_reader(runner)"
        ]
    },
    {
        "repo": "pylint-dev/pylint",
        "instance_id": "pylint-dev__pylint-5859",
        "base_commit": "182cc539b8154c0710fcea7e522267e42eba8899",
        "patch": "diff --git a/pylint/checkers/misc.py b/pylint/checkers/misc.py\n--- a/pylint/checkers/misc.py\n+++ b/pylint/checkers/misc.py\n@@ -121,9 +121,9 @@ def open(self):\n \n         notes = \"|\".join(re.escape(note) for note in self.config.notes)\n         if self.config.notes_rgx:\n-            regex_string = rf\"#\\s*({notes}|{self.config.notes_rgx})\\b\"\n+            regex_string = rf\"#\\s*({notes}|{self.config.notes_rgx})(?=(:|\\s|\\Z))\"\n         else:\n-            regex_string = rf\"#\\s*({notes})\\b\"\n+            regex_string = rf\"#\\s*({notes})(?=(:|\\s|\\Z))\"\n \n         self._fixme_pattern = re.compile(regex_string, re.I)\n \n",
        "test_patch": "diff --git a/tests/checkers/unittest_misc.py b/tests/checkers/unittest_misc.py\n--- a/tests/checkers/unittest_misc.py\n+++ b/tests/checkers/unittest_misc.py\n@@ -68,6 +68,16 @@ def test_without_space_fixme(self) -> None:\n         ):\n             self.checker.process_tokens(_tokenize_str(code))\n \n+    @set_config(notes=[\"???\"])\n+    def test_non_alphanumeric_codetag(self) -> None:\n+        code = \"\"\"a = 1\n+                #???\n+                \"\"\"\n+        with self.assertAddsMessages(\n+            MessageTest(msg_id=\"fixme\", line=2, args=\"???\", col_offset=17)\n+        ):\n+            self.checker.process_tokens(_tokenize_str(code))\n+\n     @set_config(notes=[])\n     def test_absent_codetag(self) -> None:\n         code = \"\"\"a = 1\n",
        "problem_statement": "\"--notes\" option ignores note tags that are entirely punctuation\n### Bug description\n\nIf a note tag specified with the `--notes` option is entirely punctuation, pylint won't report a fixme warning (W0511).\r\n\r\n```python\r\n# YES: yes\r\n# ???: no\r\n```\r\n\r\n`pylint test.py --notes=\"YES,???\"` will return a fixme warning (W0511) for the first line, but not the second.\n\n### Configuration\n\n```ini\nDefault\n```\n\n\n### Command used\n\n```shell\npylint test.py --notes=\"YES,???\"\n```\n\n\n### Pylint output\n\n```shell\n************* Module test\r\ntest.py:1:1: W0511: YES: yes (fixme)\n```\n\n\n### Expected behavior\n\n```\r\n************* Module test\r\ntest.py:1:1: W0511: YES: yes (fixme)\r\ntest.py:2:1: W0511: ???: no (fixme)\r\n```\n\n### Pylint version\n\n```shell\npylint 2.12.2\r\nastroid 2.9.0\r\nPython 3.10.2 (main, Feb  2 2022, 05:51:25) [Clang 13.0.0 (clang-1300.0.29.3)]\n```\n\n\n### OS / Environment\n\nmacOS 11.6.1\n\n### Additional dependencies\n\n_No response_\n",
        "hints_text": "Did a little investigation, this is we're actually converting this option in a regular expression pattern (thereby making it awfully similar to the `notes-rgx` option). Since `?` is a special character in regex this doesn't get picked up. Using `\\?\\?\\?` in either `notes` or `notes-rgx` should work.",
        "created_at": "2022-03-04T00:01:54Z",
        "version": "2.13",
        "FAIL_TO_PASS": "[\"tests/checkers/unittest_misc.py::TestFixme::test_non_alphanumeric_codetag\"]",
        "PASS_TO_PASS": "[\"tests/checkers/unittest_misc.py::TestFixme::test_fixme_with_message\", \"tests/checkers/unittest_misc.py::TestFixme::test_todo_without_message\", \"tests/checkers/unittest_misc.py::TestFixme::test_xxx_without_space\", \"tests/checkers/unittest_misc.py::TestFixme::test_xxx_middle\", \"tests/checkers/unittest_misc.py::TestFixme::test_without_space_fixme\", \"tests/checkers/unittest_misc.py::TestFixme::test_absent_codetag\", \"tests/checkers/unittest_misc.py::TestFixme::test_other_present_codetag\", \"tests/checkers/unittest_misc.py::TestFixme::test_issue_2321_should_not_trigger\", \"tests/checkers/unittest_misc.py::TestFixme::test_issue_2321_should_trigger\", \"tests/checkers/unittest_misc.py::TestFixme::test_dont_trigger_on_todoist\"]",
        "environment_setup_commit": "3b2fbaec045697d53bdd4435e59dbfc2b286df4b",
        "issue_title": "\"--notes\" option ignores note tags that are entirely punctuation",
        "test_file": "/home/fdse/wy/RepoCodeEdit/data/raw_repo_lite/pylint/tests/input/ignore_except_pass_by_default.py",
        "searched_functions": []
    }
]