[
    {
        "repo": "pytest-dev/pytest",
        "instance_id": "pytest-dev__pytest-5221",
        "base_commit": "4a2fdce62b73944030cff9b3e52862868ca9584d",
        "patch": "diff --git a/src/_pytest/python.py b/src/_pytest/python.py\n--- a/src/_pytest/python.py\n+++ b/src/_pytest/python.py\n@@ -1342,17 +1342,19 @@ def _showfixtures_main(config, session):\n                 currentmodule = module\n         if verbose <= 0 and argname[0] == \"_\":\n             continue\n+        tw.write(argname, green=True)\n+        if fixturedef.scope != \"function\":\n+            tw.write(\" [%s scope]\" % fixturedef.scope, cyan=True)\n         if verbose > 0:\n-            funcargspec = \"%s -- %s\" % (argname, bestrel)\n-        else:\n-            funcargspec = argname\n-        tw.line(funcargspec, green=True)\n+            tw.write(\" -- %s\" % bestrel, yellow=True)\n+        tw.write(\"\\n\")\n         loc = getlocation(fixturedef.func, curdir)\n         doc = fixturedef.func.__doc__ or \"\"\n         if doc:\n             write_docstring(tw, doc)\n         else:\n             tw.line(\"    %s: no docstring available\" % (loc,), red=True)\n+        tw.line()\n \n \n def write_docstring(tw, doc, indent=\"    \"):\n",
        "test_patch": "diff --git a/testing/python/fixtures.py b/testing/python/fixtures.py\n--- a/testing/python/fixtures.py\n+++ b/testing/python/fixtures.py\n@@ -3037,11 +3037,25 @@ def test_funcarg_compat(self, testdir):\n \n     def test_show_fixtures(self, testdir):\n         result = testdir.runpytest(\"--fixtures\")\n-        result.stdout.fnmatch_lines([\"*tmpdir*\", \"*temporary directory*\"])\n+        result.stdout.fnmatch_lines(\n+            [\n+                \"tmpdir_factory [[]session scope[]]\",\n+                \"*for the test session*\",\n+                \"tmpdir\",\n+                \"*temporary directory*\",\n+            ]\n+        )\n \n     def test_show_fixtures_verbose(self, testdir):\n         result = testdir.runpytest(\"--fixtures\", \"-v\")\n-        result.stdout.fnmatch_lines([\"*tmpdir*--*tmpdir.py*\", \"*temporary directory*\"])\n+        result.stdout.fnmatch_lines(\n+            [\n+                \"tmpdir_factory [[]session scope[]] -- *tmpdir.py*\",\n+                \"*for the test session*\",\n+                \"tmpdir -- *tmpdir.py*\",\n+                \"*temporary directory*\",\n+            ]\n+        )\n \n     def test_show_fixtures_testmodule(self, testdir):\n         p = testdir.makepyfile(\n",
        "problem_statement": "Display fixture scope with `pytest --fixtures`\nIt would be useful to show fixture scopes with `pytest --fixtures`; currently the only way to learn the scope of a fixture is look at the docs (when that is documented) or at the source code.\n",
        "hints_text": "",
        "created_at": "2019-05-06T22:36:44Z",
        "version": "4.4",
        "FAIL_TO_PASS": "[\"testing/python/fixtures.py::TestShowFixtures::test_show_fixtures\", \"testing/python/fixtures.py::TestShowFixtures::test_show_fixtures_verbose\"]",
        "PASS_TO_PASS": "[\"testing/python/fixtures.py::test_getfuncargnames\", \"testing/python/fixtures.py::TestFillFixtures::test_fillfuncargs_exposed\", \"testing/python/fixtures.py::TestShowFixtures::test_fixture_disallow_twice\", \"testing/python/fixtures.py::test_call_fixture_function_error\", \"testing/python/fixtures.py::TestFillFixtures::test_funcarg_lookupfails\", \"testing/python/fixtures.py::TestFillFixtures::test_detect_recursive_dependency_error\", \"testing/python/fixtures.py::TestFillFixtures::test_funcarg_basic\", \"testing/python/fixtures.py::TestFillFixtures::test_funcarg_lookup_modulelevel\", \"testing/python/fixtures.py::TestFillFixtures::test_funcarg_lookup_classlevel\", \"testing/python/fixtures.py::TestFillFixtures::test_conftest_funcargs_only_available_in_subdir\", \"testing/python/fixtures.py::TestFillFixtures::test_extend_fixture_module_class\", \"testing/python/fixtures.py::TestFillFixtures::test_extend_fixture_conftest_module\", \"testing/python/fixtures.py::TestFillFixtures::test_extend_fixture_conftest_conftest\", \"testing/python/fixtures.py::TestFillFixtures::test_extend_fixture_conftest_plugin\", \"testing/python/fixtures.py::TestFillFixtures::test_extend_fixture_plugin_plugin\", \"testing/python/fixtures.py::TestFillFixtures::test_override_parametrized_fixture_conftest_module\", \"testing/python/fixtures.py::TestFillFixtures::test_override_parametrized_fixture_conftest_conftest\", \"testing/python/fixtures.py::TestFillFixtures::test_override_non_parametrized_fixture_conftest_module\", \"testing/python/fixtures.py::TestFillFixtures::test_override_non_parametrized_fixture_conftest_conftest\", \"testing/python/fixtures.py::TestFillFixtures::test_override_autouse_fixture_with_parametrized_fixture_conftest_conftest\", \"testing/python/fixtures.py::TestFillFixtures::test_autouse_fixture_plugin\", \"testing/python/fixtures.py::TestFillFixtures::test_funcarg_lookup_error\", \"testing/python/fixtures.py::TestFillFixtures::test_fixture_excinfo_leak\", \"testing/python/fixtures.py::TestRequestBasic::test_request_attributes\", \"testing/python/fixtures.py::TestRequestBasic::test_request_attributes_method\", \"testing/python/fixtures.py::TestRequestBasic::test_request_contains_funcarg_arg2fixturedefs\", \"testing/python/fixtures.py::TestRequestBasic::test_request_garbage\", \"testing/python/fixtures.py::TestRequestBasic::test_getfixturevalue_recursive\", \"testing/python/fixtures.py::TestRequestBasic::test_getfixturevalue_teardown\", \"testing/python/fixtures.py::TestRequestBasic::test_getfixturevalue[getfixturevalue]\", \"testing/python/fixtures.py::TestRequestBasic::test_getfixturevalue[getfuncargvalue]\", \"testing/python/fixtures.py::TestRequestBasic::test_request_addfinalizer\", \"testing/python/fixtures.py::TestRequestBasic::test_request_addfinalizer_failing_setup\", \"testing/python/fixtures.py::TestRequestBasic::test_request_addfinalizer_failing_setup_module\", \"testing/python/fixtures.py::TestRequestBasic::test_request_addfinalizer_partial_setup_failure\", \"testing/python/fixtures.py::TestRequestBasic::test_request_subrequest_addfinalizer_exceptions\", \"testing/python/fixtures.py::TestRequestBasic::test_request_getmodulepath\", \"testing/python/fixtures.py::TestRequestBasic::test_request_fixturenames\", \"testing/python/fixtures.py::TestRequestBasic::test_request_fixturenames_dynamic_fixture\", \"testing/python/fixtures.py::TestRequestBasic::test_funcargnames_compatattr\", \"testing/python/fixtures.py::TestRequestBasic::test_setupdecorator_and_xunit\", \"testing/python/fixtures.py::TestRequestBasic::test_fixtures_sub_subdir_normalize_sep\", \"testing/python/fixtures.py::TestRequestBasic::test_show_fixtures_color_yes\", \"testing/python/fixtures.py::TestRequestBasic::test_newstyle_with_request\", \"testing/python/fixtures.py::TestRequestBasic::test_setupcontext_no_param\", \"testing/python/fixtures.py::TestRequestMarking::test_applymarker\", \"testing/python/fixtures.py::TestRequestMarking::test_accesskeywords\", \"testing/python/fixtures.py::TestRequestMarking::test_accessmarker_dynamic\", \"testing/python/fixtures.py::TestFixtureUsages::test_noargfixturedec\", \"testing/python/fixtures.py::TestFixtureUsages::test_receives_funcargs\", \"testing/python/fixtures.py::TestFixtureUsages::test_receives_funcargs_scope_mismatch\", \"testing/python/fixtures.py::TestFixtureUsages::test_receives_funcargs_scope_mismatch_issue660\", \"testing/python/fixtures.py::TestFixtureUsages::test_invalid_scope\", \"testing/python/fixtures.py::TestFixtureUsages::test_funcarg_parametrized_and_used_twice\", \"testing/python/fixtures.py::TestFixtureUsages::test_factory_uses_unknown_funcarg_as_dependency_error\", \"testing/python/fixtures.py::TestFixtureUsages::test_factory_setup_as_classes_fails\", \"testing/python/fixtures.py::TestFixtureUsages::test_request_can_be_overridden\", \"testing/python/fixtures.py::TestFixtureUsages::test_usefixtures_marker\", \"testing/python/fixtures.py::TestFixtureUsages::test_usefixtures_ini\", \"testing/python/fixtures.py::TestFixtureUsages::test_usefixtures_seen_in_showmarkers\", \"testing/python/fixtures.py::TestFixtureUsages::test_request_instance_issue203\", \"testing/python/fixtures.py::TestFixtureUsages::test_fixture_parametrized_with_iterator\", \"testing/python/fixtures.py::TestFixtureUsages::test_setup_functions_as_fixtures\", \"testing/python/fixtures.py::TestFixtureManagerParseFactories::test_parsefactories_evil_objects_issue214\", \"testing/python/fixtures.py::TestFixtureManagerParseFactories::test_parsefactories_conftest\", \"testing/python/fixtures.py::TestFixtureManagerParseFactories::test_parsefactories_conftest_and_module_and_class\", \"testing/python/fixtures.py::TestFixtureManagerParseFactories::test_parsefactories_relative_node_ids\", \"testing/python/fixtures.py::TestFixtureManagerParseFactories::test_package_xunit_fixture\", \"testing/python/fixtures.py::TestFixtureManagerParseFactories::test_package_fixture_complex\", \"testing/python/fixtures.py::TestFixtureManagerParseFactories::test_collect_custom_items\", \"testing/python/fixtures.py::TestAutouseDiscovery::test_parsefactories_conftest\", \"testing/python/fixtures.py::TestAutouseDiscovery::test_two_classes_separated_autouse\", \"testing/python/fixtures.py::TestAutouseDiscovery::test_setup_at_classlevel\", \"testing/python/fixtures.py::TestAutouseDiscovery::test_callables_nocode\", \"testing/python/fixtures.py::TestAutouseDiscovery::test_autouse_in_conftests\", \"testing/python/fixtures.py::TestAutouseDiscovery::test_autouse_in_module_and_two_classes\", \"testing/python/fixtures.py::TestAutouseManagement::test_autouse_conftest_mid_directory\", \"testing/python/fixtures.py::TestAutouseManagement::test_funcarg_and_setup\", \"testing/python/fixtures.py::TestAutouseManagement::test_uses_parametrized_resource\", \"testing/python/fixtures.py::TestAutouseManagement::test_session_parametrized_function\", \"testing/python/fixtures.py::TestAutouseManagement::test_class_function_parametrization_finalization\", \"testing/python/fixtures.py::TestAutouseManagement::test_scope_ordering\", \"testing/python/fixtures.py::TestAutouseManagement::test_parametrization_setup_teardown_ordering\", \"testing/python/fixtures.py::TestAutouseManagement::test_ordering_autouse_before_explicit\", \"testing/python/fixtures.py::TestAutouseManagement::test_ordering_dependencies_torndown_first[p10-p00]\", \"testing/python/fixtures.py::TestAutouseManagement::test_ordering_dependencies_torndown_first[p10-p01]\", \"testing/python/fixtures.py::TestAutouseManagement::test_ordering_dependencies_torndown_first[p11-p00]\", \"testing/python/fixtures.py::TestAutouseManagement::test_ordering_dependencies_torndown_first[p11-p01]\", \"testing/python/fixtures.py::TestFixtureMarker::test_parametrize\", \"testing/python/fixtures.py::TestFixtureMarker::test_multiple_parametrization_issue_736\", \"testing/python/fixtures.py::TestFixtureMarker::test_override_parametrized_fixture_issue_979['fixt,\", \"testing/python/fixtures.py::TestFixtureMarker::test_override_parametrized_fixture_issue_979['fixt,val']\", \"testing/python/fixtures.py::TestFixtureMarker::test_override_parametrized_fixture_issue_979[['fixt',\", \"testing/python/fixtures.py::TestFixtureMarker::test_override_parametrized_fixture_issue_979[('fixt',\", \"testing/python/fixtures.py::TestFixtureMarker::test_scope_session\", \"testing/python/fixtures.py::TestFixtureMarker::test_scope_session_exc\", \"testing/python/fixtures.py::TestFixtureMarker::test_scope_session_exc_two_fix\", \"testing/python/fixtures.py::TestFixtureMarker::test_scope_exc\", \"testing/python/fixtures.py::TestFixtureMarker::test_scope_module_uses_session\", \"testing/python/fixtures.py::TestFixtureMarker::test_scope_module_and_finalizer\", \"testing/python/fixtures.py::TestFixtureMarker::test_scope_mismatch_various\", \"testing/python/fixtures.py::TestFixtureMarker::test_register_only_with_mark\", \"testing/python/fixtures.py::TestFixtureMarker::test_parametrize_and_scope\", \"testing/python/fixtures.py::TestFixtureMarker::test_scope_mismatch\", \"testing/python/fixtures.py::TestFixtureMarker::test_parametrize_separated_order\", \"testing/python/fixtures.py::TestFixtureMarker::test_module_parametrized_ordering\", \"testing/python/fixtures.py::TestFixtureMarker::test_dynamic_parametrized_ordering\", \"testing/python/fixtures.py::TestFixtureMarker::test_class_ordering\", \"testing/python/fixtures.py::TestFixtureMarker::test_parametrize_separated_order_higher_scope_first\", \"testing/python/fixtures.py::TestFixtureMarker::test_parametrized_fixture_teardown_order\", \"testing/python/fixtures.py::TestFixtureMarker::test_fixture_finalizer\", \"testing/python/fixtures.py::TestFixtureMarker::test_class_scope_with_normal_tests\", \"testing/python/fixtures.py::TestFixtureMarker::test_request_is_clean\", \"testing/python/fixtures.py::TestFixtureMarker::test_parametrize_separated_lifecycle\", \"testing/python/fixtures.py::TestFixtureMarker::test_parametrize_function_scoped_finalizers_called\", \"testing/python/fixtures.py::TestFixtureMarker::test_finalizer_order_on_parametrization[session]\", \"testing/python/fixtures.py::TestFixtureMarker::test_finalizer_order_on_parametrization[function]\", \"testing/python/fixtures.py::TestFixtureMarker::test_finalizer_order_on_parametrization[module]\", \"testing/python/fixtures.py::TestFixtureMarker::test_class_scope_parametrization_ordering\", \"testing/python/fixtures.py::TestFixtureMarker::test_parametrize_setup_function\", \"testing/python/fixtures.py::TestFixtureMarker::test_fixture_marked_function_not_collected_as_test\", \"testing/python/fixtures.py::TestFixtureMarker::test_params_and_ids\", \"testing/python/fixtures.py::TestFixtureMarker::test_params_and_ids_yieldfixture\", \"testing/python/fixtures.py::TestFixtureMarker::test_deterministic_fixture_collection\", \"testing/python/fixtures.py::TestRequestScopeAccess::test_setup[session--fspath\", \"testing/python/fixtures.py::TestRequestScopeAccess::test_setup[module-module\", \"testing/python/fixtures.py::TestRequestScopeAccess::test_setup[class-module\", \"testing/python/fixtures.py::TestRequestScopeAccess::test_setup[function-module\", \"testing/python/fixtures.py::TestRequestScopeAccess::test_funcarg[session--fspath\", \"testing/python/fixtures.py::TestRequestScopeAccess::test_funcarg[module-module\", \"testing/python/fixtures.py::TestRequestScopeAccess::test_funcarg[class-module\", \"testing/python/fixtures.py::TestRequestScopeAccess::test_funcarg[function-module\", \"testing/python/fixtures.py::TestErrors::test_subfactory_missing_funcarg\", \"testing/python/fixtures.py::TestErrors::test_issue498_fixture_finalizer_failing\", \"testing/python/fixtures.py::TestErrors::test_setupfunc_missing_funcarg\", \"testing/python/fixtures.py::TestShowFixtures::test_funcarg_compat\", \"testing/python/fixtures.py::TestShowFixtures::test_show_fixtures_testmodule\", \"testing/python/fixtures.py::TestShowFixtures::test_show_fixtures_conftest[True]\", \"testing/python/fixtures.py::TestShowFixtures::test_show_fixtures_conftest[False]\", \"testing/python/fixtures.py::TestShowFixtures::test_show_fixtures_trimmed_doc\", \"testing/python/fixtures.py::TestShowFixtures::test_show_fixtures_indented_doc\", \"testing/python/fixtures.py::TestShowFixtures::test_show_fixtures_indented_doc_first_line_unindented\", \"testing/python/fixtures.py::TestShowFixtures::test_show_fixtures_indented_in_class\", \"testing/python/fixtures.py::TestShowFixtures::test_show_fixtures_different_files\", \"testing/python/fixtures.py::TestShowFixtures::test_show_fixtures_with_same_name\", \"testing/python/fixtures.py::TestContextManagerFixtureFuncs::test_simple[fixture]\", \"testing/python/fixtures.py::TestContextManagerFixtureFuncs::test_simple[yield_fixture]\", \"testing/python/fixtures.py::TestContextManagerFixtureFuncs::test_scoped[fixture]\", \"testing/python/fixtures.py::TestContextManagerFixtureFuncs::test_scoped[yield_fixture]\", \"testing/python/fixtures.py::TestContextManagerFixtureFuncs::test_setup_exception[fixture]\", \"testing/python/fixtures.py::TestContextManagerFixtureFuncs::test_setup_exception[yield_fixture]\", \"testing/python/fixtures.py::TestContextManagerFixtureFuncs::test_teardown_exception[fixture]\", \"testing/python/fixtures.py::TestContextManagerFixtureFuncs::test_teardown_exception[yield_fixture]\", \"testing/python/fixtures.py::TestContextManagerFixtureFuncs::test_yields_more_than_one[fixture]\", \"testing/python/fixtures.py::TestContextManagerFixtureFuncs::test_yields_more_than_one[yield_fixture]\", \"testing/python/fixtures.py::TestContextManagerFixtureFuncs::test_custom_name[fixture]\", \"testing/python/fixtures.py::TestContextManagerFixtureFuncs::test_custom_name[yield_fixture]\", \"testing/python/fixtures.py::TestParameterizedSubRequest::test_call_from_fixture\", \"testing/python/fixtures.py::TestParameterizedSubRequest::test_call_from_test\", \"testing/python/fixtures.py::TestParameterizedSubRequest::test_external_fixture\", \"testing/python/fixtures.py::TestParameterizedSubRequest::test_non_relative_path\", \"testing/python/fixtures.py::test_pytest_fixture_setup_and_post_finalizer_hook\", \"testing/python/fixtures.py::TestScopeOrdering::test_func_closure_module_auto[mark]\", \"testing/python/fixtures.py::TestScopeOrdering::test_func_closure_module_auto[autouse]\", \"testing/python/fixtures.py::TestScopeOrdering::test_func_closure_with_native_fixtures\", \"testing/python/fixtures.py::TestScopeOrdering::test_func_closure_module\", \"testing/python/fixtures.py::TestScopeOrdering::test_func_closure_scopes_reordered\", \"testing/python/fixtures.py::TestScopeOrdering::test_func_closure_same_scope_closer_root_first\", \"testing/python/fixtures.py::TestScopeOrdering::test_func_closure_all_scopes_complex\", \"testing/python/fixtures.py::TestScopeOrdering::test_multiple_packages\"]",
        "environment_setup_commit": "4ccaa987d47566e3907f2f74167c4ab7997f622f",
        "issue_title": "Display fixture scope with `pytest --fixtures`",
        "test_file": "/home/fdse/wy/RepoCodeEdit/data/raw_repo_lite/pytest/testing/python/fixtures.py"
    },
    {
        "repo": "pytest-dev/pytest",
        "instance_id": "pytest-dev__pytest-11148",
        "base_commit": "2f7415cfbc4b6ca62f9013f1abd27136f46b9653",
        "patch": "diff --git a/src/_pytest/pathlib.py b/src/_pytest/pathlib.py\n--- a/src/_pytest/pathlib.py\n+++ b/src/_pytest/pathlib.py\n@@ -523,6 +523,8 @@ def import_path(\n \n     if mode is ImportMode.importlib:\n         module_name = module_name_from_path(path, root)\n+        with contextlib.suppress(KeyError):\n+            return sys.modules[module_name]\n \n         for meta_importer in sys.meta_path:\n             spec = meta_importer.find_spec(module_name, [str(path.parent)])\n",
        "test_patch": "diff --git a/testing/acceptance_test.py b/testing/acceptance_test.py\n--- a/testing/acceptance_test.py\n+++ b/testing/acceptance_test.py\n@@ -1315,3 +1315,38 @@ def test_stuff():\n     )\n     res = pytester.runpytest()\n     res.stdout.fnmatch_lines([\"*Did you mean to use `assert` instead of `return`?*\"])\n+\n+\n+def test_doctest_and_normal_imports_with_importlib(pytester: Pytester) -> None:\n+    \"\"\"\n+    Regression test for #10811: previously import_path with ImportMode.importlib would\n+    not return a module if already in sys.modules, resulting in modules being imported\n+    multiple times, which causes problems with modules that have import side effects.\n+    \"\"\"\n+    # Uses the exact reproducer form #10811, given it is very minimal\n+    # and illustrates the problem well.\n+    pytester.makepyfile(\n+        **{\n+            \"pmxbot/commands.py\": \"from . import logging\",\n+            \"pmxbot/logging.py\": \"\",\n+            \"tests/__init__.py\": \"\",\n+            \"tests/test_commands.py\": \"\"\"\n+                import importlib\n+                from pmxbot import logging\n+\n+                class TestCommands:\n+                    def test_boo(self):\n+                        assert importlib.import_module('pmxbot.logging') is logging\n+                \"\"\",\n+        }\n+    )\n+    pytester.makeini(\n+        \"\"\"\n+        [pytest]\n+        addopts=\n+            --doctest-modules\n+            --import-mode importlib\n+        \"\"\"\n+    )\n+    result = pytester.runpytest_subprocess()\n+    result.stdout.fnmatch_lines(\"*1 passed*\")\ndiff --git a/testing/test_pathlib.py b/testing/test_pathlib.py\n--- a/testing/test_pathlib.py\n+++ b/testing/test_pathlib.py\n@@ -7,6 +7,7 @@\n from types import ModuleType\n from typing import Any\n from typing import Generator\n+from typing import Iterator\n \n import pytest\n from _pytest.monkeypatch import MonkeyPatch\n@@ -282,29 +283,36 @@ def test_invalid_path(self, tmp_path: Path) -> None:\n             import_path(tmp_path / \"invalid.py\", root=tmp_path)\n \n     @pytest.fixture\n-    def simple_module(self, tmp_path: Path) -> Path:\n-        fn = tmp_path / \"_src/tests/mymod.py\"\n+    def simple_module(\n+        self, tmp_path: Path, request: pytest.FixtureRequest\n+    ) -> Iterator[Path]:\n+        name = f\"mymod_{request.node.name}\"\n+        fn = tmp_path / f\"_src/tests/{name}.py\"\n         fn.parent.mkdir(parents=True)\n         fn.write_text(\"def foo(x): return 40 + x\", encoding=\"utf-8\")\n-        return fn\n+        module_name = module_name_from_path(fn, root=tmp_path)\n+        yield fn\n+        sys.modules.pop(module_name, None)\n \n-    def test_importmode_importlib(self, simple_module: Path, tmp_path: Path) -> None:\n+    def test_importmode_importlib(\n+        self, simple_module: Path, tmp_path: Path, request: pytest.FixtureRequest\n+    ) -> None:\n         \"\"\"`importlib` mode does not change sys.path.\"\"\"\n         module = import_path(simple_module, mode=\"importlib\", root=tmp_path)\n         assert module.foo(2) == 42  # type: ignore[attr-defined]\n         assert str(simple_module.parent) not in sys.path\n         assert module.__name__ in sys.modules\n-        assert module.__name__ == \"_src.tests.mymod\"\n+        assert module.__name__ == f\"_src.tests.mymod_{request.node.name}\"\n         assert \"_src\" in sys.modules\n         assert \"_src.tests\" in sys.modules\n \n-    def test_importmode_twice_is_different_module(\n+    def test_remembers_previous_imports(\n         self, simple_module: Path, tmp_path: Path\n     ) -> None:\n-        \"\"\"`importlib` mode always returns a new module.\"\"\"\n+        \"\"\"`importlib` mode called remembers previous module (#10341, #10811).\"\"\"\n         module1 = import_path(simple_module, mode=\"importlib\", root=tmp_path)\n         module2 = import_path(simple_module, mode=\"importlib\", root=tmp_path)\n-        assert module1 is not module2\n+        assert module1 is module2\n \n     def test_no_meta_path_found(\n         self, simple_module: Path, monkeypatch: MonkeyPatch, tmp_path: Path\n@@ -317,6 +325,9 @@ def test_no_meta_path_found(\n         # mode='importlib' fails if no spec is found to load the module\n         import importlib.util\n \n+        # Force module to be re-imported.\n+        del sys.modules[module.__name__]\n+\n         monkeypatch.setattr(\n             importlib.util, \"spec_from_file_location\", lambda *args: None\n         )\n",
        "problem_statement": "Module imported twice under import-mode=importlib\nIn pmxbot/pmxbot@7f189ad, I'm attempting to switch pmxbot off of pkg_resources style namespace packaging to PEP 420 namespace packages. To do so, I've needed to switch to `importlib` for the `import-mode` and re-organize the tests to avoid import errors on the tests.\r\n\r\nYet even after working around these issues, the tests are failing when the effect of `core.initialize()` doesn't seem to have had any effect.\r\n\r\nInvestigating deeper, I see that initializer is executed and performs its actions (setting a class variable `pmxbot.logging.Logger.store`), but when that happens, there are two different versions of `pmxbot.logging` present, one in `sys.modules` and another found in `tests.unit.test_commands.logging`:\r\n\r\n```\r\n=========================================================================== test session starts ===========================================================================\r\nplatform darwin -- Python 3.11.1, pytest-7.2.0, pluggy-1.0.0\r\ncachedir: .tox/python/.pytest_cache\r\nrootdir: /Users/jaraco/code/pmxbot/pmxbot, configfile: pytest.ini\r\nplugins: black-0.3.12, mypy-0.10.3, jaraco.test-5.3.0, checkdocs-2.9.0, flake8-1.1.1, enabler-2.0.0, jaraco.mongodb-11.2.1, pmxbot-1122.14.3.dev13+g7f189ad\r\ncollected 421 items / 180 deselected / 241 selected                                                                                                                       \r\nrun-last-failure: rerun previous 240 failures (skipped 14 files)\r\n\r\ntests/unit/test_commands.py E\r\n>>>>>>>>>>>>>>>>>>>>>>>>>>>>>>>>>>>>>>>>>>>>>>>>>>>>>>>>>>>>>>>>>>>>>>>>>>>>>>>> traceback >>>>>>>>>>>>>>>>>>>>>>>>>>>>>>>>>>>>>>>>>>>>>>>>>>>>>>>>>>>>>>>>>>>>>>>>>>>>>>>>\r\n\r\ncls = <class 'tests.unit.test_commands.TestCommands'>\r\n\r\n    @classmethod\r\n    def setup_class(cls):\r\n        path = os.path.dirname(os.path.abspath(__file__))\r\n        configfile = os.path.join(path, 'testconf.yaml')\r\n        config = pmxbot.dictlib.ConfigDict.from_yaml(configfile)\r\n        cls.bot = core.initialize(config)\r\n>       logging.Logger.store.message(\"logged\", \"testrunner\", \"some text\")\r\nE       AttributeError: type object 'Logger' has no attribute 'store'\r\n\r\ntests/unit/test_commands.py:37: AttributeError\r\n>>>>>>>>>>>>>>>>>>>>>>>>>>>>>>>>>>>>>>>>>>>>>>>>>>>>>>>>>>>>>>>>>>>>>>>>>>>>>> entering PDB >>>>>>>>>>>>>>>>>>>>>>>>>>>>>>>>>>>>>>>>>>>>>>>>>>>>>>>>>>>>>>>>>>>>>>>>>>>>>>>\r\n\r\n>>>>>>>>>>>>>>>>>>>>>>>>>>>>>>>>>>>>>>>>>>>>>>>>>>>>>>>>>>>>>>>> PDB post_mortem (IO-capturing turned off) >>>>>>>>>>>>>>>>>>>>>>>>>>>>>>>>>>>>>>>>>>>>>>>>>>>>>>>>>>>>>>>>\r\n> /Users/jaraco/code/pmxbot/pmxbot/tests/unit/test_commands.py(37)setup_class()\r\n-> logging.Logger.store.message(\"logged\", \"testrunner\", \"some text\")\r\n(Pdb) logging.Logger\r\n<class 'pmxbot.logging.Logger'>\r\n(Pdb) logging\r\n<module 'pmxbot.logging' from '/Users/jaraco/code/pmxbot/pmxbot/pmxbot/logging.py'>\r\n(Pdb) import sys\r\n(Pdb) sys.modules['pmxbot.logging']\r\n<module 'pmxbot.logging' from '/Users/jaraco/code/pmxbot/pmxbot/pmxbot/logging.py'>\r\n(Pdb) sys.modules['pmxbot.logging'] is logging\r\nFalse\r\n```\r\n\r\nI haven't yet made a minimal reproducer, but I wanted to first capture this condition.\r\n\n",
        "hints_text": "In pmxbot/pmxbot@3adc54c, I've managed to pare down the project to a bare minimum reproducer. The issue only happens when `import-mode=importlib` and `doctest-modules` and one of the modules imports another module.\r\n\r\nThis issue may be related to (or same as) #10341.\r\n\r\nI think you'll agree this is pretty basic behavior that should be supported.\r\n\r\nI'm not even aware of a good workaround.\nHey @jaraco, thanks for the reproducer! \r\n\r\nI found the problem, will open a PR shortly.",
        "created_at": "2023-06-29T00:04:33Z",
        "version": "8.0",
        "FAIL_TO_PASS": "[\"testing/test_pathlib.py::TestImportPath::test_remembers_previous_imports\", \"testing/acceptance_test.py::test_doctest_and_normal_imports_with_importlib\"]",
        "PASS_TO_PASS": "[\"testing/acceptance_test.py::TestGeneralUsage::test_docstring_on_hookspec\", \"testing/acceptance_test.py::TestInvocationVariants::test_invoke_with_invalid_type\", \"testing/acceptance_test.py::TestInvocationVariants::test_invoke_plugin_api\", \"testing/acceptance_test.py::TestInvocationVariants::test_core_backward_compatibility\", \"testing/acceptance_test.py::TestInvocationVariants::test_has_plugin\", \"testing/test_pathlib.py::TestFNMatcherPort::test_matching[*.py-foo.py]\", \"testing/test_pathlib.py::TestFNMatcherPort::test_matching[*.py-bar/foo.py]\", \"testing/test_pathlib.py::TestFNMatcherPort::test_matching[test_*.py-foo/test_foo.py]\", \"testing/test_pathlib.py::TestFNMatcherPort::test_matching[tests/*.py-tests/foo.py]\", \"testing/test_pathlib.py::TestFNMatcherPort::test_matching[/c/*.py-/c/foo.py]\", \"testing/test_pathlib.py::TestFNMatcherPort::test_matching[/c/foo/*.py-/c/foo/foo.py]\", \"testing/test_pathlib.py::TestFNMatcherPort::test_matching[tests/**/test*.py-tests/foo/test_foo.py]\", \"testing/test_pathlib.py::TestFNMatcherPort::test_matching[tests/**/doc/test*.py-tests/foo/bar/doc/test_foo.py]\", \"testing/test_pathlib.py::TestFNMatcherPort::test_matching[tests/**/doc/**/test*.py-tests/foo/doc/bar/test_foo.py]\", \"testing/test_pathlib.py::TestFNMatcherPort::test_matching_abspath\", \"testing/test_pathlib.py::TestFNMatcherPort::test_not_matching[*.py-foo.pyc]\", \"testing/test_pathlib.py::TestFNMatcherPort::test_not_matching[*.py-foo/foo.pyc]\", \"testing/test_pathlib.py::TestFNMatcherPort::test_not_matching[tests/*.py-foo/foo.py]\", \"testing/test_pathlib.py::TestFNMatcherPort::test_not_matching[/c/*.py-/d/foo.py]\", \"testing/test_pathlib.py::TestFNMatcherPort::test_not_matching[/c/foo/*.py-/d/foo/foo.py]\", \"testing/test_pathlib.py::TestFNMatcherPort::test_not_matching[tests/**/test*.py-tests/foo.py]\", \"testing/test_pathlib.py::TestFNMatcherPort::test_not_matching[tests/**/test*.py-foo/test_foo.py]\", \"testing/test_pathlib.py::TestFNMatcherPort::test_not_matching[tests/**/doc/test*.py-tests/foo/bar/doc/foo.py]\", \"testing/test_pathlib.py::TestFNMatcherPort::test_not_matching[tests/**/doc/test*.py-tests/foo/bar/test_foo.py]\", \"testing/test_pathlib.py::TestImportPath::test_smoke_test\", \"testing/test_pathlib.py::TestImportPath::test_import_path_missing_file\", \"testing/test_pathlib.py::TestImportPath::test_renamed_dir_creates_mismatch\", \"testing/test_pathlib.py::TestImportPath::test_messy_name\", \"testing/test_pathlib.py::TestImportPath::test_dir\", \"testing/test_pathlib.py::TestImportPath::test_a\", \"testing/test_pathlib.py::TestImportPath::test_b\", \"testing/test_pathlib.py::TestImportPath::test_c\", \"testing/test_pathlib.py::TestImportPath::test_d\", \"testing/test_pathlib.py::TestImportPath::test_import_after\", \"testing/test_pathlib.py::TestImportPath::test_check_filepath_consistency\", \"testing/test_pathlib.py::TestImportPath::test_issue131_on__init__\", \"testing/test_pathlib.py::TestImportPath::test_ensuresyspath_append\", \"testing/test_pathlib.py::TestImportPath::test_invalid_path\", \"testing/test_pathlib.py::TestImportPath::test_importmode_importlib\", \"testing/test_pathlib.py::TestImportPath::test_no_meta_path_found\", \"testing/test_pathlib.py::test_resolve_package_path\", \"testing/test_pathlib.py::test_package_unimportable\", \"testing/test_pathlib.py::test_access_denied_during_cleanup\", \"testing/test_pathlib.py::test_long_path_during_cleanup\", \"testing/test_pathlib.py::test_get_extended_length_path_str\", \"testing/test_pathlib.py::test_suppress_error_removing_lock\", \"testing/test_pathlib.py::test_bestrelpath\", \"testing/test_pathlib.py::test_commonpath\", \"testing/test_pathlib.py::test_visit_ignores_errors\", \"testing/test_pathlib.py::TestImportLibMode::test_importmode_importlib_with_dataclass\", \"testing/test_pathlib.py::TestImportLibMode::test_importmode_importlib_with_pickle\", \"testing/test_pathlib.py::TestImportLibMode::test_importmode_importlib_with_pickle_separate_modules\", \"testing/test_pathlib.py::TestImportLibMode::test_module_name_from_path\", \"testing/test_pathlib.py::TestImportLibMode::test_insert_missing_modules\", \"testing/test_pathlib.py::TestImportLibMode::test_parent_contains_child_module_attribute\", \"testing/acceptance_test.py::TestGeneralUsage::test_config_error\", \"testing/acceptance_test.py::TestGeneralUsage::test_root_conftest_syntax_error\", \"testing/acceptance_test.py::TestGeneralUsage::test_early_hook_error_issue38_1\", \"testing/acceptance_test.py::TestGeneralUsage::test_early_hook_configure_error_issue38\", \"testing/acceptance_test.py::TestGeneralUsage::test_file_not_found\", \"testing/acceptance_test.py::TestGeneralUsage::test_file_not_found_unconfigure_issue143\", \"testing/acceptance_test.py::TestGeneralUsage::test_config_preparse_plugin_option\", \"testing/acceptance_test.py::TestGeneralUsage::test_early_load_setuptools_name[True]\", \"testing/acceptance_test.py::TestGeneralUsage::test_early_load_setuptools_name[False]\", \"testing/acceptance_test.py::TestGeneralUsage::test_assertion_rewrite[prepend]\", \"testing/acceptance_test.py::TestGeneralUsage::test_assertion_rewrite[append]\", \"testing/acceptance_test.py::TestGeneralUsage::test_assertion_rewrite[importlib]\", \"testing/acceptance_test.py::TestGeneralUsage::test_nested_import_error\", \"testing/acceptance_test.py::TestGeneralUsage::test_not_collectable_arguments\", \"testing/acceptance_test.py::TestGeneralUsage::test_better_reporting_on_conftest_load_failure\", \"testing/acceptance_test.py::TestGeneralUsage::test_early_skip\", \"testing/acceptance_test.py::TestGeneralUsage::test_issue88_initial_file_multinodes\", \"testing/acceptance_test.py::TestGeneralUsage::test_issue93_initialnode_importing_capturing\", \"testing/acceptance_test.py::TestGeneralUsage::test_conftest_printing_shows_if_error\", \"testing/acceptance_test.py::TestGeneralUsage::test_issue109_sibling_conftests_not_loaded\", \"testing/acceptance_test.py::TestGeneralUsage::test_directory_skipped\", \"testing/acceptance_test.py::TestGeneralUsage::test_multiple_items_per_collector_byid\", \"testing/acceptance_test.py::TestGeneralUsage::test_skip_on_generated_funcarg_id\", \"testing/acceptance_test.py::TestGeneralUsage::test_direct_addressing_selects\", \"testing/acceptance_test.py::TestGeneralUsage::test_direct_addressing_notfound\", \"testing/acceptance_test.py::TestGeneralUsage::test_initialization_error_issue49\", \"testing/acceptance_test.py::TestGeneralUsage::test_issue134_report_error_when_collecting_member[test_fun.py::test_a]\", \"testing/acceptance_test.py::TestGeneralUsage::test_report_all_failed_collections_initargs\", \"testing/acceptance_test.py::TestGeneralUsage::test_namespace_import_doesnt_confuse_import_hook\", \"testing/acceptance_test.py::TestGeneralUsage::test_unknown_option\", \"testing/acceptance_test.py::TestGeneralUsage::test_getsourcelines_error_issue553\", \"testing/acceptance_test.py::TestGeneralUsage::test_plugins_given_as_strings\", \"testing/acceptance_test.py::TestGeneralUsage::test_parametrized_with_bytes_regex\", \"testing/acceptance_test.py::TestGeneralUsage::test_parametrized_with_null_bytes\", \"testing/acceptance_test.py::TestInvocationVariants::test_earlyinit\", \"testing/acceptance_test.py::TestInvocationVariants::test_pydoc\", \"testing/acceptance_test.py::TestInvocationVariants::test_import_star_pytest\", \"testing/acceptance_test.py::TestInvocationVariants::test_double_pytestcmdline\", \"testing/acceptance_test.py::TestInvocationVariants::test_python_minus_m_invocation_ok\", \"testing/acceptance_test.py::TestInvocationVariants::test_python_minus_m_invocation_fail\", \"testing/acceptance_test.py::TestInvocationVariants::test_python_pytest_package\", \"testing/acceptance_test.py::TestInvocationVariants::test_invoke_with_path\", \"testing/acceptance_test.py::TestInvocationVariants::test_pyargs_importerror\", \"testing/acceptance_test.py::TestInvocationVariants::test_pyargs_only_imported_once\", \"testing/acceptance_test.py::TestInvocationVariants::test_pyargs_filename_looks_like_module\", \"testing/acceptance_test.py::TestInvocationVariants::test_cmdline_python_package\", \"testing/acceptance_test.py::TestInvocationVariants::test_cmdline_python_namespace_package\", \"testing/acceptance_test.py::TestInvocationVariants::test_invoke_test_and_doctestmodules\", \"testing/acceptance_test.py::TestInvocationVariants::test_cmdline_python_package_symlink\", \"testing/acceptance_test.py::TestInvocationVariants::test_cmdline_python_package_not_exists\", \"testing/acceptance_test.py::TestInvocationVariants::test_doctest_id\", \"testing/acceptance_test.py::TestDurations::test_calls\", \"testing/acceptance_test.py::TestDurations::test_calls_show_2\", \"testing/acceptance_test.py::TestDurations::test_calls_showall\", \"testing/acceptance_test.py::TestDurations::test_calls_showall_verbose\", \"testing/acceptance_test.py::TestDurations::test_with_deselected\", \"testing/acceptance_test.py::TestDurations::test_with_failing_collection\", \"testing/acceptance_test.py::TestDurations::test_with_not\", \"testing/acceptance_test.py::TestDurationsWithFixture::test_setup_function\", \"testing/acceptance_test.py::test_zipimport_hook\", \"testing/acceptance_test.py::test_import_plugin_unicode_name\", \"testing/acceptance_test.py::test_pytest_plugins_as_module\", \"testing/acceptance_test.py::test_deferred_hook_checking\", \"testing/acceptance_test.py::test_fixture_order_respects_scope\", \"testing/acceptance_test.py::test_fixture_mock_integration\", \"testing/acceptance_test.py::test_usage_error_code\", \"testing/acceptance_test.py::test_warn_on_async_function\", \"testing/acceptance_test.py::test_warn_on_async_gen_function\", \"testing/acceptance_test.py::test_no_brokenpipeerror_message\", \"testing/acceptance_test.py::test_function_return_non_none_warning\", \"testing/acceptance_test.py::test_fixture_values_leak\", \"testing/acceptance_test.py::test_frame_leak_on_failing_test\", \"testing/acceptance_test.py::test_pdb_can_be_rewritten\", \"testing/acceptance_test.py::test_tee_stdio_captures_and_live_prints\"]",
        "environment_setup_commit": "10056865d2a4784934ce043908a0e78d0578f677",
        "issue_title": "Module imported twice under import-mode=importlib",
        "test_file": "/home/fdse/wy/RepoCodeEdit/data/raw_repo_lite/pytest/testing/test_unraisableexception.py"
    },
    {
        "repo": "pytest-dev/pytest",
        "instance_id": "pytest-dev__pytest-11143",
        "base_commit": "6995257cf470d2143ad1683824962de4071c0eb7",
        "patch": "diff --git a/src/_pytest/assertion/rewrite.py b/src/_pytest/assertion/rewrite.py\n--- a/src/_pytest/assertion/rewrite.py\n+++ b/src/_pytest/assertion/rewrite.py\n@@ -676,6 +676,7 @@ def run(self, mod: ast.Module) -> None:\n                 expect_docstring\n                 and isinstance(item, ast.Expr)\n                 and isinstance(item.value, ast.Constant)\n+                and isinstance(item.value.value, str)\n             ):\n                 doc = item.value.value\n                 if self.is_rewrite_disabled(doc):\n",
        "test_patch": "diff --git a/testing/test_assertrewrite.py b/testing/test_assertrewrite.py\n--- a/testing/test_assertrewrite.py\n+++ b/testing/test_assertrewrite.py\n@@ -2042,3 +2042,17 @@ def test_max_increased_verbosity(self, pytester: Pytester) -> None:\n         self.create_test_file(pytester, DEFAULT_REPR_MAX_SIZE * 10)\n         result = pytester.runpytest(\"-vv\")\n         result.stdout.no_fnmatch_line(\"*xxx...xxx*\")\n+\n+\n+class TestIssue11140:\n+    def test_constant_not_picked_as_module_docstring(self, pytester: Pytester) -> None:\n+        pytester.makepyfile(\n+            \"\"\"\\\n+            0\n+\n+            def test_foo():\n+                pass\n+            \"\"\"\n+        )\n+        result = pytester.runpytest()\n+        assert result.ret == 0\n",
        "problem_statement": "Rewrite fails when first expression of file is a number and mistaken as docstring \n<!--\r\nThanks for submitting an issue!\r\n\r\nQuick check-list while reporting bugs:\r\n-->\r\n\r\n- [x] a detailed description of the bug or problem you are having\r\n- [x] output of `pip list` from the virtual environment you are using\r\n- [x] pytest and operating system versions\r\n- [x] minimal example if possible\r\n```\r\nInstalling collected packages: zipp, six, PyYAML, python-dateutil, MarkupSafe, importlib-metadata, watchdog, tomli, soupsieve, pyyaml-env-tag, pycparser, pluggy, packaging, mergedeep, Markdown, jinja2, iniconfig, ghp-import, exceptiongroup, click, websockets, urllib3, tqdm, smmap, pytest, pyee, mkdocs, lxml, importlib-resources, idna, cssselect, charset-normalizer, cffi, certifi, beautifulsoup4, attrs, appdirs, w3lib, typing-extensions, texttable, requests, pyzstd, pytest-metadata, pyquery, pyppmd, pyppeteer, pynacl, pymdown-extensions, pycryptodomex, pybcj, pyasn1, py, psutil, parse, multivolumefile, mkdocs-autorefs, inflate64, gitdb, fake-useragent, cryptography, comtypes, bs4, brotli, bcrypt, allure-python-commons, xlwt, xlrd, rsa, requests-html, pywinauto, python-i18n, python-dotenv, pytest-rerunfailures, pytest-html, pytest-check, PySocks, py7zr, paramiko, mkdocstrings, loguru, GitPython, ftputil, crcmod, chardet, brotlicffi, allure-pytest\r\nSuccessfully installed GitPython-3.1.31 Markdown-3.3.7 MarkupSafe-2.1.3 PySocks-1.7.1 PyYAML-6.0 allure-pytest-2.13.2 allure-python-commons-2.13.2 appdirs-1.4.4 attrs-23.1.0 bcrypt-4.0.1 beautifulsoup4-4.12.2 brotli-1.0.9 brotlicffi-1.0.9.2 bs4-0.0.1 certifi-2023.5.7 cffi-1.15.1 chardet-5.1.0 charset-normalizer-3.1.0 click-8.1.3 comtypes-1.2.0 crcmod-1.7 cryptography-41.0.1 cssselect-1.2.0 exceptiongroup-1.1.1 fake-useragent-1.1.3 ftputil-5.0.4 ghp-import-2.1.0 gitdb-4.0.10 idna-3.4 importlib-metadata-6.7.0 importlib-resources-5.12.0 inflate64-0.3.1 iniconfig-2.0.0 jinja2-3.1.2 loguru-0.7.0 lxml-4.9.2 mergedeep-1.3.4 mkdocs-1.4.3 mkdocs-autorefs-0.4.1 mkdocstrings-0.22.0 multivolumefile-0.2.3 packaging-23.1 paramiko-3.2.0 parse-1.19.1 pluggy-1.2.0 psutil-5.9.5 py-1.11.0 py7zr-0.20.5 pyasn1-0.5.0 pybcj-1.0.1 pycparser-2.21 pycryptodomex-3.18.0 pyee-8.2.2 pymdown-extensions-10.0.1 pynacl-1.5.0 pyppeteer-1.0.2 pyppmd-1.0.0 pyquery-2.0.0 pytest-7.4.0 pytest-check-2.1.5 pytest-html-3.2.0 pytest-metadata-3.0.0 pytest-rerunfailures-11.1.2 python-dateutil-2.8.2 python-dotenv-1.0.0 python-i18n-0.3.9 pywinauto-0.6.6 pyyaml-env-tag-0.1 pyzstd-0.15.9 requests-2.31.0 requests-html-0.10.0 rsa-4.9 six-1.16.0 smmap-5.0.0 soupsieve-2.4.1 texttable-1.6.7 tomli-2.0.1 tqdm-4.65.0 typing-extensions-4.6.3 urllib3-1.26.16 w3lib-2.1.1 watchdog-3.0.0 websockets-10.4 xlrd-2.0.1 xlwt-1.3.0 zipp-3.15.0\r\n```\r\nuse `pytest -k xxx`， report an error：`TypeError: argument of type 'int' is not iterable`\r\n\r\nit seems a error in collecting testcase\r\n```\r\n==================================== ERRORS ====================================\r\n_ ERROR collecting testcases/基线/代理策略/SOCKS二级代理迭代二/在线用户/在线用户更新/上线用户/test_socks_user_011.py _\r\n/usr/local/lib/python3.8/site-packages/_pytest/runner.py:341: in from_call\r\n    result: Optional[TResult] = func()\r\n/usr/local/lib/python3.8/site-packages/_pytest/runner.py:372: in <lambda>\r\n    call = CallInfo.from_call(lambda: list(collector.collect()), \"collect\")\r\n/usr/local/lib/python3.8/site-packages/_pytest/python.py:531: in collect\r\n    self._inject_setup_module_fixture()\r\n/usr/local/lib/python3.8/site-packages/_pytest/python.py:545: in _inject_setup_module_fixture\r\n    self.obj, (\"setUpModule\", \"setup_module\")\r\n/usr/local/lib/python3.8/site-packages/_pytest/python.py:310: in obj\r\n    self._obj = obj = self._getobj()\r\n/usr/local/lib/python3.8/site-packages/_pytest/python.py:528: in _getobj\r\n    return self._importtestmodule()\r\n/usr/local/lib/python3.8/site-packages/_pytest/python.py:617: in _importtestmodule\r\n    mod = import_path(self.path, mode=importmode, root=self.config.rootpath)\r\n/usr/local/lib/python3.8/site-packages/_pytest/pathlib.py:565: in import_path\r\n    importlib.import_module(module_name)\r\n/usr/local/lib/python3.8/importlib/__init__.py:127: in import_module\r\n    return _bootstrap._gcd_import(name[level:], package, level)\r\n<frozen importlib._bootstrap>:1014: in _gcd_import\r\n    ???\r\n<frozen importlib._bootstrap>:991: in _find_and_load\r\n    ???\r\n<frozen importlib._bootstrap>:975: in _find_and_load_unlocked\r\n    ???\r\n<frozen importlib._bootstrap>:671: in _load_unlocked\r\n    ???\r\n/usr/local/lib/python3.8/site-packages/_pytest/assertion/rewrite.py:169: in exec_module\r\n    source_stat, co = _rewrite_test(fn, self.config)\r\n/usr/local/lib/python3.8/site-packages/_pytest/assertion/rewrite.py:352: in _rewrite_test\r\n    rewrite_asserts(tree, source, strfn, config)\r\n/usr/local/lib/python3.8/site-packages/_pytest/assertion/rewrite.py:413: in rewrite_asserts\r\n    AssertionRewriter(module_path, config, source).run(mod)\r\n/usr/local/lib/python3.8/site-packages/_pytest/assertion/rewrite.py:695: in run\r\n    if self.is_rewrite_disabled(doc):\r\n/usr/local/lib/python3.8/site-packages/_pytest/assertion/rewrite.py:760: in is_rewrite_disabled\r\n    return \"PYTEST_DONT_REWRITE\" in docstring\r\nE   TypeError: argument of type 'int' is not iterable\r\n```\n",
        "hints_text": "more details are needed - based on the exception, the docstring is a integer, that seems completely wrong\nI run it pass lasttime in 2023-6-20 17:07:23. it run in docker and install newest pytest before run testcase everytime . maybe some commit cause it recently. \r\nI run it can pass in 7.2.0 a few minutes ago.\r\n\r\n`pytest ini`\r\n```\r\n[pytest]\r\nlog_cli = false\r\nlog_cli_level = debug\r\nlog_cli_format = %(asctime)s %(levelname)s %(message)s\r\nlog_cli_date_format = %Y-%m-%d %H:%M:%S\r\n\r\naddopts = -v -s\r\n\r\nfilterwarnings =\r\n    ignore::UserWarning\r\n\r\nmarkers=\r\n    case_id: mark test id to upload on tp\r\n    case_level_bvt: testcase level bvt\r\n    case_level_1: testcase level level 1\r\n    case_level_2: testcase level level 2\r\n    case_level_3: testcase level level 3\r\n    case_status_pass: mark case as PASS\r\n    case_status_fail: mark case as FAILED\r\n    case_status_not_finish: mark case as CODEING\r\n    case_status_not_run: mark case as FINISH\r\n    case_not_run: mark case as DONT RUN\r\n    run_env: mark run this case on which environment\r\n ```\r\n    \r\n`testcase:`\r\n```\r\n@pytest.fixture(autouse=True)\r\ndef default_setup_teardown():\r\n    xxxx\r\n\r\n@allure.feature(\"初始状态\")\r\nclass TestDefauleName:\r\n    @allure.title(\"上线一个域用户，用户名和组名正确\")\r\n    @pytest.mark.case_level_1\r\n    @pytest.mark.case_id(\"tc_proxyheard_insert_011\")\r\n    def test_tc_proxyheard_insert_011(self):\r\n        xxxx\r\n        ```\nthanks for the update\r\n\r\ni took the liberty to edit your comments to use markdown code blocks for ease of reading\r\n\r\nfrom the given information the problem is still unclear\r\n\r\nplease try running with `--assert=plain` for verification\r\n\r\nthe error indicates that the python ast parser somehow ends up with a integer as the docstring for `test_socks_user_011.py` the reason is still unclear based on the redacted information\nI run with --assert=plain and it has passed\r\n\r\npython3 -m pytest -k helloworld --assert=plain\r\n```\r\ntestcases/smoke_testcase/test_helloworld.py::TestGuardProcess::test_hello_world 2023-06-25 08:54:17.659 | INFO     | NAC_AIO.testcases.smoke_testcase.test_helloworld:test_hello_world:15 - Great! Frame Work is working\r\nPASSED\r\ntotal: 1648\r\npassed: 1\r\nfailed: 0\r\nerror: 0\r\npass_rate 100.00%\r\n\r\n================================================================================= 1 passed, 1647 deselected in 12.28s =================================================================================\r\n```\nIt seems to me that we have a potential bug in the ast transformer where's in case the first expression of a file is a integer, we mistake it as a docstring\n\nCan you verify the first expression in the file that fails?\nyou are right this file first expression is a 0 . It can pass after I delete it \r\nthank you!\nMinimal reproducer:\r\n\r\n```python\r\n0\r\n```\r\n\r\n(yes, just that, in a .py file)",
        "created_at": "2023-06-26T06:44:43Z",
        "version": "8.0",
        "FAIL_TO_PASS": "[\"testing/test_assertrewrite.py::TestIssue11140::test_constant_not_picked_as_module_docstring\"]",
        "PASS_TO_PASS": "[\"testing/test_assertrewrite.py::TestAssertionRewrite::test_place_initial_imports\", \"testing/test_assertrewrite.py::TestAssertionRewrite::test_location_is_set\", \"testing/test_assertrewrite.py::TestAssertionRewrite::test_dont_rewrite\", \"testing/test_assertrewrite.py::TestAssertionRewrite::test_name\", \"testing/test_assertrewrite.py::TestAssertionRewrite::test_assertrepr_compare_same_width\", \"testing/test_assertrewrite.py::TestAssertionRewrite::test_dont_rewrite_if_hasattr_fails\", \"testing/test_assertrewrite.py::TestAssertionRewrite::test_assert_already_has_message\", \"testing/test_assertrewrite.py::TestAssertionRewrite::test_boolop\", \"testing/test_assertrewrite.py::TestAssertionRewrite::test_short_circuit_evaluation\", \"testing/test_assertrewrite.py::TestAssertionRewrite::test_unary_op\", \"testing/test_assertrewrite.py::TestAssertionRewrite::test_binary_op\", \"testing/test_assertrewrite.py::TestAssertionRewrite::test_boolop_percent\", \"testing/test_assertrewrite.py::TestAssertionRewrite::test_call\", \"testing/test_assertrewrite.py::TestAssertionRewrite::test_attribute\", \"testing/test_assertrewrite.py::TestAssertionRewrite::test_comparisons\", \"testing/test_assertrewrite.py::TestAssertionRewrite::test_len\", \"testing/test_assertrewrite.py::TestAssertionRewrite::test_custom_reprcompare\", \"testing/test_assertrewrite.py::TestAssertionRewrite::test_assert_raising__bool__in_comparison\", \"testing/test_assertrewrite.py::TestAssertionRewrite::test_formatchar\", \"testing/test_assertrewrite.py::TestAssertionRewrite::test_custom_repr\", \"testing/test_assertrewrite.py::TestAssertionRewrite::test_custom_repr_non_ascii\", \"testing/test_assertrewrite.py::TestAssertionRewriteHookDetails::test_read_pyc\", \"testing/test_assertrewrite.py::TestAssertionRewriteHookDetails::test_read_pyc_more_invalid\", \"testing/test_assertrewrite.py::test_get_assertion_exprs[trivial]\", \"testing/test_assertrewrite.py::test_get_assertion_exprs[assert\", \"testing/test_assertrewrite.py::test_get_assertion_exprs[multiple\", \"testing/test_assertrewrite.py::test_get_assertion_exprs[latin1\", \"testing/test_assertrewrite.py::test_get_assertion_exprs[utf-8\", \"testing/test_assertrewrite.py::test_get_assertion_exprs[multi-line\", \"testing/test_assertrewrite.py::test_get_assertion_exprs[multi\", \"testing/test_assertrewrite.py::test_get_assertion_exprs[backslash\", \"testing/test_assertrewrite.py::test_get_assertion_exprs[assertion\", \"testing/test_assertrewrite.py::test_get_assertion_exprs[escaped\", \"testing/test_assertrewrite.py::test_get_assertion_exprs[no\", \"testing/test_assertrewrite.py::test_try_makedirs\", \"testing/test_assertrewrite.py::TestPyCacheDir::test_get_cache_dir[c:/tmp/pycs-d:/projects/src/foo.py-c:/tmp/pycs/projects/src]\", \"testing/test_assertrewrite.py::TestPyCacheDir::test_get_cache_dir[None-d:/projects/src/foo.py-d:/projects/src/__pycache__]\", \"testing/test_assertrewrite.py::TestPyCacheDir::test_get_cache_dir[/tmp/pycs-/home/projects/src/foo.py-/tmp/pycs/home/projects/src]\", \"testing/test_assertrewrite.py::TestPyCacheDir::test_get_cache_dir[None-/home/projects/src/foo.py-/home/projects/src/__pycache__]\", \"testing/test_assertrewrite.py::TestReprSizeVerbosity::test_get_maxsize_for_saferepr[0-240]\", \"testing/test_assertrewrite.py::TestReprSizeVerbosity::test_get_maxsize_for_saferepr[1-2400]\", \"testing/test_assertrewrite.py::TestReprSizeVerbosity::test_get_maxsize_for_saferepr[2-None]\", \"testing/test_assertrewrite.py::TestReprSizeVerbosity::test_get_maxsize_for_saferepr[3-None]\", \"testing/test_assertrewrite.py::TestAssertionRewrite::test_rewrites_plugin_as_a_package\", \"testing/test_assertrewrite.py::TestAssertionRewrite::test_honors_pep_235\", \"testing/test_assertrewrite.py::TestAssertionRewrite::test_assertion_message\", \"testing/test_assertrewrite.py::TestAssertionRewrite::test_assertion_message_multiline\", \"testing/test_assertrewrite.py::TestAssertionRewrite::test_assertion_message_tuple\", \"testing/test_assertrewrite.py::TestAssertionRewrite::test_assertion_message_expr\", \"testing/test_assertrewrite.py::TestAssertionRewrite::test_assertion_message_escape\", \"testing/test_assertrewrite.py::TestAssertionRewrite::test_assertion_messages_bytes\", \"testing/test_assertrewrite.py::TestAssertionRewrite::test_at_operator_issue1290\", \"testing/test_assertrewrite.py::TestAssertionRewrite::test_starred_with_side_effect\", \"testing/test_assertrewrite.py::TestRewriteOnImport::test_pycache_is_a_file\", \"testing/test_assertrewrite.py::TestRewriteOnImport::test_pycache_is_readonly\", \"testing/test_assertrewrite.py::TestRewriteOnImport::test_zipfile\", \"testing/test_assertrewrite.py::TestRewriteOnImport::test_load_resource_via_files_with_rewrite\", \"testing/test_assertrewrite.py::TestRewriteOnImport::test_readonly\", \"testing/test_assertrewrite.py::TestRewriteOnImport::test_orphaned_pyc_file\", \"testing/test_assertrewrite.py::TestRewriteOnImport::test_package\", \"testing/test_assertrewrite.py::TestRewriteOnImport::test_translate_newlines\", \"testing/test_assertrewrite.py::TestRewriteOnImport::test_package_without__init__py\", \"testing/test_assertrewrite.py::TestRewriteOnImport::test_remember_rewritten_modules\", \"testing/test_assertrewrite.py::TestAssertionRewriteHookDetails::test_sys_meta_path_munged\", \"testing/test_assertrewrite.py::TestAssertionRewriteHookDetails::test_write_pyc\", \"testing/test_assertrewrite.py::TestAssertionRewriteHookDetails::test_read_pyc_success\", \"testing/test_assertrewrite.py::TestAssertionRewriteHookDetails::test_reload_is_same_and_reloads\", \"testing/test_assertrewrite.py::TestAssertionRewriteHookDetails::test_get_data_support\", \"testing/test_assertrewrite.py::test_issue731\", \"testing/test_assertrewrite.py::TestIssue925::test_simple_case\", \"testing/test_assertrewrite.py::TestIssue925::test_long_case\", \"testing/test_assertrewrite.py::TestIssue925::test_many_brackets\", \"testing/test_assertrewrite.py::TestIssue2121::test_rewrite_python_files_contain_subdirs\", \"testing/test_assertrewrite.py::TestIssue10743::test_assertion_walrus_operator\", \"testing/test_assertrewrite.py::TestIssue10743::test_assertion_walrus_operator_dont_rewrite\", \"testing/test_assertrewrite.py::TestIssue10743::test_assertion_inline_walrus_operator\", \"testing/test_assertrewrite.py::TestIssue10743::test_assertion_inline_walrus_operator_reverse\", \"testing/test_assertrewrite.py::TestIssue10743::test_assertion_walrus_no_variable_name_conflict\", \"testing/test_assertrewrite.py::TestIssue10743::test_assertion_walrus_operator_true_assertion_and_changes_variable_value\", \"testing/test_assertrewrite.py::TestIssue10743::test_assertion_walrus_operator_fail_assertion\", \"testing/test_assertrewrite.py::TestIssue10743::test_assertion_walrus_operator_boolean_composite\", \"testing/test_assertrewrite.py::TestIssue10743::test_assertion_walrus_operator_compare_boolean_fails\", \"testing/test_assertrewrite.py::TestIssue10743::test_assertion_walrus_operator_boolean_none_fails\", \"testing/test_assertrewrite.py::TestIssue10743::test_assertion_walrus_operator_value_changes_cleared_after_each_test\", \"testing/test_assertrewrite.py::TestIssue11028::test_assertion_walrus_operator_in_operand\", \"testing/test_assertrewrite.py::TestIssue11028::test_assertion_walrus_operator_in_operand_json_dumps\", \"testing/test_assertrewrite.py::TestIssue11028::test_assertion_walrus_operator_equals_operand_function\", \"testing/test_assertrewrite.py::TestIssue11028::test_assertion_walrus_operator_equals_operand_function_keyword_arg\", \"testing/test_assertrewrite.py::TestIssue11028::test_assertion_walrus_operator_equals_operand_function_arg_as_function\", \"testing/test_assertrewrite.py::TestIssue11028::test_assertion_walrus_operator_gt_operand_function\", \"testing/test_assertrewrite.py::test_source_mtime_long_long[-1]\", \"testing/test_assertrewrite.py::test_source_mtime_long_long[1]\", \"testing/test_assertrewrite.py::test_rewrite_infinite_recursion\", \"testing/test_assertrewrite.py::TestEarlyRewriteBailout::test_basic\", \"testing/test_assertrewrite.py::TestEarlyRewriteBailout::test_pattern_contains_subdirectories\", \"testing/test_assertrewrite.py::TestEarlyRewriteBailout::test_cwd_changed\", \"testing/test_assertrewrite.py::TestAssertionPass::test_option_default\", \"testing/test_assertrewrite.py::TestAssertionPass::test_hook_call\", \"testing/test_assertrewrite.py::TestAssertionPass::test_hook_call_with_parens\", \"testing/test_assertrewrite.py::TestAssertionPass::test_hook_not_called_without_hookimpl\", \"testing/test_assertrewrite.py::TestAssertionPass::test_hook_not_called_without_cmd_option\", \"testing/test_assertrewrite.py::TestPyCacheDir::test_sys_pycache_prefix_integration\", \"testing/test_assertrewrite.py::TestReprSizeVerbosity::test_default_verbosity\", \"testing/test_assertrewrite.py::TestReprSizeVerbosity::test_increased_verbosity\", \"testing/test_assertrewrite.py::TestReprSizeVerbosity::test_max_increased_verbosity\", \"testing/test_assertrewrite.py::TestAssertionRewrite::test_dont_rewrite_plugin\", \"testing/test_assertrewrite.py::TestRewriteOnImport::test_dont_write_bytecode\", \"testing/test_assertrewrite.py::TestRewriteOnImport::test_cached_pyc_includes_pytest_version\", \"testing/test_assertrewrite.py::TestRewriteOnImport::test_pyc_vs_pyo\", \"testing/test_assertrewrite.py::TestRewriteOnImport::test_rewrite_warning\", \"testing/test_assertrewrite.py::TestRewriteOnImport::test_rewrite_module_imported_from_conftest\", \"testing/test_assertrewrite.py::TestRewriteOnImport::test_rewrite_warning_using_pytest_plugins\", \"testing/test_assertrewrite.py::TestRewriteOnImport::test_rewrite_warning_using_pytest_plugins_env_var\", \"testing/test_assertrewrite.py::TestAssertionRewriteHookDetails::test_resources_provider_for_loader\"]",
        "environment_setup_commit": "10056865d2a4784934ce043908a0e78d0578f677",
        "issue_title": "Rewrite fails when first expression of file is a number and mistaken as docstring ",
        "test_file": "/home/fdse/wy/RepoCodeEdit/data/raw_repo_lite/pytest/testing/test_assertrewrite.py"
    },
    {
        "repo": "pytest-dev/pytest",
        "instance_id": "pytest-dev__pytest-8906",
        "base_commit": "69356d20cfee9a81972dcbf93d8caf9eabe113e8",
        "patch": "diff --git a/src/_pytest/python.py b/src/_pytest/python.py\n--- a/src/_pytest/python.py\n+++ b/src/_pytest/python.py\n@@ -608,10 +608,10 @@ def _importtestmodule(self):\n             if e.allow_module_level:\n                 raise\n             raise self.CollectError(\n-                \"Using pytest.skip outside of a test is not allowed. \"\n-                \"To decorate a test function, use the @pytest.mark.skip \"\n-                \"or @pytest.mark.skipif decorators instead, and to skip a \"\n-                \"module use `pytestmark = pytest.mark.{skip,skipif}.\"\n+                \"Using pytest.skip outside of a test will skip the entire module. \"\n+                \"If that's your intention, pass `allow_module_level=True`. \"\n+                \"If you want to skip a specific test or an entire class, \"\n+                \"use the @pytest.mark.skip or @pytest.mark.skipif decorators.\"\n             ) from e\n         self.config.pluginmanager.consider_module(mod)\n         return mod\n",
        "test_patch": "diff --git a/testing/test_skipping.py b/testing/test_skipping.py\n--- a/testing/test_skipping.py\n+++ b/testing/test_skipping.py\n@@ -1341,7 +1341,7 @@ def test_func():\n     )\n     result = pytester.runpytest()\n     result.stdout.fnmatch_lines(\n-        [\"*Using pytest.skip outside of a test is not allowed*\"]\n+        [\"*Using pytest.skip outside of a test will skip the entire module*\"]\n     )\n \n \n",
        "problem_statement": "Improve handling of skip for module level\nThis is potentially about updating docs, updating error messages or introducing a new API.\r\n\r\nConsider the following scenario:\r\n\r\n`pos_only.py` is using Python 3,8 syntax:\r\n```python\r\ndef foo(a, /, b):\r\n    return a + b\r\n```\r\n\r\nIt should not be tested under Python 3.6 and 3.7.\r\nThis is a proper way to skip the test in Python older than 3.8:\r\n```python\r\nfrom pytest import raises, skip\r\nimport sys\r\nif sys.version_info < (3, 8):\r\n    skip(msg=\"Requires Python >= 3.8\", allow_module_level=True)\r\n\r\n# import must be after the module level skip:\r\nfrom pos_only import *\r\n\r\ndef test_foo():\r\n    assert foo(10, 20) == 30\r\n    assert foo(10, b=20) == 30\r\n    with raises(TypeError):\r\n        assert foo(a=10, b=20)\r\n```\r\n\r\nMy actual test involves parameterize and a 3.8 only class, so skipping the test itself is not sufficient because the 3.8 class was used in the parameterization.\r\n\r\nA naive user will try to initially skip the module like:\r\n\r\n```python\r\nif sys.version_info < (3, 8):\r\n    skip(msg=\"Requires Python >= 3.8\")\r\n```\r\nThis issues this error:\r\n\r\n>Using pytest.skip outside of a test is not allowed. To decorate a test function, use the @pytest.mark.skip or @pytest.mark.skipif decorators instead, and to skip a module use `pytestmark = pytest.mark.{skip,skipif}.\r\n\r\nThe proposed solution `pytestmark = pytest.mark.{skip,skipif}`, does not work  in my case: pytest continues to process the file and fail when it hits the 3.8 syntax (when running with an older version of Python).\r\n\r\nThe correct solution, to use skip as a function is actively discouraged by the error message.\r\n\r\nThis area feels a bit unpolished.\r\nA few ideas to improve:\r\n\r\n1. Explain skip with  `allow_module_level` in the error message. this seems in conflict with the spirit of the message.\r\n2. Create an alternative API to skip a module to make things easier: `skip_module(\"reason\")`, which can call `_skip(msg=msg, allow_module_level=True)`.\r\n\r\n\n",
        "hints_text": "SyntaxErrors are thrown before execution, so how would the skip call stop the interpreter from parsing the 'incorrect' syntax?\r\nunless we hook the interpreter that is.\r\nA solution could be to ignore syntax errors based on some parameter\r\nif needed we can extend this to have some functionality to evaluate conditions in which syntax errors should be ignored\r\nplease note what i suggest will not fix other compatibility issues, just syntax errors\r\n\n> SyntaxErrors are thrown before execution, so how would the skip call stop the interpreter from parsing the 'incorrect' syntax?\r\n\r\nThe Python 3.8 code is included by an import. the idea is that the import should not happen if we are skipping the module.\r\n```python\r\nif sys.version_info < (3, 8):\r\n    skip(msg=\"Requires Python >= 3.8\", allow_module_level=True)\r\n\r\n# import must be after the module level skip:\r\nfrom pos_only import *\r\n```\nHi @omry,\r\n\r\nThanks for raising this.\r\n\r\nDefinitely we should improve that message. \r\n\r\n> Explain skip with allow_module_level in the error message. this seems in conflict with the spirit of the message.\r\n\r\nI'm 👍 on this. 2 is also good, but because `allow_module_level` already exists and is part of the public API, I don't think introducing a new API will really help, better to improve the docs of what we already have.\r\n\r\nPerhaps improve the message to something like this:\r\n\r\n```\r\nUsing pytest.skip outside of a test will skip the entire module, if that's your intention pass `allow_module_level=True`. \r\nIf you want to skip a specific test or entire class, use the @pytest.mark.skip or @pytest.mark.skipif decorators.\r\n```\r\n\r\nI think we can drop the `pytestmark` remark from there, it is not skip-specific and passing `allow_module_level` already accomplishes the same.\r\n\nThanks @nicoddemus.\r\n\r\n> Using pytest.skip outside of a test will skip the entire module, if that's your intention pass `allow_module_level=True`. \r\nIf you want to skip a specific test or entire class, use the @pytest.mark.skip or @pytest.mark.skipif decorators.\r\n\r\nThis sounds clearer.\r\nCan you give a bit of context of why the message is there in the first place?\r\nIt sounds like we should be able to automatically detect if this is skipping a test or skipping the entire module (based on the fact that we can issue the warning).\r\n\r\nMaybe this is addressing some past confusion, or we want to push people toward `pytest.mark.skip[if]`, but if we can detect it automatically - we can also deprecate allow_module_level and make `skip()` do the right thing based on the context it's used in.\n> Maybe this is addressing some past confusion\r\n\r\nThat's exactly it, people would use `@pytest.skip` instead of `@pytest.mark.skip` and skip the whole module:\r\n\r\nhttps://github.com/pytest-dev/pytest/issues/2338#issuecomment-290324255\r\n\r\nFor that reason we don't really want to automatically detect things, but want users to explicitly pass that flag which proves they are not doing it by accident.\r\n\r\nOriginal issue: https://github.com/pytest-dev/pytest/issues/607\nHaving looked at the links, I think the alternative API to skip a module is more appealing.\r\nHere is a proposed end state:\r\n\r\n1. pytest.skip_module is introduced, can be used to skip a module.\r\n2. pytest.skip() is only legal inside of a test. If called outside of a test, an error message is issues.\r\nExample:\r\n\r\n> pytest.skip should only be used inside tests. To skip a module use pytest.skip_module. To completely skip a test function or a test class, use the @pytest.mark.skip or @pytest.mark.skipif decorators.\r\n\r\nGetting to this end state would include deprecating allow_module_level first, directing people using pytest.skip(allow_module_level=True) to use pytest.skip_module().\r\n\r\nI am also fine with just changing the message as you initially proposed but I feel this proposal will result in an healthier state.\r\n\n-0.5 from my side - I think this is too minor to warrant another deprecation and change.\nI agree it would be healthier, but -1 from me for the same reasons as @The-Compiler: we already had a deprecation/change period in order to introduce `allow_module_level`, having yet another one is frustrating/confusing to users, in comparison to the small gains.\nHi, I see that this is still open. If available, I'd like to take this up.",
        "created_at": "2021-07-14T08:00:50Z",
        "version": "7.0",
        "FAIL_TO_PASS": "[\"testing/test_skipping.py::test_module_level_skip_error\"]",
        "PASS_TO_PASS": "[\"testing/test_skipping.py::test_importorskip\", \"testing/test_skipping.py::TestEvaluation::test_no_marker\", \"testing/test_skipping.py::TestEvaluation::test_marked_xfail_no_args\", \"testing/test_skipping.py::TestEvaluation::test_marked_skipif_no_args\", \"testing/test_skipping.py::TestEvaluation::test_marked_one_arg\", \"testing/test_skipping.py::TestEvaluation::test_marked_one_arg_with_reason\", \"testing/test_skipping.py::TestEvaluation::test_marked_one_arg_twice\", \"testing/test_skipping.py::TestEvaluation::test_marked_one_arg_twice2\", \"testing/test_skipping.py::TestEvaluation::test_marked_skipif_with_boolean_without_reason\", \"testing/test_skipping.py::TestEvaluation::test_marked_skipif_with_invalid_boolean\", \"testing/test_skipping.py::TestEvaluation::test_skipif_class\", \"testing/test_skipping.py::TestEvaluation::test_skipif_markeval_namespace\", \"testing/test_skipping.py::TestEvaluation::test_skipif_markeval_namespace_multiple\", \"testing/test_skipping.py::TestEvaluation::test_skipif_markeval_namespace_ValueError\", \"testing/test_skipping.py::TestXFail::test_xfail_simple[True]\", \"testing/test_skipping.py::TestXFail::test_xfail_simple[False]\", \"testing/test_skipping.py::TestXFail::test_xfail_xpassed\", \"testing/test_skipping.py::TestXFail::test_xfail_using_platform\", \"testing/test_skipping.py::TestXFail::test_xfail_xpassed_strict\", \"testing/test_skipping.py::TestXFail::test_xfail_run_anyway\", \"testing/test_skipping.py::TestXFail::test_xfail_run_with_skip_mark[test_input0-expected0]\", \"testing/test_skipping.py::TestXFail::test_xfail_run_with_skip_mark[test_input1-expected1]\", \"testing/test_skipping.py::TestXFail::test_xfail_evalfalse_but_fails\", \"testing/test_skipping.py::TestXFail::test_xfail_not_report_default\", \"testing/test_skipping.py::TestXFail::test_xfail_not_run_xfail_reporting\", \"testing/test_skipping.py::TestXFail::test_xfail_not_run_no_setup_run\", \"testing/test_skipping.py::TestXFail::test_xfail_xpass\", \"testing/test_skipping.py::TestXFail::test_xfail_imperative\", \"testing/test_skipping.py::TestXFail::test_xfail_imperative_in_setup_function\", \"testing/test_skipping.py::TestXFail::test_dynamic_xfail_no_run\", \"testing/test_skipping.py::TestXFail::test_dynamic_xfail_set_during_funcarg_setup\", \"testing/test_skipping.py::TestXFail::test_dynamic_xfail_set_during_runtest_failed\", \"testing/test_skipping.py::TestXFail::test_dynamic_xfail_set_during_runtest_passed_strict\", \"testing/test_skipping.py::TestXFail::test_xfail_raises[TypeError-TypeError-*1\", \"testing/test_skipping.py::TestXFail::test_xfail_raises[(AttributeError,\", \"testing/test_skipping.py::TestXFail::test_xfail_raises[TypeError-IndexError-*1\", \"testing/test_skipping.py::TestXFail::test_strict_sanity\", \"testing/test_skipping.py::TestXFail::test_strict_xfail[True]\", \"testing/test_skipping.py::TestXFail::test_strict_xfail[False]\", \"testing/test_skipping.py::TestXFail::test_strict_xfail_condition[True]\", \"testing/test_skipping.py::TestXFail::test_strict_xfail_condition[False]\", \"testing/test_skipping.py::TestXFail::test_xfail_condition_keyword[True]\", \"testing/test_skipping.py::TestXFail::test_xfail_condition_keyword[False]\", \"testing/test_skipping.py::TestXFail::test_strict_xfail_default_from_file[true]\", \"testing/test_skipping.py::TestXFail::test_strict_xfail_default_from_file[false]\", \"testing/test_skipping.py::TestXFail::test_xfail_markeval_namespace\", \"testing/test_skipping.py::TestXFailwithSetupTeardown::test_failing_setup_issue9\", \"testing/test_skipping.py::TestXFailwithSetupTeardown::test_failing_teardown_issue9\", \"testing/test_skipping.py::TestSkip::test_skip_class\", \"testing/test_skipping.py::TestSkip::test_skips_on_false_string\", \"testing/test_skipping.py::TestSkip::test_arg_as_reason\", \"testing/test_skipping.py::TestSkip::test_skip_no_reason\", \"testing/test_skipping.py::TestSkip::test_skip_with_reason\", \"testing/test_skipping.py::TestSkip::test_only_skips_marked_test\", \"testing/test_skipping.py::TestSkip::test_strict_and_skip\", \"testing/test_skipping.py::TestSkip::test_wrong_skip_usage\", \"testing/test_skipping.py::TestSkipif::test_skipif_conditional\", \"testing/test_skipping.py::TestSkipif::test_skipif_reporting[\\\"hasattr(sys,\", \"testing/test_skipping.py::TestSkipif::test_skipif_reporting[True,\", \"testing/test_skipping.py::TestSkipif::test_skipif_using_platform\", \"testing/test_skipping.py::TestSkipif::test_skipif_reporting_multiple[skipif-SKIP-skipped]\", \"testing/test_skipping.py::TestSkipif::test_skipif_reporting_multiple[xfail-XPASS-xpassed]\", \"testing/test_skipping.py::test_skip_not_report_default\", \"testing/test_skipping.py::test_skipif_class\", \"testing/test_skipping.py::test_skipped_reasons_functional\", \"testing/test_skipping.py::test_skipped_folding\", \"testing/test_skipping.py::test_reportchars\", \"testing/test_skipping.py::test_reportchars_error\", \"testing/test_skipping.py::test_reportchars_all\", \"testing/test_skipping.py::test_reportchars_all_error\", \"testing/test_skipping.py::test_errors_in_xfail_skip_expressions\", \"testing/test_skipping.py::test_xfail_skipif_with_globals\", \"testing/test_skipping.py::test_default_markers\", \"testing/test_skipping.py::test_xfail_test_setup_exception\", \"testing/test_skipping.py::test_imperativeskip_on_xfail_test\", \"testing/test_skipping.py::TestBooleanCondition::test_skipif\", \"testing/test_skipping.py::TestBooleanCondition::test_skipif_noreason\", \"testing/test_skipping.py::TestBooleanCondition::test_xfail\", \"testing/test_skipping.py::test_xfail_item\", \"testing/test_skipping.py::test_module_level_skip_with_allow_module_level\", \"testing/test_skipping.py::test_invalid_skip_keyword_parameter\", \"testing/test_skipping.py::test_mark_xfail_item\", \"testing/test_skipping.py::test_summary_list_after_errors\", \"testing/test_skipping.py::test_relpath_rootdir\"]",
        "environment_setup_commit": "e2ee3144ed6e241dea8d96215fcdca18b3892551",
        "issue_title": "Improve handling of skip for module level",
        "test_file": "/home/fdse/wy/RepoCodeEdit/data/raw_repo_lite/pytest/testing/example_scripts/unittest/test_setup_skip_module.py"
    },
    {
        "repo": "pytest-dev/pytest",
        "instance_id": "pytest-dev__pytest-7373",
        "base_commit": "7b77fc086aab8b3a8ebc890200371884555eea1e",
        "patch": "diff --git a/src/_pytest/mark/evaluate.py b/src/_pytest/mark/evaluate.py\n--- a/src/_pytest/mark/evaluate.py\n+++ b/src/_pytest/mark/evaluate.py\n@@ -10,25 +10,14 @@\n from ..outcomes import fail\n from ..outcomes import TEST_OUTCOME\n from .structures import Mark\n-from _pytest.config import Config\n from _pytest.nodes import Item\n-from _pytest.store import StoreKey\n \n \n-evalcache_key = StoreKey[Dict[str, Any]]()\n+def compiled_eval(expr: str, d: Dict[str, object]) -> Any:\n+    import _pytest._code\n \n-\n-def cached_eval(config: Config, expr: str, d: Dict[str, object]) -> Any:\n-    default = {}  # type: Dict[str, object]\n-    evalcache = config._store.setdefault(evalcache_key, default)\n-    try:\n-        return evalcache[expr]\n-    except KeyError:\n-        import _pytest._code\n-\n-        exprcode = _pytest._code.compile(expr, mode=\"eval\")\n-        evalcache[expr] = x = eval(exprcode, d)\n-        return x\n+    exprcode = _pytest._code.compile(expr, mode=\"eval\")\n+    return eval(exprcode, d)\n \n \n class MarkEvaluator:\n@@ -98,7 +87,7 @@ def _istrue(self) -> bool:\n                     self.expr = expr\n                     if isinstance(expr, str):\n                         d = self._getglobals()\n-                        result = cached_eval(self.item.config, expr, d)\n+                        result = compiled_eval(expr, d)\n                     else:\n                         if \"reason\" not in mark.kwargs:\n                             # XXX better be checked at collection time\n",
        "test_patch": "diff --git a/testing/test_mark.py b/testing/test_mark.py\n--- a/testing/test_mark.py\n+++ b/testing/test_mark.py\n@@ -706,6 +706,36 @@ def test_1(parameter):\n         reprec = testdir.inline_run()\n         reprec.assertoutcome(skipped=1)\n \n+    def test_reevaluate_dynamic_expr(self, testdir):\n+        \"\"\"#7360\"\"\"\n+        py_file1 = testdir.makepyfile(\n+            test_reevaluate_dynamic_expr1=\"\"\"\n+            import pytest\n+\n+            skip = True\n+\n+            @pytest.mark.skipif(\"skip\")\n+            def test_should_skip():\n+                assert True\n+        \"\"\"\n+        )\n+        py_file2 = testdir.makepyfile(\n+            test_reevaluate_dynamic_expr2=\"\"\"\n+            import pytest\n+\n+            skip = False\n+\n+            @pytest.mark.skipif(\"skip\")\n+            def test_should_not_skip():\n+                assert True\n+        \"\"\"\n+        )\n+\n+        file_name1 = os.path.basename(py_file1.strpath)\n+        file_name2 = os.path.basename(py_file2.strpath)\n+        reprec = testdir.inline_run(file_name1, file_name2)\n+        reprec.assertoutcome(passed=1, skipped=1)\n+\n \n class TestKeywordSelection:\n     def test_select_simple(self, testdir):\n",
        "problem_statement": "Incorrect caching of skipif/xfail string condition evaluation\nVersion: pytest 5.4.3, current master\r\n\r\npytest caches the evaluation of the string in e.g. `@pytest.mark.skipif(\"sys.platform == 'win32'\")`. The caching key is only the string itself (see `cached_eval` in `_pytest/mark/evaluate.py`). However, the evaluation also depends on the item's globals, so the caching can lead to incorrect results. Example:\r\n\r\n```py\r\n# test_module_1.py\r\nimport pytest\r\n\r\nskip = True\r\n\r\n@pytest.mark.skipif(\"skip\")\r\ndef test_should_skip():\r\n    assert False\r\n```\r\n\r\n```py\r\n# test_module_2.py\r\nimport pytest\r\n\r\nskip = False\r\n\r\n@pytest.mark.skipif(\"skip\")\r\ndef test_should_not_skip():\r\n    assert False\r\n```\r\n\r\nRunning `pytest test_module_1.py test_module_2.py`.\r\n\r\nExpected: `test_should_skip` is skipped, `test_should_not_skip` is not skipped.\r\n\r\nActual: both are skipped.\r\n\r\n---\r\n\r\nI think the most appropriate fix is to simply remove the caching, which I don't think is necessary really, and inline `cached_eval` into `MarkEvaluator._istrue`.\n",
        "hints_text": "> I think the most appropriate fix is to simply remove the caching, which I don't think is necessary really, and inline cached_eval into MarkEvaluator._istrue.\r\n\r\nI agree:\r\n\r\n* While it might have some performance impact with very large test suites which use marks with eval, the simple workaround is to not use the eval feature on those, which is more predictable anyway.\r\n* I don't see a clean way to turn \"globals\" in some kind of cache key without having some performance impact and/or adverse effects.\r\n\r\nSo 👍 from me to simply removing this caching. \nAs globals are dynamic, i would propose to drop the cache as well, we should investigate reinstating a cache later on ",
        "created_at": "2020-06-15T17:12:08Z",
        "version": "5.4",
        "FAIL_TO_PASS": "[\"testing/test_mark.py::TestFunctional::test_reevaluate_dynamic_expr\"]",
        "PASS_TO_PASS": "[\"testing/test_mark.py::TestMark::test_pytest_exists_in_namespace_all[py.test-mark]\", \"testing/test_mark.py::TestMark::test_pytest_exists_in_namespace_all[py.test-param]\", \"testing/test_mark.py::TestMark::test_pytest_exists_in_namespace_all[pytest-mark]\", \"testing/test_mark.py::TestMark::test_pytest_exists_in_namespace_all[pytest-param]\", \"testing/test_mark.py::TestMark::test_pytest_mark_notcallable\", \"testing/test_mark.py::TestMark::test_mark_with_param\", \"testing/test_mark.py::TestMark::test_pytest_mark_name_starts_with_underscore\", \"testing/test_mark.py::TestMarkDecorator::test__eq__[lhs0-rhs0-True]\", \"testing/test_mark.py::TestMarkDecorator::test__eq__[lhs1-rhs1-False]\", \"testing/test_mark.py::TestMarkDecorator::test__eq__[lhs2-bar-False]\", \"testing/test_mark.py::TestMarkDecorator::test__eq__[foo-rhs3-False]\", \"testing/test_mark.py::TestMarkDecorator::test_aliases\", \"testing/test_mark.py::test_addmarker_order\", \"testing/test_mark.py::test_pytest_param_id_requires_string\", \"testing/test_mark.py::test_pytest_param_id_allows_none_or_string[None]\", \"testing/test_mark.py::test_pytest_param_id_allows_none_or_string[hello\", \"testing/test_mark.py::test_marked_class_run_twice\", \"testing/test_mark.py::test_ini_markers\", \"testing/test_mark.py::test_markers_option\", \"testing/test_mark.py::test_ini_markers_whitespace\", \"testing/test_mark.py::test_marker_without_description\", \"testing/test_mark.py::test_markers_option_with_plugin_in_current_dir\", \"testing/test_mark.py::test_mark_on_pseudo_function\", \"testing/test_mark.py::test_strict_prohibits_unregistered_markers[--strict-markers]\", \"testing/test_mark.py::test_strict_prohibits_unregistered_markers[--strict]\", \"testing/test_mark.py::test_mark_option[xyz-expected_passed0]\", \"testing/test_mark.py::test_mark_option[(((\", \"testing/test_mark.py::test_mark_option[not\", \"testing/test_mark.py::test_mark_option[xyz\", \"testing/test_mark.py::test_mark_option[xyz2-expected_passed4]\", \"testing/test_mark.py::test_mark_option_custom[interface-expected_passed0]\", \"testing/test_mark.py::test_mark_option_custom[not\", \"testing/test_mark.py::test_keyword_option_custom[interface-expected_passed0]\", \"testing/test_mark.py::test_keyword_option_custom[not\", \"testing/test_mark.py::test_keyword_option_custom[pass-expected_passed2]\", \"testing/test_mark.py::test_keyword_option_custom[1\", \"testing/test_mark.py::test_keyword_option_considers_mark\", \"testing/test_mark.py::test_keyword_option_parametrize[None-expected_passed0]\", \"testing/test_mark.py::test_keyword_option_parametrize[[1.3]-expected_passed1]\", \"testing/test_mark.py::test_keyword_option_parametrize[2-3-expected_passed2]\", \"testing/test_mark.py::test_parametrize_with_module\", \"testing/test_mark.py::test_keyword_option_wrong_arguments[foo\", \"testing/test_mark.py::test_keyword_option_wrong_arguments[(foo-at\", \"testing/test_mark.py::test_keyword_option_wrong_arguments[or\", \"testing/test_mark.py::test_keyword_option_wrong_arguments[not\", \"testing/test_mark.py::test_parametrized_collected_from_command_line\", \"testing/test_mark.py::test_parametrized_collect_with_wrong_args\", \"testing/test_mark.py::test_parametrized_with_kwargs\", \"testing/test_mark.py::test_parametrize_iterator\", \"testing/test_mark.py::TestFunctional::test_merging_markers_deep\", \"testing/test_mark.py::TestFunctional::test_mark_decorator_subclass_does_not_propagate_to_base\", \"testing/test_mark.py::TestFunctional::test_mark_should_not_pass_to_siebling_class\", \"testing/test_mark.py::TestFunctional::test_mark_decorator_baseclasses_merged\", \"testing/test_mark.py::TestFunctional::test_mark_closest\", \"testing/test_mark.py::TestFunctional::test_mark_with_wrong_marker\", \"testing/test_mark.py::TestFunctional::test_mark_dynamically_in_funcarg\", \"testing/test_mark.py::TestFunctional::test_no_marker_match_on_unmarked_names\", \"testing/test_mark.py::TestFunctional::test_keywords_at_node_level\", \"testing/test_mark.py::TestFunctional::test_keyword_added_for_session\", \"testing/test_mark.py::TestFunctional::test_mark_from_parameters\", \"testing/test_mark.py::TestKeywordSelection::test_select_simple\", \"testing/test_mark.py::TestKeywordSelection::test_select_extra_keywords[xxx]\", \"testing/test_mark.py::TestKeywordSelection::test_select_extra_keywords[xxx\", \"testing/test_mark.py::TestKeywordSelection::test_select_extra_keywords[TestClass]\", \"testing/test_mark.py::TestKeywordSelection::test_select_extra_keywords[TestClass\", \"testing/test_mark.py::TestKeywordSelection::test_select_starton\", \"testing/test_mark.py::TestKeywordSelection::test_keyword_extra\", \"testing/test_mark.py::TestKeywordSelection::test_no_magic_values[__]\", \"testing/test_mark.py::TestKeywordSelection::test_no_magic_values[+]\", \"testing/test_mark.py::TestKeywordSelection::test_no_magic_values[..]\", \"testing/test_mark.py::TestKeywordSelection::test_no_match_directories_outside_the_suite\", \"testing/test_mark.py::test_parameterset_for_parametrize_marks[None]\", \"testing/test_mark.py::test_parameterset_for_parametrize_marks[]\", \"testing/test_mark.py::test_parameterset_for_parametrize_marks[skip]\", \"testing/test_mark.py::test_parameterset_for_parametrize_marks[xfail]\", \"testing/test_mark.py::test_parameterset_for_fail_at_collect\", \"testing/test_mark.py::test_parameterset_for_parametrize_bad_markname\", \"testing/test_mark.py::test_mark_expressions_no_smear\", \"testing/test_mark.py::test_markers_from_parametrize\", \"testing/test_mark.py::test_marker_expr_eval_failure_handling[NOT\", \"testing/test_mark.py::test_marker_expr_eval_failure_handling[bogus/]\"]",
        "environment_setup_commit": "678c1a0745f1cf175c442c719906a1f13e496910",
        "issue_title": "Incorrect caching of skipif/xfail string condition evaluation",
        "test_file": "/home/fdse/wy/RepoCodeEdit/data/raw_repo_lite/pytest/testing/test_mark_expression.py"
    },
    {
        "repo": "pytest-dev/pytest",
        "instance_id": "pytest-dev__pytest-5227",
        "base_commit": "2051e30b9b596e944524ccb787ed20f9f5be93e3",
        "patch": "diff --git a/src/_pytest/logging.py b/src/_pytest/logging.py\n--- a/src/_pytest/logging.py\n+++ b/src/_pytest/logging.py\n@@ -15,7 +15,7 @@\n from _pytest.config import create_terminal_writer\n from _pytest.pathlib import Path\n \n-DEFAULT_LOG_FORMAT = \"%(filename)-25s %(lineno)4d %(levelname)-8s %(message)s\"\n+DEFAULT_LOG_FORMAT = \"%(levelname)-8s %(name)s:%(filename)s:%(lineno)d %(message)s\"\n DEFAULT_LOG_DATE_FORMAT = \"%H:%M:%S\"\n \n \n",
        "test_patch": "diff --git a/testing/logging/test_reporting.py b/testing/logging/test_reporting.py\n--- a/testing/logging/test_reporting.py\n+++ b/testing/logging/test_reporting.py\n@@ -248,7 +248,7 @@ def test_log_cli():\n             [\n                 \"test_log_cli_enabled_disabled.py::test_log_cli \",\n                 \"*-- live log call --*\",\n-                \"test_log_cli_enabled_disabled.py* CRITICAL critical message logged by test\",\n+                \"CRITICAL *test_log_cli_enabled_disabled.py* critical message logged by test\",\n                 \"PASSED*\",\n             ]\n         )\n@@ -282,7 +282,7 @@ def test_log_cli(request):\n     result.stdout.fnmatch_lines(\n         [\n             \"test_log_cli_default_level.py::test_log_cli \",\n-            \"test_log_cli_default_level.py*WARNING message will be shown*\",\n+            \"WARNING*test_log_cli_default_level.py* message will be shown*\",\n         ]\n     )\n     assert \"INFO message won't be shown\" not in result.stdout.str()\n@@ -523,7 +523,7 @@ def test_log_1(fix):\n     )\n     assert (\n         re.search(\n-            r\"(.+)live log teardown(.+)\\n(.+)WARNING(.+)\\n(.+)WARNING(.+)\",\n+            r\"(.+)live log teardown(.+)\\nWARNING(.+)\\nWARNING(.+)\",\n             result.stdout.str(),\n             re.MULTILINE,\n         )\n@@ -531,7 +531,7 @@ def test_log_1(fix):\n     )\n     assert (\n         re.search(\n-            r\"(.+)live log finish(.+)\\n(.+)WARNING(.+)\\n(.+)WARNING(.+)\",\n+            r\"(.+)live log finish(.+)\\nWARNING(.+)\\nWARNING(.+)\",\n             result.stdout.str(),\n             re.MULTILINE,\n         )\n@@ -565,7 +565,7 @@ def test_log_cli(request):\n     # fnmatch_lines does an assertion internally\n     result.stdout.fnmatch_lines(\n         [\n-            \"test_log_cli_level.py*This log message will be shown\",\n+            \"*test_log_cli_level.py*This log message will be shown\",\n             \"PASSED\",  # 'PASSED' on its own line because the log message prints a new line\n         ]\n     )\n@@ -579,7 +579,7 @@ def test_log_cli(request):\n     # fnmatch_lines does an assertion internally\n     result.stdout.fnmatch_lines(\n         [\n-            \"test_log_cli_level.py* This log message will be shown\",\n+            \"*test_log_cli_level.py* This log message will be shown\",\n             \"PASSED\",  # 'PASSED' on its own line because the log message prints a new line\n         ]\n     )\n@@ -615,7 +615,7 @@ def test_log_cli(request):\n     # fnmatch_lines does an assertion internally\n     result.stdout.fnmatch_lines(\n         [\n-            \"test_log_cli_ini_level.py* This log message will be shown\",\n+            \"*test_log_cli_ini_level.py* This log message will be shown\",\n             \"PASSED\",  # 'PASSED' on its own line because the log message prints a new line\n         ]\n     )\n",
        "problem_statement": "Improve default logging format\nCurrently it is:\r\n\r\n> DEFAULT_LOG_FORMAT = \"%(filename)-25s %(lineno)4d %(levelname)-8s %(message)s\"\r\n\r\nI think `name` (module name) would be very useful here, instead of just the base filename.\r\n\r\n(It might also be good to have the relative path there (maybe at the end), but it is usually still very long (but e.g. `$VIRTUAL_ENV` could be substituted therein))\r\n\r\nCurrently it would look like this:\r\n```\r\nutils.py                   114 DEBUG    (0.000) SELECT \"app_url\".\"id\", \"app_url\".\"created\", \"app_url\".\"url\" FROM \"app_url\" WHERE \"app_url\".\"id\" = 2; args=(2,)\r\nmultipart.py               604 DEBUG    Calling on_field_start with no data\r\n```\r\n\r\n\r\nUsing `DEFAULT_LOG_FORMAT = \"%(levelname)-8s %(name)s:%(filename)s:%(lineno)d %(message)s\"` instead:\r\n\r\n```\r\nDEBUG    django.db.backends:utils.py:114 (0.000) SELECT \"app_url\".\"id\", \"app_url\".\"created\", \"app_url\".\"url\" FROM \"app_url\" WHERE \"app_url\".\"id\" = 2; args=(2,)\r\nDEBUG    multipart.multipart:multipart.py:604 Calling on_field_start with no data\r\n```\n",
        "hints_text": "",
        "created_at": "2019-05-07T20:27:24Z",
        "version": "4.4",
        "FAIL_TO_PASS": "[\"testing/logging/test_reporting.py::test_log_cli_enabled_disabled[True]\", \"testing/logging/test_reporting.py::test_log_cli_default_level\", \"testing/logging/test_reporting.py::test_sections_single_new_line_after_test_outcome\"]",
        "PASS_TO_PASS": "[\"[100%]\", \"[\", \"[100%]------------------------------\", \"testing/logging/test_reporting.py::test_live_logging_suspends_capture[True]\", \"testing/logging/test_reporting.py::test_live_logging_suspends_capture[False]\", \"testing/logging/test_reporting.py::test_nothing_logged\", \"testing/logging/test_reporting.py::test_messages_logged\", \"testing/logging/test_reporting.py::test_root_logger_affected\", \"testing/logging/test_reporting.py::test_log_cli_level_log_level_interaction\", \"testing/logging/test_reporting.py::test_setup_logging\", \"testing/logging/test_reporting.py::test_teardown_logging\", \"testing/logging/test_reporting.py::test_disable_log_capturing\", \"testing/logging/test_reporting.py::test_disable_log_capturing_ini\", \"testing/logging/test_reporting.py::test_log_cli_enabled_disabled[False]\", \"testing/logging/test_reporting.py::test_log_cli_default_level_multiple_tests\", \"testing/logging/test_reporting.py::test_log_cli_default_level_sections\", \"testing/logging/test_reporting.py::test_live_logs_unknown_sections\", \"testing/logging/test_reporting.py::test_log_cli_level\", \"testing/logging/test_reporting.py::test_log_cli_ini_level\", \"testing/logging/test_reporting.py::test_log_cli_auto_enable[]\", \"testing/logging/test_reporting.py::test_log_cli_auto_enable[--log-level=WARNING]\", \"testing/logging/test_reporting.py::test_log_cli_auto_enable[--log-file-level=WARNING]\", \"testing/logging/test_reporting.py::test_log_cli_auto_enable[--log-cli-level=WARNING]\", \"testing/logging/test_reporting.py::test_log_file_cli\", \"testing/logging/test_reporting.py::test_log_file_cli_level\", \"testing/logging/test_reporting.py::test_log_level_not_changed_by_default\", \"testing/logging/test_reporting.py::test_log_file_ini\", \"testing/logging/test_reporting.py::test_log_file_ini_level\", \"testing/logging/test_reporting.py::test_log_file_unicode\", \"testing/logging/test_reporting.py::test_collection_live_logging\", \"testing/logging/test_reporting.py::test_collection_logging_to_file\", \"testing/logging/test_reporting.py::test_log_in_hooks\", \"testing/logging/test_reporting.py::test_log_in_runtest_logreport\", \"testing/logging/test_reporting.py::test_log_set_path\"]",
        "environment_setup_commit": "4ccaa987d47566e3907f2f74167c4ab7997f622f",
        "issue_title": "Improve default logging format",
        "test_file": "/home/fdse/wy/RepoCodeEdit/data/raw_repo_lite/pytest/testing/logging/test_formatter.py"
    },
    {
        "repo": "pytest-dev/pytest",
        "instance_id": "pytest-dev__pytest-5692",
        "base_commit": "29e336bd9bf87eaef8e2683196ee1975f1ad4088",
        "patch": "diff --git a/src/_pytest/junitxml.py b/src/_pytest/junitxml.py\n--- a/src/_pytest/junitxml.py\n+++ b/src/_pytest/junitxml.py\n@@ -10,9 +10,11 @@\n \"\"\"\n import functools\n import os\n+import platform\n import re\n import sys\n import time\n+from datetime import datetime\n \n import py\n \n@@ -666,6 +668,8 @@ def pytest_sessionfinish(self):\n             skipped=self.stats[\"skipped\"],\n             tests=numtests,\n             time=\"%.3f\" % suite_time_delta,\n+            timestamp=datetime.fromtimestamp(self.suite_start_time).isoformat(),\n+            hostname=platform.node(),\n         )\n         logfile.write(Junit.testsuites([suite_node]).unicode(indent=0))\n         logfile.close()\n",
        "test_patch": "diff --git a/testing/test_junitxml.py b/testing/test_junitxml.py\n--- a/testing/test_junitxml.py\n+++ b/testing/test_junitxml.py\n@@ -1,4 +1,6 @@\n import os\n+import platform\n+from datetime import datetime\n from xml.dom import minidom\n \n import py\n@@ -139,6 +141,30 @@ def test_xpass():\n         node = dom.find_first_by_tag(\"testsuite\")\n         node.assert_attr(name=\"pytest\", errors=1, failures=2, skipped=1, tests=5)\n \n+    def test_hostname_in_xml(self, testdir):\n+        testdir.makepyfile(\n+            \"\"\"\n+            def test_pass():\n+                pass\n+        \"\"\"\n+        )\n+        result, dom = runandparse(testdir)\n+        node = dom.find_first_by_tag(\"testsuite\")\n+        node.assert_attr(hostname=platform.node())\n+\n+    def test_timestamp_in_xml(self, testdir):\n+        testdir.makepyfile(\n+            \"\"\"\n+            def test_pass():\n+                pass\n+        \"\"\"\n+        )\n+        start_time = datetime.now()\n+        result, dom = runandparse(testdir)\n+        node = dom.find_first_by_tag(\"testsuite\")\n+        timestamp = datetime.strptime(node[\"timestamp\"], \"%Y-%m-%dT%H:%M:%S.%f\")\n+        assert start_time <= timestamp < datetime.now()\n+\n     def test_timing_function(self, testdir):\n         testdir.makepyfile(\n             \"\"\"\n",
        "problem_statement": "Hostname and timestamp properties in generated JUnit XML reports\nPytest enables generating JUnit XML reports of the tests.\r\n\r\nHowever, there are some properties missing, specifically `hostname` and `timestamp` from the `testsuite` XML element. Is there an option to include them?\r\n\r\nExample of a pytest XML report:\r\n```xml\r\n<?xml version=\"1.0\" encoding=\"utf-8\"?>\r\n<testsuite errors=\"0\" failures=\"2\" name=\"check\" skipped=\"0\" tests=\"4\" time=\"0.049\">\r\n\t<testcase classname=\"test_sample.TestClass\" file=\"test_sample.py\" line=\"3\" name=\"test_addOne_normal\" time=\"0.001\"></testcase>\r\n\t<testcase classname=\"test_sample.TestClass\" file=\"test_sample.py\" line=\"6\" name=\"test_addOne_edge\" time=\"0.001\"></testcase>\r\n</testsuite>\r\n```\r\n\r\nExample of a junit XML report:\r\n```xml\r\n<?xml version=\"1.0\" encoding=\"UTF-8\"?>\r\n<testsuite name=\"location.GeoLocationTest\" tests=\"2\" skipped=\"0\" failures=\"0\" errors=\"0\" timestamp=\"2019-04-22T10:32:27\" hostname=\"Anass-MacBook-Pro.local\" time=\"0.048\">\r\n  <properties/>\r\n  <testcase name=\"testIoException()\" classname=\"location.GeoLocationTest\" time=\"0.044\"/>\r\n  <testcase name=\"testJsonDeserialization()\" classname=\"location.GeoLocationTest\" time=\"0.003\"/>\r\n  <system-out><![CDATA[]]></system-out>\r\n  <system-err><![CDATA[]]></system-err>\r\n</testsuite>\r\n```\n",
        "hints_text": "",
        "created_at": "2019-08-03T14:15:04Z",
        "version": "5.0",
        "FAIL_TO_PASS": "[\"testing/test_junitxml.py::TestPython::test_hostname_in_xml\", \"testing/test_junitxml.py::TestPython::test_timestamp_in_xml\"]",
        "PASS_TO_PASS": "[\"testing/test_junitxml.py::test_mangle_test_address\", \"testing/test_junitxml.py::test_dont_configure_on_slaves\", \"testing/test_junitxml.py::test_invalid_xml_escape\", \"testing/test_junitxml.py::test_logxml_path_expansion\", \"testing/test_junitxml.py::TestPython::test_summing_simple\", \"testing/test_junitxml.py::TestPython::test_summing_simple_with_errors\", \"testing/test_junitxml.py::TestPython::test_timing_function\", \"testing/test_junitxml.py::TestPython::test_junit_duration_report[call]\", \"testing/test_junitxml.py::TestPython::test_junit_duration_report[total]\", \"testing/test_junitxml.py::TestPython::test_setup_error\", \"testing/test_junitxml.py::TestPython::test_teardown_error\", \"testing/test_junitxml.py::TestPython::test_call_failure_teardown_error\", \"testing/test_junitxml.py::TestPython::test_skip_contains_name_reason\", \"testing/test_junitxml.py::TestPython::test_mark_skip_contains_name_reason\", \"testing/test_junitxml.py::TestPython::test_mark_skipif_contains_name_reason\", \"testing/test_junitxml.py::TestPython::test_mark_skip_doesnt_capture_output\", \"testing/test_junitxml.py::TestPython::test_classname_instance\", \"testing/test_junitxml.py::TestPython::test_classname_nested_dir\", \"testing/test_junitxml.py::TestPython::test_internal_error\", \"testing/test_junitxml.py::TestPython::test_failure_function[no]\", \"testing/test_junitxml.py::TestPython::test_failure_function[system-out]\", \"testing/test_junitxml.py::TestPython::test_failure_function[system-err]\", \"testing/test_junitxml.py::TestPython::test_failure_verbose_message\", \"testing/test_junitxml.py::TestPython::test_failure_escape\", \"testing/test_junitxml.py::TestPython::test_junit_prefixing\", \"testing/test_junitxml.py::TestPython::test_xfailure_function\", \"testing/test_junitxml.py::TestPython::test_xfailure_marker\", \"testing/test_junitxml.py::TestPython::test_xfail_captures_output_once\", \"testing/test_junitxml.py::TestPython::test_xfailure_xpass\", \"testing/test_junitxml.py::TestPython::test_xfailure_xpass_strict\", \"testing/test_junitxml.py::TestPython::test_collect_error\", \"testing/test_junitxml.py::TestPython::test_unicode\", \"testing/test_junitxml.py::TestPython::test_assertion_binchars\", \"testing/test_junitxml.py::TestPython::test_pass_captures_stdout\", \"testing/test_junitxml.py::TestPython::test_pass_captures_stderr\", \"testing/test_junitxml.py::TestPython::test_setup_error_captures_stdout\", \"testing/test_junitxml.py::TestPython::test_setup_error_captures_stderr\", \"testing/test_junitxml.py::TestPython::test_avoid_double_stdout\", \"testing/test_junitxml.py::TestNonPython::test_summing_simple\", \"testing/test_junitxml.py::test_nullbyte\", \"testing/test_junitxml.py::test_nullbyte_replace\", \"testing/test_junitxml.py::test_logxml_changingdir\", \"testing/test_junitxml.py::test_logxml_makedir\", \"testing/test_junitxml.py::test_logxml_check_isdir\", \"testing/test_junitxml.py::test_escaped_parametrized_names_xml\", \"testing/test_junitxml.py::test_double_colon_split_function_issue469\", \"testing/test_junitxml.py::test_double_colon_split_method_issue469\", \"testing/test_junitxml.py::test_unicode_issue368\", \"testing/test_junitxml.py::test_record_property\", \"testing/test_junitxml.py::test_record_property_same_name\", \"testing/test_junitxml.py::test_record_fixtures_without_junitxml[record_property]\", \"testing/test_junitxml.py::test_record_fixtures_without_junitxml[record_xml_attribute]\", \"testing/test_junitxml.py::test_record_attribute\", \"testing/test_junitxml.py::test_record_fixtures_xunit2[record_xml_attribute]\", \"testing/test_junitxml.py::test_record_fixtures_xunit2[record_property]\", \"testing/test_junitxml.py::test_root_testsuites_tag\", \"testing/test_junitxml.py::test_runs_twice\", \"testing/test_junitxml.py::test_fancy_items_regression\", \"testing/test_junitxml.py::test_global_properties\", \"testing/test_junitxml.py::test_url_property\", \"testing/test_junitxml.py::test_record_testsuite_property\", \"testing/test_junitxml.py::test_record_testsuite_property_junit_disabled\", \"testing/test_junitxml.py::test_record_testsuite_property_type_checking[True]\", \"testing/test_junitxml.py::test_record_testsuite_property_type_checking[False]\", \"testing/test_junitxml.py::test_set_suite_name[my_suite]\", \"testing/test_junitxml.py::test_set_suite_name[]\", \"testing/test_junitxml.py::test_escaped_skipreason_issue3533\", \"testing/test_junitxml.py::test_logging_passing_tests_disabled_does_not_log_test_output\"]",
        "environment_setup_commit": "c2f762460f4c42547de906d53ea498dd499ea837",
        "issue_title": "Hostname and timestamp properties in generated JUnit XML reports",
        "test_file": "/home/fdse/wy/RepoCodeEdit/data/raw_repo_lite/pytest/testing/test_junitxml.py"
    },
    {
        "repo": "pytest-dev/pytest",
        "instance_id": "pytest-dev__pytest-5103",
        "base_commit": "10ca84ffc56c2dd2d9dc4bd71b7b898e083500cd",
        "patch": "diff --git a/src/_pytest/assertion/rewrite.py b/src/_pytest/assertion/rewrite.py\n--- a/src/_pytest/assertion/rewrite.py\n+++ b/src/_pytest/assertion/rewrite.py\n@@ -964,6 +964,8 @@ def visit_Call_35(self, call):\n         \"\"\"\n         visit `ast.Call` nodes on Python3.5 and after\n         \"\"\"\n+        if isinstance(call.func, ast.Name) and call.func.id == \"all\":\n+            return self._visit_all(call)\n         new_func, func_expl = self.visit(call.func)\n         arg_expls = []\n         new_args = []\n@@ -987,6 +989,27 @@ def visit_Call_35(self, call):\n         outer_expl = \"%s\\n{%s = %s\\n}\" % (res_expl, res_expl, expl)\n         return res, outer_expl\n \n+    def _visit_all(self, call):\n+        \"\"\"Special rewrite for the builtin all function, see #5062\"\"\"\n+        if not isinstance(call.args[0], (ast.GeneratorExp, ast.ListComp)):\n+            return\n+        gen_exp = call.args[0]\n+        assertion_module = ast.Module(\n+            body=[ast.Assert(test=gen_exp.elt, lineno=1, msg=\"\", col_offset=1)]\n+        )\n+        AssertionRewriter(module_path=None, config=None).run(assertion_module)\n+        for_loop = ast.For(\n+            iter=gen_exp.generators[0].iter,\n+            target=gen_exp.generators[0].target,\n+            body=assertion_module.body,\n+            orelse=[],\n+        )\n+        self.statements.append(for_loop)\n+        return (\n+            ast.Num(n=1),\n+            \"\",\n+        )  # Return an empty expression, all the asserts are in the for_loop\n+\n     def visit_Starred(self, starred):\n         # From Python 3.5, a Starred node can appear in a function call\n         res, expl = self.visit(starred.value)\n@@ -997,6 +1020,8 @@ def visit_Call_legacy(self, call):\n         \"\"\"\n         visit `ast.Call nodes on 3.4 and below`\n         \"\"\"\n+        if isinstance(call.func, ast.Name) and call.func.id == \"all\":\n+            return self._visit_all(call)\n         new_func, func_expl = self.visit(call.func)\n         arg_expls = []\n         new_args = []\n",
        "test_patch": "diff --git a/testing/test_assertrewrite.py b/testing/test_assertrewrite.py\n--- a/testing/test_assertrewrite.py\n+++ b/testing/test_assertrewrite.py\n@@ -656,6 +656,12 @@ def __repr__(self):\n         else:\n             assert lines == [\"assert 0 == 1\\n +  where 1 = \\\\n{ \\\\n~ \\\\n}.a\"]\n \n+    def test_unroll_expression(self):\n+        def f():\n+            assert all(x == 1 for x in range(10))\n+\n+        assert \"0 == 1\" in getmsg(f)\n+\n     def test_custom_repr_non_ascii(self):\n         def f():\n             class A(object):\n@@ -671,6 +677,53 @@ def __repr__(self):\n         assert \"UnicodeDecodeError\" not in msg\n         assert \"UnicodeEncodeError\" not in msg\n \n+    def test_unroll_generator(self, testdir):\n+        testdir.makepyfile(\n+            \"\"\"\n+            def check_even(num):\n+                if num % 2 == 0:\n+                    return True\n+                return False\n+\n+            def test_generator():\n+                odd_list = list(range(1,9,2))\n+                assert all(check_even(num) for num in odd_list)\"\"\"\n+        )\n+        result = testdir.runpytest()\n+        result.stdout.fnmatch_lines([\"*assert False*\", \"*where False = check_even(1)*\"])\n+\n+    def test_unroll_list_comprehension(self, testdir):\n+        testdir.makepyfile(\n+            \"\"\"\n+            def check_even(num):\n+                if num % 2 == 0:\n+                    return True\n+                return False\n+\n+            def test_list_comprehension():\n+                odd_list = list(range(1,9,2))\n+                assert all([check_even(num) for num in odd_list])\"\"\"\n+        )\n+        result = testdir.runpytest()\n+        result.stdout.fnmatch_lines([\"*assert False*\", \"*where False = check_even(1)*\"])\n+\n+    def test_for_loop(self, testdir):\n+        testdir.makepyfile(\n+            \"\"\"\n+            def check_even(num):\n+                if num % 2 == 0:\n+                    return True\n+                return False\n+\n+            def test_for_loop():\n+                odd_list = list(range(1,9,2))\n+                for num in odd_list:\n+                    assert check_even(num)\n+        \"\"\"\n+        )\n+        result = testdir.runpytest()\n+        result.stdout.fnmatch_lines([\"*assert False*\", \"*where False = check_even(1)*\"])\n+\n \n class TestRewriteOnImport(object):\n     def test_pycache_is_a_file(self, testdir):\n",
        "problem_statement": "Unroll the iterable for all/any calls to get better reports\nSometime I need to assert some predicate on all of an iterable, and for that the builtin functions `all`/`any` are great - but the failure messages aren't useful at all!\r\nFor example - the same test written in three ways:\r\n\r\n- A generator expression\r\n```sh                                                                                                                                                                                                                         \r\n    def test_all_even():\r\n        even_stevens = list(range(1,100,2))\r\n>       assert all(is_even(number) for number in even_stevens)\r\nE       assert False\r\nE        +  where False = all(<generator object test_all_even.<locals>.<genexpr> at 0x101f82ed0>)\r\n```\r\n- A list comprehension\r\n```sh\r\n    def test_all_even():\r\n        even_stevens = list(range(1,100,2))\r\n>       assert all([is_even(number) for number in even_stevens])\r\nE       assert False\r\nE        +  where False = all([False, False, False, False, False, False, ...])\r\n```\r\n- A for loop\r\n```sh\r\n    def test_all_even():\r\n        even_stevens = list(range(1,100,2))\r\n        for number in even_stevens:\r\n>           assert is_even(number)\r\nE           assert False\r\nE            +  where False = is_even(1)\r\n\r\ntest_all_any.py:7: AssertionError\r\n```\r\nThe only one that gives a meaningful report is the for loop - but it's way more wordy, and `all` asserts don't translate to a for loop nicely (I'll have to write a `break` or a helper function - yuck)\r\nI propose the assertion re-writer \"unrolls\" the iterator to the third form, and then uses the already existing reports.\r\n\r\n- [x] Include a detailed description of the bug or suggestion\r\n- [x] `pip list` of the virtual environment you are using\r\n```\r\nPackage        Version\r\n-------------- -------\r\natomicwrites   1.3.0  \r\nattrs          19.1.0 \r\nmore-itertools 7.0.0  \r\npip            19.0.3 \r\npluggy         0.9.0  \r\npy             1.8.0  \r\npytest         4.4.0  \r\nsetuptools     40.8.0 \r\nsix            1.12.0 \r\n```\r\n- [x] pytest and operating system versions\r\n`platform darwin -- Python 3.7.3, pytest-4.4.0, py-1.8.0, pluggy-0.9.0`\r\n- [x] Minimal example if possible\r\n\n",
        "hints_text": "Hello, I am new here and would be interested in working on this issue if that is possible.\n@danielx123 \r\nSure!  But I don't think this is an easy issue, since it involved the assertion rewriting - but if you're familar with Python's AST and pytest's internals feel free to pick this up.\r\nWe also have a tag \"easy\" for issues that are probably easier for starting contributors: https://github.com/pytest-dev/pytest/issues?q=is%3Aopen+is%3Aissue+label%3A%22status%3A+easy%22\nI was planning on starting a pr today, but probably won't be able to finish it until next week - @danielx123 maybe we could collaborate? ",
        "created_at": "2019-04-13T16:17:45Z",
        "version": "4.5",
        "FAIL_TO_PASS": "[\"testing/test_assertrewrite.py::TestAssertionRewrite::test_unroll_expression\"]",
        "PASS_TO_PASS": "[\"testing/test_assertrewrite.py::TestAssertionRewrite::test_place_initial_imports\", \"testing/test_assertrewrite.py::TestAssertionRewrite::test_dont_rewrite\", \"testing/test_assertrewrite.py::TestAssertionRewrite::test_name\", \"testing/test_assertrewrite.py::TestAssertionRewrite::test_dont_rewrite_if_hasattr_fails\", \"testing/test_assertrewrite.py::TestAssertionRewrite::test_assert_already_has_message\", \"testing/test_assertrewrite.py::TestAssertionRewrite::test_boolop\", \"testing/test_assertrewrite.py::TestAssertionRewrite::test_short_circuit_evaluation\", \"testing/test_assertrewrite.py::TestAssertionRewrite::test_unary_op\", \"testing/test_assertrewrite.py::TestAssertionRewrite::test_binary_op\", \"testing/test_assertrewrite.py::TestAssertionRewrite::test_boolop_percent\", \"testing/test_assertrewrite.py::TestAssertionRewrite::test_call\", \"testing/test_assertrewrite.py::TestAssertionRewrite::test_attribute\", \"testing/test_assertrewrite.py::TestAssertionRewrite::test_comparisons\", \"testing/test_assertrewrite.py::TestAssertionRewrite::test_len\", \"testing/test_assertrewrite.py::TestAssertionRewrite::test_custom_reprcompare\", \"testing/test_assertrewrite.py::TestAssertionRewrite::test_assert_raising_nonzero_in_comparison\", \"testing/test_assertrewrite.py::TestAssertionRewrite::test_formatchar\", \"testing/test_assertrewrite.py::TestAssertionRewrite::test_custom_repr\", \"testing/test_assertrewrite.py::TestAssertionRewrite::test_custom_repr_non_ascii\", \"testing/test_assertrewrite.py::TestAssertionRewriteHookDetails::test_read_pyc\", \"testing/test_assertrewrite.py::TestAssertionRewrite::test_dont_rewrite_plugin\", \"testing/test_assertrewrite.py::TestAssertionRewrite::test_assertion_message\", \"testing/test_assertrewrite.py::TestAssertionRewrite::test_assertion_message_multiline\", \"testing/test_assertrewrite.py::TestAssertionRewrite::test_assertion_message_tuple\", \"testing/test_assertrewrite.py::TestAssertionRewrite::test_assertion_message_expr\", \"testing/test_assertrewrite.py::TestAssertionRewrite::test_assertion_message_escape\", \"testing/test_assertrewrite.py::TestAssertionRewrite::test_assertion_messages_bytes\", \"testing/test_assertrewrite.py::TestAssertionRewrite::test_at_operator_issue1290\", \"testing/test_assertrewrite.py::TestAssertionRewrite::test_starred_with_side_effect\", \"testing/test_assertrewrite.py::TestAssertionRewrite::test_for_loop\", \"testing/test_assertrewrite.py::TestRewriteOnImport::test_pycache_is_a_file\", \"testing/test_assertrewrite.py::TestRewriteOnImport::test_pycache_is_readonly\", \"testing/test_assertrewrite.py::TestRewriteOnImport::test_zipfile\", \"testing/test_assertrewrite.py::TestRewriteOnImport::test_readonly\", \"testing/test_assertrewrite.py::TestRewriteOnImport::test_dont_write_bytecode\", \"testing/test_assertrewrite.py::TestRewriteOnImport::test_orphaned_pyc_file\", \"testing/test_assertrewrite.py::TestRewriteOnImport::test_pyc_vs_pyo\", \"testing/test_assertrewrite.py::TestRewriteOnImport::test_package\", \"testing/test_assertrewrite.py::TestRewriteOnImport::test_translate_newlines\", \"testing/test_assertrewrite.py::TestRewriteOnImport::test_package_without__init__py\", \"testing/test_assertrewrite.py::TestRewriteOnImport::test_rewrite_warning\", \"testing/test_assertrewrite.py::TestRewriteOnImport::test_rewrite_module_imported_from_conftest\", \"testing/test_assertrewrite.py::TestRewriteOnImport::test_remember_rewritten_modules\", \"testing/test_assertrewrite.py::TestRewriteOnImport::test_rewrite_warning_using_pytest_plugins\", \"testing/test_assertrewrite.py::TestRewriteOnImport::test_rewrite_warning_using_pytest_plugins_env_var\", \"testing/test_assertrewrite.py::TestAssertionRewriteHookDetails::test_loader_is_package_false_for_module\", \"testing/test_assertrewrite.py::TestAssertionRewriteHookDetails::test_loader_is_package_true_for_package\", \"testing/test_assertrewrite.py::TestAssertionRewriteHookDetails::test_sys_meta_path_munged\", \"testing/test_assertrewrite.py::TestAssertionRewriteHookDetails::test_write_pyc\", \"testing/test_assertrewrite.py::TestAssertionRewriteHookDetails::test_resources_provider_for_loader\", \"testing/test_assertrewrite.py::TestAssertionRewriteHookDetails::test_reload_is_same\", \"testing/test_assertrewrite.py::TestAssertionRewriteHookDetails::test_reload_reloads\", \"testing/test_assertrewrite.py::TestAssertionRewriteHookDetails::test_get_data_support\", \"testing/test_assertrewrite.py::test_issue731\", \"testing/test_assertrewrite.py::TestIssue925::test_simple_case\", \"testing/test_assertrewrite.py::TestIssue925::test_long_case\", \"testing/test_assertrewrite.py::TestIssue925::test_many_brackets\", \"testing/test_assertrewrite.py::TestIssue2121::test_rewrite_python_files_contain_subdirs\", \"testing/test_assertrewrite.py::test_source_mtime_long_long[-1]\", \"testing/test_assertrewrite.py::test_source_mtime_long_long[1]\", \"testing/test_assertrewrite.py::test_rewrite_infinite_recursion\", \"testing/test_assertrewrite.py::TestEarlyRewriteBailout::test_basic\", \"testing/test_assertrewrite.py::TestEarlyRewriteBailout::test_pattern_contains_subdirectories\", \"testing/test_assertrewrite.py::TestEarlyRewriteBailout::test_cwd_changed\"]",
        "environment_setup_commit": "693c3b7f61d4d32f8927a74f34ce8ac56d63958e",
        "issue_title": "Unroll the iterable for all/any calls to get better reports",
        "test_file": "/home/fdse/wy/RepoCodeEdit/data/raw_repo_lite/pytest/testing/test_reports.py"
    },
    {
        "repo": "pytest-dev/pytest",
        "instance_id": "pytest-dev__pytest-7168",
        "base_commit": "4787fd64a4ca0dba5528b5651bddd254102fe9f3",
        "patch": "diff --git a/src/_pytest/_io/saferepr.py b/src/_pytest/_io/saferepr.py\n--- a/src/_pytest/_io/saferepr.py\n+++ b/src/_pytest/_io/saferepr.py\n@@ -20,7 +20,7 @@ def _format_repr_exception(exc: BaseException, obj: Any) -> str:\n     except BaseException as exc:\n         exc_info = \"unpresentable exception ({})\".format(_try_repr_or_str(exc))\n     return \"<[{} raised in repr()] {} object at 0x{:x}>\".format(\n-        exc_info, obj.__class__.__name__, id(obj)\n+        exc_info, type(obj).__name__, id(obj)\n     )\n \n \n",
        "test_patch": "diff --git a/testing/io/test_saferepr.py b/testing/io/test_saferepr.py\n--- a/testing/io/test_saferepr.py\n+++ b/testing/io/test_saferepr.py\n@@ -154,3 +154,20 @@ def test_pformat_dispatch():\n     assert _pformat_dispatch(\"a\") == \"'a'\"\n     assert _pformat_dispatch(\"a\" * 10, width=5) == \"'aaaaaaaaaa'\"\n     assert _pformat_dispatch(\"foo bar\", width=5) == \"('foo '\\n 'bar')\"\n+\n+\n+def test_broken_getattribute():\n+    \"\"\"saferepr() can create proper representations of classes with\n+    broken __getattribute__ (#7145)\n+    \"\"\"\n+\n+    class SomeClass:\n+        def __getattribute__(self, attr):\n+            raise RuntimeError\n+\n+        def __repr__(self):\n+            raise RuntimeError\n+\n+    assert saferepr(SomeClass()).startswith(\n+        \"<[RuntimeError() raised in repr()] SomeClass object at 0x\"\n+    )\n",
        "problem_statement": "INTERNALERROR when exception in __repr__\nMinimal code to reproduce the issue: \r\n```python\r\nclass SomeClass:\r\n    def __getattribute__(self, attr):\r\n        raise\r\n    def __repr__(self):\r\n        raise\r\ndef test():\r\n    SomeClass().attr\r\n```\r\nSession traceback:\r\n```\r\n============================= test session starts ==============================\r\nplatform darwin -- Python 3.8.1, pytest-5.4.1, py-1.8.1, pluggy-0.13.1 -- /usr/local/opt/python@3.8/bin/python3.8\r\ncachedir: .pytest_cache\r\nrootdir: ******\r\nplugins: asyncio-0.10.0, mock-3.0.0, cov-2.8.1\r\ncollecting ... collected 1 item\r\n\r\ntest_pytest.py::test \r\nINTERNALERROR> Traceback (most recent call last):\r\nINTERNALERROR>   File \"/usr/local/lib/python3.8/site-packages/_pytest/main.py\", line 191, in wrap_session\r\nINTERNALERROR>     session.exitstatus = doit(config, session) or 0\r\nINTERNALERROR>   File \"/usr/local/lib/python3.8/site-packages/_pytest/main.py\", line 247, in _main\r\nINTERNALERROR>     config.hook.pytest_runtestloop(session=session)\r\nINTERNALERROR>   File \"/usr/local/lib/python3.8/site-packages/pluggy/hooks.py\", line 286, in __call__\r\nINTERNALERROR>     return self._hookexec(self, self.get_hookimpls(), kwargs)\r\nINTERNALERROR>   File \"/usr/local/lib/python3.8/site-packages/pluggy/manager.py\", line 93, in _hookexec\r\nINTERNALERROR>     return self._inner_hookexec(hook, methods, kwargs)\r\nINTERNALERROR>   File \"/usr/local/lib/python3.8/site-packages/pluggy/manager.py\", line 84, in <lambda>\r\nINTERNALERROR>     self._inner_hookexec = lambda hook, methods, kwargs: hook.multicall(\r\nINTERNALERROR>   File \"/usr/local/lib/python3.8/site-packages/pluggy/callers.py\", line 208, in _multicall\r\nINTERNALERROR>     return outcome.get_result()\r\nINTERNALERROR>   File \"/usr/local/lib/python3.8/site-packages/pluggy/callers.py\", line 80, in get_result\r\nINTERNALERROR>     raise ex[1].with_traceback(ex[2])\r\nINTERNALERROR>   File \"/usr/local/lib/python3.8/site-packages/pluggy/callers.py\", line 187, in _multicall\r\nINTERNALERROR>     res = hook_impl.function(*args)\r\nINTERNALERROR>   File \"/usr/local/lib/python3.8/site-packages/_pytest/main.py\", line 272, in pytest_runtestloop\r\nINTERNALERROR>     item.config.hook.pytest_runtest_protocol(item=item, nextitem=nextitem)\r\nINTERNALERROR>   File \"/usr/local/lib/python3.8/site-packages/pluggy/hooks.py\", line 286, in __call__\r\nINTERNALERROR>     return self._hookexec(self, self.get_hookimpls(), kwargs)\r\nINTERNALERROR>   File \"/usr/local/lib/python3.8/site-packages/pluggy/manager.py\", line 93, in _hookexec\r\nINTERNALERROR>     return self._inner_hookexec(hook, methods, kwargs)\r\nINTERNALERROR>   File \"/usr/local/lib/python3.8/site-packages/pluggy/manager.py\", line 84, in <lambda>\r\nINTERNALERROR>     self._inner_hookexec = lambda hook, methods, kwargs: hook.multicall(\r\nINTERNALERROR>   File \"/usr/local/lib/python3.8/site-packages/pluggy/callers.py\", line 208, in _multicall\r\nINTERNALERROR>     return outcome.get_result()\r\nINTERNALERROR>   File \"/usr/local/lib/python3.8/site-packages/pluggy/callers.py\", line 80, in get_result\r\nINTERNALERROR>     raise ex[1].with_traceback(ex[2])\r\nINTERNALERROR>   File \"/usr/local/lib/python3.8/site-packages/pluggy/callers.py\", line 187, in _multicall\r\nINTERNALERROR>     res = hook_impl.function(*args)\r\nINTERNALERROR>   File \"/usr/local/lib/python3.8/site-packages/_pytest/runner.py\", line 85, in pytest_runtest_protocol\r\nINTERNALERROR>     runtestprotocol(item, nextitem=nextitem)\r\nINTERNALERROR>   File \"/usr/local/lib/python3.8/site-packages/_pytest/runner.py\", line 100, in runtestprotocol\r\nINTERNALERROR>     reports.append(call_and_report(item, \"call\", log))\r\nINTERNALERROR>   File \"/usr/local/lib/python3.8/site-packages/_pytest/runner.py\", line 188, in call_and_report\r\nINTERNALERROR>     report = hook.pytest_runtest_makereport(item=item, call=call)\r\nINTERNALERROR>   File \"/usr/local/lib/python3.8/site-packages/pluggy/hooks.py\", line 286, in __call__\r\nINTERNALERROR>     return self._hookexec(self, self.get_hookimpls(), kwargs)\r\nINTERNALERROR>   File \"/usr/local/lib/python3.8/site-packages/pluggy/manager.py\", line 93, in _hookexec\r\nINTERNALERROR>     return self._inner_hookexec(hook, methods, kwargs)\r\nINTERNALERROR>   File \"/usr/local/lib/python3.8/site-packages/pluggy/manager.py\", line 84, in <lambda>\r\nINTERNALERROR>     self._inner_hookexec = lambda hook, methods, kwargs: hook.multicall(\r\nINTERNALERROR>   File \"/usr/local/lib/python3.8/site-packages/pluggy/callers.py\", line 203, in _multicall\r\nINTERNALERROR>     gen.send(outcome)\r\nINTERNALERROR>   File \"/usr/local/lib/python3.8/site-packages/_pytest/skipping.py\", line 129, in pytest_runtest_makereport\r\nINTERNALERROR>     rep = outcome.get_result()\r\nINTERNALERROR>   File \"/usr/local/lib/python3.8/site-packages/pluggy/callers.py\", line 80, in get_result\r\nINTERNALERROR>     raise ex[1].with_traceback(ex[2])\r\nINTERNALERROR>   File \"/usr/local/lib/python3.8/site-packages/pluggy/callers.py\", line 187, in _multicall\r\nINTERNALERROR>     res = hook_impl.function(*args)\r\nINTERNALERROR>   File \"/usr/local/lib/python3.8/site-packages/_pytest/runner.py\", line 260, in pytest_runtest_makereport\r\nINTERNALERROR>     return TestReport.from_item_and_call(item, call)\r\nINTERNALERROR>   File \"/usr/local/lib/python3.8/site-packages/_pytest/reports.py\", line 294, in from_item_and_call\r\nINTERNALERROR>     longrepr = item.repr_failure(excinfo)\r\nINTERNALERROR>   File \"/usr/local/lib/python3.8/site-packages/_pytest/python.py\", line 1513, in repr_failure\r\nINTERNALERROR>     return self._repr_failure_py(excinfo, style=style)\r\nINTERNALERROR>   File \"/usr/local/lib/python3.8/site-packages/_pytest/nodes.py\", line 355, in _repr_failure_py\r\nINTERNALERROR>     return excinfo.getrepr(\r\nINTERNALERROR>   File \"/usr/local/lib/python3.8/site-packages/_pytest/_code/code.py\", line 634, in getrepr\r\nINTERNALERROR>     return fmt.repr_excinfo(self)\r\nINTERNALERROR>   File \"/usr/local/lib/python3.8/site-packages/_pytest/_code/code.py\", line 879, in repr_excinfo\r\nINTERNALERROR>     reprtraceback = self.repr_traceback(excinfo_)\r\nINTERNALERROR>   File \"/usr/local/lib/python3.8/site-packages/_pytest/_code/code.py\", line 823, in repr_traceback\r\nINTERNALERROR>     reprentry = self.repr_traceback_entry(entry, einfo)\r\nINTERNALERROR>   File \"/usr/local/lib/python3.8/site-packages/_pytest/_code/code.py\", line 784, in repr_traceback_entry\r\nINTERNALERROR>     reprargs = self.repr_args(entry) if not short else None\r\nINTERNALERROR>   File \"/usr/local/lib/python3.8/site-packages/_pytest/_code/code.py\", line 693, in repr_args\r\nINTERNALERROR>     args.append((argname, saferepr(argvalue)))\r\nINTERNALERROR>   File \"/usr/local/lib/python3.8/site-packages/_pytest/_io/saferepr.py\", line 82, in saferepr\r\nINTERNALERROR>     return SafeRepr(maxsize).repr(obj)\r\nINTERNALERROR>   File \"/usr/local/lib/python3.8/site-packages/_pytest/_io/saferepr.py\", line 51, in repr\r\nINTERNALERROR>     s = _format_repr_exception(exc, x)\r\nINTERNALERROR>   File \"/usr/local/lib/python3.8/site-packages/_pytest/_io/saferepr.py\", line 23, in _format_repr_exception\r\nINTERNALERROR>     exc_info, obj.__class__.__name__, id(obj)\r\nINTERNALERROR>   File \"/usr/local/lib/python3.8/site-packages/_pytest/_io/saferepr.py\", line 47, in repr\r\nINTERNALERROR>     s = super().repr(x)\r\nINTERNALERROR>   File \"/usr/local/Cellar/python@3.8/3.8.1/Frameworks/Python.framework/Versions/3.8/lib/python3.8/reprlib.py\", line 52, in repr\r\nINTERNALERROR>     return self.repr1(x, self.maxlevel)\r\nINTERNALERROR>   File \"/usr/local/Cellar/python@3.8/3.8.1/Frameworks/Python.framework/Versions/3.8/lib/python3.8/reprlib.py\", line 62, in repr1\r\nINTERNALERROR>     return self.repr_instance(x, level)\r\nINTERNALERROR>   File \"/usr/local/lib/python3.8/site-packages/_pytest/_io/saferepr.py\", line 60, in repr_instance\r\nINTERNALERROR>     s = _format_repr_exception(exc, x)\r\nINTERNALERROR>   File \"/usr/local/lib/python3.8/site-packages/_pytest/_io/saferepr.py\", line 23, in _format_repr_exception\r\nINTERNALERROR>     exc_info, obj.__class__.__name__, id(obj)\r\nINTERNALERROR>   File \"/usr/local/lib/python3.8/site-packages/_pytest/_io/saferepr.py\", line 56, in repr_instance\r\nINTERNALERROR>     s = repr(x)\r\nINTERNALERROR>   File \"/Users/stiflou/Documents/projets/apischema/tests/test_pytest.py\", line 6, in __repr__\r\nINTERNALERROR>     raise\r\nINTERNALERROR> RuntimeError: No active exception to reraise\r\n\r\n============================ no tests ran in 0.09s ============================\r\n```\n",
        "hints_text": "This only happens when both `__repr__` and `__getattribute__` are broken, which is a very odd scenario.\n```\r\nclass SomeClass:\r\n    def __getattribute__(self, attr):\r\n        raise Exception()\r\n\r\n    def bad_method(self):\r\n        raise Exception()\r\n\r\ndef test():\r\n    SomeClass().bad_method()\r\n\r\n```\r\n\r\n```\r\n============================================================================================== test session starts ===============================================================================================\r\nplatform linux -- Python 3.7.7, pytest-5.4.1.dev154+gbe6849644, py-1.8.1, pluggy-0.13.1\r\nrootdir: /home/k/pytest, inifile: tox.ini\r\nplugins: asyncio-0.11.0, hypothesis-5.10.4\r\ncollected 1 item                                                                                                                                                                                                 \r\n\r\ntest_internal.py F                                                                                                                                                                                         [100%]\r\n\r\n==================================================================================================== FAILURES ====================================================================================================\r\n______________________________________________________________________________________________________ test ______________________________________________________________________________________________________\r\n\r\n    def test():\r\n>       SomeClass().bad_method()\r\n\r\ntest_internal.py:12: \r\n_ _ _ _ _ _ _ _ _ _ _ _ _ _ _ _ _ _ _ _ _ _ _ _ _ _ _ _ _ _ _ _ _ _ _ _ _ _ _ _ _ _ _ _ _ _ _ _ _ _ _ _ _ _ _ _ _ _ _ _ _ _ _ _ _ _ _ _ _ _ _ _ _ _ _ _ _ _ _ _ _ _ _ _ _ _ _ _ _ _ _ _ _ _ _ _ _ _ _ _ _ _ _ _ _ \r\n\r\nself = <test_internal.SomeClass object at 0x7fa550a8f6d0>, attr = 'bad_method'\r\n\r\n    def __getattribute__(self, attr):\r\n>       raise Exception()\r\nE       Exception\r\n\r\ntest_internal.py:6: Exception\r\n============================================================================================ short test summary info =============================================================================================\r\nFAILED test_internal.py::test - Exception\r\n=============================================================================================== 1 failed in 0.07s ================================================================================================\r\n```\r\n\r\n```\r\nclass SomeClass:\r\n    def __repr__(self):\r\n        raise Exception()\r\n\r\n    def bad_method(self):\r\n        raise Exception()\r\n\r\ndef test():\r\n    SomeClass().bad_method()\r\n\r\n```\r\n\r\n\r\n```\r\n============================================================================================== test session starts ===============================================================================================\r\nplatform linux -- Python 3.7.7, pytest-5.4.1.dev154+gbe6849644, py-1.8.1, pluggy-0.13.1\r\nrootdir: /home/k/pytest, inifile: tox.ini\r\nplugins: asyncio-0.11.0, hypothesis-5.10.4\r\ncollected 1 item                                                                                                                                                                                                 \r\n\r\ntest_internal.py F                                                                                                                                                                                         [100%]\r\n\r\n==================================================================================================== FAILURES ====================================================================================================\r\n______________________________________________________________________________________________________ test ______________________________________________________________________________________________________\r\n\r\n    def test():\r\n>       SomeClass().bad_method()\r\n\r\ntest_internal.py:9: \r\n_ _ _ _ _ _ _ _ _ _ _ _ _ _ _ _ _ _ _ _ _ _ _ _ _ _ _ _ _ _ _ _ _ _ _ _ _ _ _ _ _ _ _ _ _ _ _ _ _ _ _ _ _ _ _ _ _ _ _ _ _ _ _ _ _ _ _ _ _ _ _ _ _ _ _ _ _ _ _ _ _ _ _ _ _ _ _ _ _ _ _ _ _ _ _ _ _ _ _ _ _ _ _ _ _ \r\n\r\nself = <[Exception() raised in repr()] SomeClass object at 0x7f0fd38ac910>\r\n\r\n    def bad_method(self):\r\n>       raise Exception()\r\nE       Exception\r\n\r\ntest_internal.py:6: Exception\r\n============================================================================================ short test summary info =============================================================================================\r\nFAILED test_internal.py::test - Exception\r\n=============================================================================================== 1 failed in 0.07s ================================================================================================\r\n```\n> This only happens when both `__repr__` and `__getattribute__` are broken, which is a very odd scenario.\r\n\r\nIndeed, I admit that's a very odd scenario (I've faced it when working on some black magic mocking stuff). However, I've opened this issue because I haven't dived into pytest code and maybe it will be understood better by someone who could see in it a more important underlying issue.\nThe problem is most likely here:\r\n\r\n```\r\nINTERNALERROR>   File \"/usr/local/lib/python3.8/site-packages/_pytest/_io/saferepr.py\", line 23, in _format_repr_exception\r\nINTERNALERROR>     exc_info, obj.__class__.__name__, id(obj)\r\n```\r\n\r\nspecifically, `obj.__class__` raises, but this isn't expected or handled by `saferepr`. Changing this to `type(obj).__name__` should work.",
        "created_at": "2020-05-05T22:23:38Z",
        "version": "5.4",
        "FAIL_TO_PASS": "[\"testing/io/test_saferepr.py::test_simple_repr\", \"testing/io/test_saferepr.py::test_maxsize\", \"testing/io/test_saferepr.py::test_maxsize_error_on_instance\", \"testing/io/test_saferepr.py::test_exceptions\", \"testing/io/test_saferepr.py::test_baseexception\", \"testing/io/test_saferepr.py::test_buggy_builtin_repr\", \"testing/io/test_saferepr.py::test_big_repr\", \"testing/io/test_saferepr.py::test_repr_on_newstyle\", \"testing/io/test_saferepr.py::test_unicode\", \"testing/io/test_saferepr.py::test_pformat_dispatch\", \"testing/io/test_saferepr.py::test_broken_getattribute\"]",
        "PASS_TO_PASS": "[]",
        "environment_setup_commit": "678c1a0745f1cf175c442c719906a1f13e496910",
        "issue_title": "INTERNALERROR when exception in __repr__",
        "test_file": "/home/fdse/wy/RepoCodeEdit/data/raw_repo_lite/pytest/testing/test_assertrewrite.py"
    },
    {
        "repo": "pytest-dev/pytest",
        "instance_id": "pytest-dev__pytest-9359",
        "base_commit": "e2ee3144ed6e241dea8d96215fcdca18b3892551",
        "patch": "diff --git a/src/_pytest/_code/source.py b/src/_pytest/_code/source.py\n--- a/src/_pytest/_code/source.py\n+++ b/src/_pytest/_code/source.py\n@@ -149,6 +149,11 @@ def get_statement_startend2(lineno: int, node: ast.AST) -> Tuple[int, Optional[i\n     values: List[int] = []\n     for x in ast.walk(node):\n         if isinstance(x, (ast.stmt, ast.ExceptHandler)):\n+            # Before Python 3.8, the lineno of a decorated class or function pointed at the decorator.\n+            # Since Python 3.8, the lineno points to the class/def, so need to include the decorators.\n+            if isinstance(x, (ast.ClassDef, ast.FunctionDef, ast.AsyncFunctionDef)):\n+                for d in x.decorator_list:\n+                    values.append(d.lineno - 1)\n             values.append(x.lineno - 1)\n             for name in (\"finalbody\", \"orelse\"):\n                 val: Optional[List[ast.stmt]] = getattr(x, name, None)\n",
        "test_patch": "diff --git a/testing/code/test_source.py b/testing/code/test_source.py\n--- a/testing/code/test_source.py\n+++ b/testing/code/test_source.py\n@@ -618,6 +618,19 @@ def something():\n     assert str(source) == \"def func(): raise ValueError(42)\"\n \n \n+def test_decorator() -> None:\n+    s = \"\"\"\\\n+def foo(f):\n+    pass\n+\n+@foo\n+def bar():\n+    pass\n+    \"\"\"\n+    source = getstatement(3, s)\n+    assert \"@foo\" in str(source)\n+\n+\n def XXX_test_expression_multiline() -> None:\n     source = \"\"\"\\\n something\n",
        "problem_statement": "Error message prints extra code line when using assert in python3.9\n<!--\r\nThanks for submitting an issue!\r\n\r\nQuick check-list while reporting bugs:\r\n-->\r\n\r\n- [x] a detailed description of the bug or problem you are having\r\n- [x] output of `pip list` from the virtual environment you are using\r\n- [x] pytest and operating system versions\r\n- [ ] minimal example if possible\r\n### Description\r\nI have a test like this:\r\n```\r\nfrom pytest import fixture\r\n\r\n\r\ndef t(foo):\r\n    return foo\r\n\r\n\r\n@fixture\r\ndef foo():\r\n    return 1\r\n\r\n\r\ndef test_right_statement(foo):\r\n    assert foo == (3 + 2) * (6 + 9)\r\n\r\n    @t\r\n    def inner():\r\n        return 2\r\n\r\n    assert 2 == inner\r\n\r\n\r\n@t\r\ndef outer():\r\n    return 2\r\n```\r\nThe test \"test_right_statement\" fails at the first assertion,but print extra code (the \"t\" decorator) in error details, like this:\r\n\r\n```\r\n ============================= test session starts =============================\r\nplatform win32 -- Python 3.9.6, pytest-6.2.5, py-1.10.0, pluggy-0.13.1 -- \r\ncachedir: .pytest_cache\r\nrootdir: \r\nplugins: allure-pytest-2.9.45\r\ncollecting ... collected 1 item\r\n\r\ntest_statement.py::test_right_statement FAILED                           [100%]\r\n\r\n================================== FAILURES ===================================\r\n____________________________ test_right_statement _____________________________\r\n\r\nfoo = 1\r\n\r\n    def test_right_statement(foo):\r\n>       assert foo == (3 + 2) * (6 + 9)\r\n    \r\n        @t\r\nE       assert 1 == 75\r\nE         +1\r\nE         -75\r\n\r\ntest_statement.py:14: AssertionError\r\n=========================== short test summary info ===========================\r\nFAILED test_statement.py::test_right_statement - assert 1 == 75\r\n============================== 1 failed in 0.12s ==============================\r\n```\r\nAnd the same thing **did not** happen when using python3.7.10：\r\n```\r\n============================= test session starts =============================\r\nplatform win32 -- Python 3.7.10, pytest-6.2.5, py-1.11.0, pluggy-1.0.0 -- \r\ncachedir: .pytest_cache\r\nrootdir: \r\ncollecting ... collected 1 item\r\n\r\ntest_statement.py::test_right_statement FAILED                           [100%]\r\n\r\n================================== FAILURES ===================================\r\n____________________________ test_right_statement _____________________________\r\n\r\nfoo = 1\r\n\r\n    def test_right_statement(foo):\r\n>       assert foo == (3 + 2) * (6 + 9)\r\nE       assert 1 == 75\r\nE         +1\r\nE         -75\r\n\r\ntest_statement.py:14: AssertionError\r\n=========================== short test summary info ===========================\r\nFAILED test_statement.py::test_right_statement - assert 1 == 75\r\n============================== 1 failed in 0.03s ==============================\r\n```\r\nIs there some problems when calculate the statement lineno?\r\n\r\n### pip list \r\n```\r\n$ pip list\r\nPackage            Version\r\n------------------ -------\r\natomicwrites       1.4.0\r\nattrs              21.2.0\r\ncolorama           0.4.4\r\nimportlib-metadata 4.8.2\r\niniconfig          1.1.1\r\npackaging          21.3\r\npip                21.3.1\r\npluggy             1.0.0\r\npy                 1.11.0\r\npyparsing          3.0.6\r\npytest             6.2.5\r\nsetuptools         59.4.0\r\ntoml               0.10.2\r\ntyping_extensions  4.0.0\r\nzipp               3.6.0\r\n\r\n```\r\n### pytest and operating system versions\r\npytest 6.2.5\r\nWindows 10 \r\nSeems to happen in python 3.9,not 3.7\r\n\n",
        "hints_text": "",
        "created_at": "2021-12-01T14:31:38Z",
        "version": "7.0",
        "FAIL_TO_PASS": "[\"testing/code/test_source.py::test_decorator\"]",
        "PASS_TO_PASS": "[\"testing/code/test_source.py::test_source_str_function\", \"testing/code/test_source.py::test_source_from_function\", \"testing/code/test_source.py::test_source_from_method\", \"testing/code/test_source.py::test_source_from_lines\", \"testing/code/test_source.py::test_source_from_inner_function\", \"testing/code/test_source.py::test_source_strips\", \"testing/code/test_source.py::test_source_strip_multiline\", \"testing/code/test_source.py::TestAccesses::test_getrange\", \"testing/code/test_source.py::TestAccesses::test_getrange_step_not_supported\", \"testing/code/test_source.py::TestAccesses::test_getline\", \"testing/code/test_source.py::TestAccesses::test_len\", \"testing/code/test_source.py::TestAccesses::test_iter\", \"testing/code/test_source.py::TestSourceParsing::test_getstatement\", \"testing/code/test_source.py::TestSourceParsing::test_getstatementrange_triple_quoted\", \"testing/code/test_source.py::TestSourceParsing::test_getstatementrange_within_constructs\", \"testing/code/test_source.py::TestSourceParsing::test_getstatementrange_bug\", \"testing/code/test_source.py::TestSourceParsing::test_getstatementrange_bug2\", \"testing/code/test_source.py::TestSourceParsing::test_getstatementrange_ast_issue58\", \"testing/code/test_source.py::TestSourceParsing::test_getstatementrange_out_of_bounds_py3\", \"testing/code/test_source.py::TestSourceParsing::test_getstatementrange_with_syntaxerror_issue7\", \"testing/code/test_source.py::test_getstartingblock_singleline\", \"testing/code/test_source.py::test_getline_finally\", \"testing/code/test_source.py::test_getfuncsource_dynamic\", \"testing/code/test_source.py::test_getfuncsource_with_multine_string\", \"testing/code/test_source.py::test_deindent\", \"testing/code/test_source.py::test_source_of_class_at_eof_without_newline\", \"testing/code/test_source.py::test_source_fallback\", \"testing/code/test_source.py::test_findsource_fallback\", \"testing/code/test_source.py::test_findsource\", \"testing/code/test_source.py::test_getfslineno\", \"testing/code/test_source.py::test_code_of_object_instance_with_call\", \"testing/code/test_source.py::test_oneline\", \"testing/code/test_source.py::test_comment_and_no_newline_at_end\", \"testing/code/test_source.py::test_oneline_and_comment\", \"testing/code/test_source.py::test_comments\", \"testing/code/test_source.py::test_comment_in_statement\", \"testing/code/test_source.py::test_source_with_decorator\", \"testing/code/test_source.py::test_single_line_else\", \"testing/code/test_source.py::test_single_line_finally\", \"testing/code/test_source.py::test_issue55\", \"testing/code/test_source.py::test_multiline\", \"testing/code/test_source.py::TestTry::test_body\", \"testing/code/test_source.py::TestTry::test_except_line\", \"testing/code/test_source.py::TestTry::test_except_body\", \"testing/code/test_source.py::TestTry::test_else\", \"testing/code/test_source.py::TestTryFinally::test_body\", \"testing/code/test_source.py::TestTryFinally::test_finally\", \"testing/code/test_source.py::TestIf::test_body\", \"testing/code/test_source.py::TestIf::test_elif_clause\", \"testing/code/test_source.py::TestIf::test_elif\", \"testing/code/test_source.py::TestIf::test_else\", \"testing/code/test_source.py::test_semicolon\", \"testing/code/test_source.py::test_def_online\", \"testing/code/test_source.py::test_getstartingblock_multiline\"]",
        "environment_setup_commit": "e2ee3144ed6e241dea8d96215fcdca18b3892551",
        "issue_title": "Error message prints extra code line when using assert in python3.9",
        "test_file": "/home/fdse/wy/RepoCodeEdit/data/raw_repo_lite/pytest/testing/test_assertion.py"
    },
    {
        "repo": "pytest-dev/pytest",
        "instance_id": "pytest-dev__pytest-7432",
        "base_commit": "e6e300e729dd33956e5448d8be9a0b1540b4e53a",
        "patch": "diff --git a/src/_pytest/skipping.py b/src/_pytest/skipping.py\n--- a/src/_pytest/skipping.py\n+++ b/src/_pytest/skipping.py\n@@ -291,7 +291,8 @@ def pytest_runtest_makereport(item: Item, call: CallInfo[None]):\n             else:\n                 rep.outcome = \"passed\"\n                 rep.wasxfail = xfailed.reason\n-    elif (\n+\n+    if (\n         item._store.get(skipped_by_mark_key, True)\n         and rep.skipped\n         and type(rep.longrepr) is tuple\n",
        "test_patch": "diff --git a/testing/test_skipping.py b/testing/test_skipping.py\n--- a/testing/test_skipping.py\n+++ b/testing/test_skipping.py\n@@ -235,6 +235,31 @@ def test_func2():\n             [\"*def test_func():*\", \"*assert 0*\", \"*1 failed*1 pass*\"]\n         )\n \n+    @pytest.mark.parametrize(\n+        \"test_input,expected\",\n+        [\n+            (\n+                [\"-rs\"],\n+                [\"SKIPPED [1] test_sample.py:2: unconditional skip\", \"*1 skipped*\"],\n+            ),\n+            (\n+                [\"-rs\", \"--runxfail\"],\n+                [\"SKIPPED [1] test_sample.py:2: unconditional skip\", \"*1 skipped*\"],\n+            ),\n+        ],\n+    )\n+    def test_xfail_run_with_skip_mark(self, testdir, test_input, expected):\n+        testdir.makepyfile(\n+            test_sample=\"\"\"\n+            import pytest\n+            @pytest.mark.skip\n+            def test_skip_location() -> None:\n+                assert 0\n+        \"\"\"\n+        )\n+        result = testdir.runpytest(*test_input)\n+        result.stdout.fnmatch_lines(expected)\n+\n     def test_xfail_evalfalse_but_fails(self, testdir):\n         item = testdir.getitem(\n             \"\"\"\n",
        "problem_statement": "skipping: --runxfail breaks pytest.mark.skip location reporting\npytest versions: 5.4.x, current master\r\n\r\nWhen `@pytest.mark.skip`/`skipif` marks are used to skip a test, for example\r\n\r\n```py\r\nimport pytest\r\n@pytest.mark.skip\r\ndef test_skip_location() -> None:\r\n    assert 0\r\n```\r\n\r\nthe expected skip location reported should point to the item itself, and this is indeed what happens when running with `pytest -rs`:\r\n\r\n```\r\nSKIPPED [1] test_it.py:3: unconditional skip\r\n```\r\n\r\nHowever, adding `pytest -rs --runxfail` breaks this:\r\n\r\n```\r\nSKIPPED [1] src/_pytest/skipping.py:238: unconditional skip\r\n```\r\n\r\nThe `--runxfail` is only about xfail and should not affect this at all.\r\n\r\n---\r\n\r\nHint: the bug is in `src/_pytest/skipping.py`, the `pytest_runtest_makereport` hook.\n",
        "hints_text": "Can I look into this one?\n@debugduck Sure!\nAwesome! I'll get started on it and open up a PR when I find it. I'm a bit new, so I'm still learning about the code base.",
        "created_at": "2020-06-29T21:51:15Z",
        "version": "5.4",
        "FAIL_TO_PASS": "[\"testing/test_skipping.py::TestXFail::test_xfail_run_with_skip_mark[test_input1-expected1]\"]",
        "PASS_TO_PASS": "[\"testing/test_skipping.py::test_importorskip\", \"testing/test_skipping.py::TestEvaluation::test_no_marker\", \"testing/test_skipping.py::TestEvaluation::test_marked_xfail_no_args\", \"testing/test_skipping.py::TestEvaluation::test_marked_skipif_no_args\", \"testing/test_skipping.py::TestEvaluation::test_marked_one_arg\", \"testing/test_skipping.py::TestEvaluation::test_marked_one_arg_with_reason\", \"testing/test_skipping.py::TestEvaluation::test_marked_one_arg_twice\", \"testing/test_skipping.py::TestEvaluation::test_marked_one_arg_twice2\", \"testing/test_skipping.py::TestEvaluation::test_marked_skipif_with_boolean_without_reason\", \"testing/test_skipping.py::TestEvaluation::test_marked_skipif_with_invalid_boolean\", \"testing/test_skipping.py::TestEvaluation::test_skipif_class\", \"testing/test_skipping.py::TestXFail::test_xfail_simple[True]\", \"testing/test_skipping.py::TestXFail::test_xfail_simple[False]\", \"testing/test_skipping.py::TestXFail::test_xfail_xpassed\", \"testing/test_skipping.py::TestXFail::test_xfail_using_platform\", \"testing/test_skipping.py::TestXFail::test_xfail_xpassed_strict\", \"testing/test_skipping.py::TestXFail::test_xfail_run_anyway\", \"testing/test_skipping.py::TestXFail::test_xfail_run_with_skip_mark[test_input0-expected0]\", \"testing/test_skipping.py::TestXFail::test_xfail_evalfalse_but_fails\", \"testing/test_skipping.py::TestXFail::test_xfail_not_report_default\", \"testing/test_skipping.py::TestXFail::test_xfail_not_run_xfail_reporting\", \"testing/test_skipping.py::TestXFail::test_xfail_not_run_no_setup_run\", \"testing/test_skipping.py::TestXFail::test_xfail_xpass\", \"testing/test_skipping.py::TestXFail::test_xfail_imperative\", \"testing/test_skipping.py::TestXFail::test_xfail_imperative_in_setup_function\", \"testing/test_skipping.py::TestXFail::test_dynamic_xfail_no_run\", \"testing/test_skipping.py::TestXFail::test_dynamic_xfail_set_during_funcarg_setup\", \"testing/test_skipping.py::TestXFail::test_xfail_raises[TypeError-TypeError-*1\", \"testing/test_skipping.py::TestXFail::test_xfail_raises[(AttributeError,\", \"testing/test_skipping.py::TestXFail::test_xfail_raises[TypeError-IndexError-*1\", \"testing/test_skipping.py::TestXFail::test_strict_sanity\", \"testing/test_skipping.py::TestXFail::test_strict_xfail[True]\", \"testing/test_skipping.py::TestXFail::test_strict_xfail[False]\", \"testing/test_skipping.py::TestXFail::test_strict_xfail_condition[True]\", \"testing/test_skipping.py::TestXFail::test_strict_xfail_condition[False]\", \"testing/test_skipping.py::TestXFail::test_xfail_condition_keyword[True]\", \"testing/test_skipping.py::TestXFail::test_xfail_condition_keyword[False]\", \"testing/test_skipping.py::TestXFail::test_strict_xfail_default_from_file[true]\", \"testing/test_skipping.py::TestXFail::test_strict_xfail_default_from_file[false]\", \"testing/test_skipping.py::TestXFailwithSetupTeardown::test_failing_setup_issue9\", \"testing/test_skipping.py::TestXFailwithSetupTeardown::test_failing_teardown_issue9\", \"testing/test_skipping.py::TestSkip::test_skip_class\", \"testing/test_skipping.py::TestSkip::test_skips_on_false_string\", \"testing/test_skipping.py::TestSkip::test_arg_as_reason\", \"testing/test_skipping.py::TestSkip::test_skip_no_reason\", \"testing/test_skipping.py::TestSkip::test_skip_with_reason\", \"testing/test_skipping.py::TestSkip::test_only_skips_marked_test\", \"testing/test_skipping.py::TestSkip::test_strict_and_skip\", \"testing/test_skipping.py::TestSkipif::test_skipif_conditional\", \"testing/test_skipping.py::TestSkipif::test_skipif_reporting[\\\"hasattr(sys,\", \"testing/test_skipping.py::TestSkipif::test_skipif_reporting[True,\", \"testing/test_skipping.py::TestSkipif::test_skipif_using_platform\", \"testing/test_skipping.py::TestSkipif::test_skipif_reporting_multiple[skipif-SKIP-skipped]\", \"testing/test_skipping.py::TestSkipif::test_skipif_reporting_multiple[xfail-XPASS-xpassed]\", \"testing/test_skipping.py::test_skip_not_report_default\", \"testing/test_skipping.py::test_skipif_class\", \"testing/test_skipping.py::test_skipped_reasons_functional\", \"testing/test_skipping.py::test_skipped_folding\", \"testing/test_skipping.py::test_reportchars\", \"testing/test_skipping.py::test_reportchars_error\", \"testing/test_skipping.py::test_reportchars_all\", \"testing/test_skipping.py::test_reportchars_all_error\", \"testing/test_skipping.py::test_errors_in_xfail_skip_expressions\", \"testing/test_skipping.py::test_xfail_skipif_with_globals\", \"testing/test_skipping.py::test_default_markers\", \"testing/test_skipping.py::test_xfail_test_setup_exception\", \"testing/test_skipping.py::test_imperativeskip_on_xfail_test\", \"testing/test_skipping.py::TestBooleanCondition::test_skipif\", \"testing/test_skipping.py::TestBooleanCondition::test_skipif_noreason\", \"testing/test_skipping.py::TestBooleanCondition::test_xfail\", \"testing/test_skipping.py::test_xfail_item\", \"testing/test_skipping.py::test_module_level_skip_error\", \"testing/test_skipping.py::test_module_level_skip_with_allow_module_level\", \"testing/test_skipping.py::test_invalid_skip_keyword_parameter\", \"testing/test_skipping.py::test_mark_xfail_item\", \"testing/test_skipping.py::test_summary_list_after_errors\", \"testing/test_skipping.py::test_relpath_rootdir\"]",
        "environment_setup_commit": "678c1a0745f1cf175c442c719906a1f13e496910",
        "issue_title": "skipping: --runxfail breaks pytest.mark.skip location reporting",
        "test_file": "/home/fdse/wy/RepoCodeEdit/data/raw_repo_lite/pytest/testing/test_skipping.py"
    },
    {
        "repo": "pytest-dev/pytest",
        "instance_id": "pytest-dev__pytest-8365",
        "base_commit": "4964b468c83c06971eb743fbc57cc404f760c573",
        "patch": "diff --git a/src/_pytest/tmpdir.py b/src/_pytest/tmpdir.py\n--- a/src/_pytest/tmpdir.py\n+++ b/src/_pytest/tmpdir.py\n@@ -115,7 +115,12 @@ def getbasetemp(self) -> Path:\n             # use a sub-directory in the temproot to speed-up\n             # make_numbered_dir() call\n             rootdir = temproot.joinpath(f\"pytest-of-{user}\")\n-            rootdir.mkdir(exist_ok=True)\n+            try:\n+                rootdir.mkdir(exist_ok=True)\n+            except OSError:\n+                # getuser() likely returned illegal characters for the platform, use unknown back off mechanism\n+                rootdir = temproot.joinpath(\"pytest-of-unknown\")\n+                rootdir.mkdir(exist_ok=True)\n             basetemp = make_numbered_dir_with_cleanup(\n                 prefix=\"pytest-\", root=rootdir, keep=3, lock_timeout=LOCK_TIMEOUT\n             )\n",
        "test_patch": "diff --git a/testing/test_tmpdir.py b/testing/test_tmpdir.py\n--- a/testing/test_tmpdir.py\n+++ b/testing/test_tmpdir.py\n@@ -11,6 +11,7 @@\n import pytest\n from _pytest import pathlib\n from _pytest.config import Config\n+from _pytest.monkeypatch import MonkeyPatch\n from _pytest.pathlib import cleanup_numbered_dir\n from _pytest.pathlib import create_cleanup_lock\n from _pytest.pathlib import make_numbered_dir\n@@ -445,3 +446,14 @@ def test(tmp_path):\n     # running a second time and ensure we don't crash\n     result = pytester.runpytest(\"--basetemp=tmp\")\n     assert result.ret == 0\n+\n+\n+def test_tmp_path_factory_handles_invalid_dir_characters(\n+    tmp_path_factory: TempPathFactory, monkeypatch: MonkeyPatch\n+) -> None:\n+    monkeypatch.setattr(\"getpass.getuser\", lambda: \"os/<:*?;>agnostic\")\n+    # _basetemp / _given_basetemp are cached / set in parallel runs, patch them\n+    monkeypatch.setattr(tmp_path_factory, \"_basetemp\", None)\n+    monkeypatch.setattr(tmp_path_factory, \"_given_basetemp\", None)\n+    p = tmp_path_factory.getbasetemp()\n+    assert \"pytest-of-unknown\" in str(p)\n",
        "problem_statement": "tmpdir creation fails when the username contains illegal characters for directory names\n`tmpdir`, `tmpdir_factory` and `tmp_path_factory` rely on `getpass.getuser()` for determining the `basetemp` directory. I found that the user name returned by `getpass.getuser()` may return characters that are not allowed for directory names. This may lead to errors while creating the temporary directory.\r\n\r\nThe situation in which I reproduced this issue was while being logged in through an ssh connection into my Windows 10 x64 Enterprise version (1909) using an OpenSSH_for_Windows_7.7p1 server. In this configuration the command `python -c \"import getpass; print(getpass.getuser())\"` returns my domain username e.g. `contoso\\john_doe` instead of `john_doe` as when logged in regularly using a local session.\r\n\r\nWhen trying to create a temp directory in pytest through e.g. `tmpdir_factory.mktemp('foobar')` this fails with the following error message:\r\n```\r\nself = WindowsPath('C:/Users/john_doe/AppData/Local/Temp/pytest-of-contoso/john_doe')\r\nmode = 511, parents = False, exist_ok = True\r\n\r\n    def mkdir(self, mode=0o777, parents=False, exist_ok=False):\r\n        \"\"\"\r\n        Create a new directory at this given path.\r\n        \"\"\"\r\n        if self._closed:\r\n            self._raise_closed()\r\n        try:\r\n>           self._accessor.mkdir(self, mode)\r\nE           FileNotFoundError: [WinError 3] The system cannot find the path specified: 'C:\\\\Users\\\\john_doe\\\\AppData\\\\Local\\\\Temp\\\\pytest-of-contoso\\\\john_doe'\r\n\r\nC:\\Python38\\lib\\pathlib.py:1266: FileNotFoundError\r\n```\r\n\r\nI could also reproduce this without the complicated ssh/windows setup with pytest 6.2.2 using the following commands from a `cmd`:\r\n```bat\r\necho def test_tmpdir(tmpdir):>test_tmp.py\r\necho   pass>>test_tmp.py\r\nset LOGNAME=contoso\\john_doe\r\npy.test test_tmp.py\r\n```\r\n\r\nThanks for having a look at this!\n",
        "hints_text": "Thanks for the report @pborsutzki!",
        "created_at": "2021-02-22T20:26:35Z",
        "version": "6.3",
        "FAIL_TO_PASS": "[\"testing/test_tmpdir.py::test_tmp_path_factory_handles_invalid_dir_characters\"]",
        "PASS_TO_PASS": "[\"testing/test_tmpdir.py::TestTempdirHandler::test_mktemp\", \"testing/test_tmpdir.py::TestTempdirHandler::test_tmppath_relative_basetemp_absolute\", \"testing/test_tmpdir.py::test_get_user_uid_not_found\", \"testing/test_tmpdir.py::TestNumberedDir::test_make\", \"testing/test_tmpdir.py::TestNumberedDir::test_cleanup_lock_create\", \"testing/test_tmpdir.py::TestNumberedDir::test_lock_register_cleanup_removal\", \"testing/test_tmpdir.py::TestNumberedDir::test_cleanup_keep\", \"testing/test_tmpdir.py::TestNumberedDir::test_cleanup_locked\", \"testing/test_tmpdir.py::TestNumberedDir::test_cleanup_ignores_symlink\", \"testing/test_tmpdir.py::TestNumberedDir::test_removal_accepts_lock\", \"testing/test_tmpdir.py::TestRmRf::test_rm_rf\", \"testing/test_tmpdir.py::TestRmRf::test_rm_rf_with_read_only_file\", \"testing/test_tmpdir.py::TestRmRf::test_rm_rf_with_read_only_directory\", \"testing/test_tmpdir.py::TestRmRf::test_on_rm_rf_error\", \"testing/test_tmpdir.py::test_tmpdir_equals_tmp_path\", \"testing/test_tmpdir.py::test_tmpdir_fixture\", \"testing/test_tmpdir.py::TestConfigTmpdir::test_getbasetemp_custom_removes_old\", \"testing/test_tmpdir.py::test_mktemp[mypath-True]\", \"testing/test_tmpdir.py::test_mktemp[/mypath1-False]\", \"testing/test_tmpdir.py::test_mktemp[./mypath1-True]\", \"testing/test_tmpdir.py::test_mktemp[../mypath3-False]\", \"testing/test_tmpdir.py::test_mktemp[../../mypath4-False]\", \"testing/test_tmpdir.py::test_mktemp[mypath5/..-False]\", \"testing/test_tmpdir.py::test_mktemp[mypath6/../mypath6-True]\", \"testing/test_tmpdir.py::test_mktemp[mypath7/../mypath7/..-False]\", \"testing/test_tmpdir.py::test_tmpdir_always_is_realpath\", \"testing/test_tmpdir.py::test_tmp_path_always_is_realpath\", \"testing/test_tmpdir.py::test_tmpdir_too_long_on_parametrization\", \"testing/test_tmpdir.py::test_tmpdir_factory\", \"testing/test_tmpdir.py::test_tmpdir_fallback_tox_env\", \"testing/test_tmpdir.py::test_tmpdir_fallback_uid_not_found\", \"testing/test_tmpdir.py::test_basetemp_with_read_only_files\"]",
        "environment_setup_commit": "634312b14a45db8d60d72016e01294284e3a18d4",
        "issue_title": "tmpdir creation fails when the username contains illegal characters for directory names",
        "test_file": "/home/fdse/wy/RepoCodeEdit/data/raw_repo_lite/pytest/testing/example_scripts/tmpdir/tmpdir_fixture.py"
    },
    {
        "repo": "pytest-dev/pytest",
        "instance_id": "pytest-dev__pytest-5495",
        "base_commit": "1aefb24b37c30fba8fd79a744829ca16e252f340",
        "patch": "diff --git a/src/_pytest/assertion/util.py b/src/_pytest/assertion/util.py\n--- a/src/_pytest/assertion/util.py\n+++ b/src/_pytest/assertion/util.py\n@@ -254,17 +254,38 @@ def _compare_eq_iterable(left, right, verbose=0):\n \n \n def _compare_eq_sequence(left, right, verbose=0):\n+    comparing_bytes = isinstance(left, bytes) and isinstance(right, bytes)\n     explanation = []\n     len_left = len(left)\n     len_right = len(right)\n     for i in range(min(len_left, len_right)):\n         if left[i] != right[i]:\n+            if comparing_bytes:\n+                # when comparing bytes, we want to see their ascii representation\n+                # instead of their numeric values (#5260)\n+                # using a slice gives us the ascii representation:\n+                # >>> s = b'foo'\n+                # >>> s[0]\n+                # 102\n+                # >>> s[0:1]\n+                # b'f'\n+                left_value = left[i : i + 1]\n+                right_value = right[i : i + 1]\n+            else:\n+                left_value = left[i]\n+                right_value = right[i]\n+\n             explanation += [\n-                \"At index {} diff: {!r} != {!r}\".format(i, left[i], right[i])\n+                \"At index {} diff: {!r} != {!r}\".format(i, left_value, right_value)\n             ]\n             break\n-    len_diff = len_left - len_right\n \n+    if comparing_bytes:\n+        # when comparing bytes, it doesn't help to show the \"sides contain one or more items\"\n+        # longer explanation, so skip it\n+        return explanation\n+\n+    len_diff = len_left - len_right\n     if len_diff:\n         if len_diff > 0:\n             dir_with_more = \"Left\"\n",
        "test_patch": "diff --git a/testing/test_assertion.py b/testing/test_assertion.py\n--- a/testing/test_assertion.py\n+++ b/testing/test_assertion.py\n@@ -331,6 +331,27 @@ def test_multiline_text_diff(self):\n         assert \"- spam\" in diff\n         assert \"+ eggs\" in diff\n \n+    def test_bytes_diff_normal(self):\n+        \"\"\"Check special handling for bytes diff (#5260)\"\"\"\n+        diff = callequal(b\"spam\", b\"eggs\")\n+\n+        assert diff == [\n+            \"b'spam' == b'eggs'\",\n+            \"At index 0 diff: b's' != b'e'\",\n+            \"Use -v to get the full diff\",\n+        ]\n+\n+    def test_bytes_diff_verbose(self):\n+        \"\"\"Check special handling for bytes diff (#5260)\"\"\"\n+        diff = callequal(b\"spam\", b\"eggs\", verbose=True)\n+        assert diff == [\n+            \"b'spam' == b'eggs'\",\n+            \"At index 0 diff: b's' != b'e'\",\n+            \"Full diff:\",\n+            \"- b'spam'\",\n+            \"+ b'eggs'\",\n+        ]\n+\n     def test_list(self):\n         expl = callequal([0, 1], [0, 2])\n         assert len(expl) > 1\n",
        "problem_statement": "Confusing assertion rewriting message with byte strings\nThe comparison with assertion rewriting for byte strings is confusing: \r\n```\r\n    def test_b():\r\n>       assert b\"\" == b\"42\"\r\nE       AssertionError: assert b'' == b'42'\r\nE         Right contains more items, first extra item: 52\r\nE         Full diff:\r\nE         - b''\r\nE         + b'42'\r\nE         ?   ++\r\n```\r\n\r\n52 is the ASCII ordinal of \"4\" here.\r\n\r\nIt became clear to me when using another example:\r\n\r\n```\r\n    def test_b():\r\n>       assert b\"\" == b\"1\"\r\nE       AssertionError: assert b'' == b'1'\r\nE         Right contains more items, first extra item: 49\r\nE         Full diff:\r\nE         - b''\r\nE         + b'1'\r\nE         ?   +\r\n```\r\n\r\nNot sure what should/could be done here.\n",
        "hints_text": "hmmm yes, this ~kinda makes sense as `bytes` objects are sequences of integers -- we should maybe just omit the \"contains more items\" messaging for bytes objects?",
        "created_at": "2019-06-25T23:41:16Z",
        "version": "4.6",
        "FAIL_TO_PASS": "[\"testing/test_assertion.py::TestAssert_reprcompare::test_bytes_diff_normal\", \"testing/test_assertion.py::TestAssert_reprcompare::test_bytes_diff_verbose\"]",
        "PASS_TO_PASS": "[\"testing/test_assertion.py::TestImportHookInstallation::test_register_assert_rewrite_checks_types\", \"testing/test_assertion.py::TestAssert_reprcompare::test_different_types\", \"testing/test_assertion.py::TestAssert_reprcompare::test_summary\", \"testing/test_assertion.py::TestAssert_reprcompare::test_text_diff\", \"testing/test_assertion.py::TestAssert_reprcompare::test_text_skipping\", \"testing/test_assertion.py::TestAssert_reprcompare::test_text_skipping_verbose\", \"testing/test_assertion.py::TestAssert_reprcompare::test_multiline_text_diff\", \"testing/test_assertion.py::TestAssert_reprcompare::test_list\", \"testing/test_assertion.py::TestAssert_reprcompare::test_iterable_full_diff[left0-right0-\\\\n\", \"testing/test_assertion.py::TestAssert_reprcompare::test_iterable_full_diff[left1-right1-\\\\n\", \"testing/test_assertion.py::TestAssert_reprcompare::test_iterable_full_diff[left2-right2-\\\\n\", \"testing/test_assertion.py::TestAssert_reprcompare::test_list_different_lengths\", \"testing/test_assertion.py::TestAssert_reprcompare::test_dict\", \"testing/test_assertion.py::TestAssert_reprcompare::test_dict_omitting\", \"testing/test_assertion.py::TestAssert_reprcompare::test_dict_omitting_with_verbosity_1\", \"testing/test_assertion.py::TestAssert_reprcompare::test_dict_omitting_with_verbosity_2\", \"testing/test_assertion.py::TestAssert_reprcompare::test_dict_different_items\", \"testing/test_assertion.py::TestAssert_reprcompare::test_sequence_different_items\", \"testing/test_assertion.py::TestAssert_reprcompare::test_set\", \"testing/test_assertion.py::TestAssert_reprcompare::test_frozenzet\", \"testing/test_assertion.py::TestAssert_reprcompare::test_Sequence\", \"testing/test_assertion.py::TestAssert_reprcompare::test_list_tuples\", \"testing/test_assertion.py::TestAssert_reprcompare::test_repr_verbose\", \"testing/test_assertion.py::TestAssert_reprcompare::test_list_bad_repr\", \"testing/test_assertion.py::TestAssert_reprcompare::test_one_repr_empty\", \"testing/test_assertion.py::TestAssert_reprcompare::test_repr_no_exc\", \"testing/test_assertion.py::TestAssert_reprcompare::test_unicode\", \"testing/test_assertion.py::TestAssert_reprcompare::test_nonascii_text\", \"testing/test_assertion.py::TestAssert_reprcompare::test_format_nonascii_explanation\", \"testing/test_assertion.py::TestAssert_reprcompare::test_mojibake\", \"testing/test_assertion.py::TestAssert_reprcompare_attrsclass::test_comparing_two_different_attrs_classes\", \"testing/test_assertion.py::TestFormatExplanation::test_fmt_simple\", \"testing/test_assertion.py::TestFormatExplanation::test_fmt_where\", \"testing/test_assertion.py::TestFormatExplanation::test_fmt_and\", \"testing/test_assertion.py::TestFormatExplanation::test_fmt_where_nested\", \"testing/test_assertion.py::TestFormatExplanation::test_fmt_newline\", \"testing/test_assertion.py::TestFormatExplanation::test_fmt_newline_escaped\", \"testing/test_assertion.py::TestFormatExplanation::test_fmt_newline_before_where\", \"testing/test_assertion.py::TestFormatExplanation::test_fmt_multi_newline_before_where\", \"testing/test_assertion.py::TestTruncateExplanation::test_doesnt_truncate_when_input_is_empty_list\", \"testing/test_assertion.py::TestTruncateExplanation::test_doesnt_truncate_at_when_input_is_5_lines_and_LT_max_chars\", \"testing/test_assertion.py::TestTruncateExplanation::test_truncates_at_8_lines_when_given_list_of_empty_strings\", \"testing/test_assertion.py::TestTruncateExplanation::test_truncates_at_8_lines_when_first_8_lines_are_LT_max_chars\", \"testing/test_assertion.py::TestTruncateExplanation::test_truncates_at_8_lines_when_first_8_lines_are_EQ_max_chars\", \"testing/test_assertion.py::TestTruncateExplanation::test_truncates_at_4_lines_when_first_4_lines_are_GT_max_chars\", \"testing/test_assertion.py::TestTruncateExplanation::test_truncates_at_1_line_when_first_line_is_GT_max_chars\", \"testing/test_assertion.py::test_reprcompare_notin\", \"testing/test_assertion.py::test_reprcompare_whitespaces\", \"testing/test_assertion.py::test_exit_from_assertrepr_compare\", \"testing/test_assertion.py::TestImportHookInstallation::test_conftest_assertion_rewrite[plain-True]\", \"testing/test_assertion.py::TestImportHookInstallation::test_conftest_assertion_rewrite[plain-False]\", \"testing/test_assertion.py::TestImportHookInstallation::test_conftest_assertion_rewrite[rewrite-True]\", \"testing/test_assertion.py::TestImportHookInstallation::test_conftest_assertion_rewrite[rewrite-False]\", \"testing/test_assertion.py::TestImportHookInstallation::test_rewrite_assertions_pytester_plugin\", \"testing/test_assertion.py::TestImportHookInstallation::test_pytest_plugins_rewrite[plain]\", \"testing/test_assertion.py::TestImportHookInstallation::test_pytest_plugins_rewrite[rewrite]\", \"testing/test_assertion.py::TestImportHookInstallation::test_pytest_plugins_rewrite_module_names[str]\", \"testing/test_assertion.py::TestImportHookInstallation::test_pytest_plugins_rewrite_module_names[list]\", \"testing/test_assertion.py::TestImportHookInstallation::test_pytest_plugins_rewrite_module_names_correctly\", \"testing/test_assertion.py::TestImportHookInstallation::test_rewrite_ast\", \"testing/test_assertion.py::TestBinReprIntegration::test_pytest_assertrepr_compare_called\", \"testing/test_assertion.py::TestAssert_reprcompare_dataclass::test_dataclasses\", \"testing/test_assertion.py::TestAssert_reprcompare_dataclass::test_dataclasses_verbose\", \"testing/test_assertion.py::TestAssert_reprcompare_dataclass::test_dataclasses_with_attribute_comparison_off\", \"testing/test_assertion.py::TestAssert_reprcompare_dataclass::test_comparing_two_different_data_classes\", \"testing/test_assertion.py::TestFormatExplanation::test_special_chars_full\", \"testing/test_assertion.py::TestTruncateExplanation::test_full_output_truncated\", \"testing/test_assertion.py::test_python25_compile_issue257\", \"testing/test_assertion.py::test_rewritten\", \"testing/test_assertion.py::test_pytest_assertrepr_compare_integration\", \"testing/test_assertion.py::test_sequence_comparison_uses_repr\", \"testing/test_assertion.py::test_assertrepr_loaded_per_dir\", \"testing/test_assertion.py::test_assertion_options\", \"testing/test_assertion.py::test_triple_quoted_string_issue113\", \"testing/test_assertion.py::test_traceback_failure\", \"testing/test_assertion.py::test_exception_handling_no_traceback\", \"testing/test_assertion.py::test_warn_missing\", \"testing/test_assertion.py::test_recursion_source_decode\", \"testing/test_assertion.py::test_AssertionError_message\", \"testing/test_assertion.py::test_diff_newline_at_end\", \"testing/test_assertion.py::test_assert_tuple_warning\", \"testing/test_assertion.py::test_assert_indirect_tuple_no_warning\", \"testing/test_assertion.py::test_assert_with_unicode\", \"testing/test_assertion.py::test_raise_unprintable_assertion_error\", \"testing/test_assertion.py::test_raise_assertion_error_raisin_repr\", \"testing/test_assertion.py::test_issue_1944\"]",
        "environment_setup_commit": "d5843f89d3c008ddcb431adbc335b080a79e617e",
        "issue_title": "Confusing assertion rewriting message with byte strings",
        "test_file": "/home/fdse/wy/RepoCodeEdit/data/raw_repo_lite/pytest/testing/test_assertrewrite.py"
    },
    {
        "repo": "pytest-dev/pytest",
        "instance_id": "pytest-dev__pytest-6116",
        "base_commit": "e670ff76cbad80108bde9bab616b66771b8653cf",
        "patch": "diff --git a/src/_pytest/main.py b/src/_pytest/main.py\n--- a/src/_pytest/main.py\n+++ b/src/_pytest/main.py\n@@ -109,6 +109,7 @@ def pytest_addoption(parser):\n     group.addoption(\n         \"--collectonly\",\n         \"--collect-only\",\n+        \"--co\",\n         action=\"store_true\",\n         help=\"only collect tests, don't execute them.\",\n     ),\n",
        "test_patch": "diff --git a/testing/test_collection.py b/testing/test_collection.py\n--- a/testing/test_collection.py\n+++ b/testing/test_collection.py\n@@ -402,7 +402,7 @@ def pytest_collect_file(path, parent):\n         )\n         testdir.mkdir(\"sub\")\n         testdir.makepyfile(\"def test_x(): pass\")\n-        result = testdir.runpytest(\"--collect-only\")\n+        result = testdir.runpytest(\"--co\")\n         result.stdout.fnmatch_lines([\"*MyModule*\", \"*test_x*\"])\n \n     def test_pytest_collect_file_from_sister_dir(self, testdir):\n@@ -433,7 +433,7 @@ def pytest_collect_file(path, parent):\n         p = testdir.makepyfile(\"def test_x(): pass\")\n         p.copy(sub1.join(p.basename))\n         p.copy(sub2.join(p.basename))\n-        result = testdir.runpytest(\"--collect-only\")\n+        result = testdir.runpytest(\"--co\")\n         result.stdout.fnmatch_lines([\"*MyModule1*\", \"*MyModule2*\", \"*test_x*\"])\n \n \n",
        "problem_statement": "pytest --collect-only needs a one char shortcut command\nI find myself needing to run `--collect-only` very often and that cli argument is a very long to type one. \r\n\r\nI do think that it would be great to allocate a character for it, not sure which one yet. Please use up/down thumbs to vote if you would find it useful or not and eventually proposing which char should be used. \r\n\r\nClearly this is a change very easy to implement but first I want to see if others would find it useful or not.\npytest --collect-only needs a one char shortcut command\nI find myself needing to run `--collect-only` very often and that cli argument is a very long to type one. \r\n\r\nI do think that it would be great to allocate a character for it, not sure which one yet. Please use up/down thumbs to vote if you would find it useful or not and eventually proposing which char should be used. \r\n\r\nClearly this is a change very easy to implement but first I want to see if others would find it useful or not.\n",
        "hints_text": "Agreed, it's probably the option I use most which doesn't have a shortcut.\r\n\r\nBoth `-c` and `-o` are taken. I guess `-n` (as in \"no action\", compare `-n`/`--dry-run` for e.g. `git clean`) could work? \r\n\r\nMaybe `--co` (for either \"**co**llect\" or \"**c**ollect **o**nly), similar to other two-character shortcuts we already have (`--sw`, `--lf`, `--ff`, `--nf`)?\nI like `--co`, and it doesn't seem to be used by any plugins as far as I can search:\r\n\r\nhttps://github.com/search?utf8=%E2%9C%93&q=--co+language%3APython+pytest+language%3APython+language%3APython&type=Code&ref=advsearch&l=Python&l=Python\n> I find myself needing to run `--collect-only` very often and that cli argument is a very long to type one.\r\n\r\nJust out of curiosity: Why?  (i.e. what's your use case?)\r\n\r\n+0 for `--co`.\r\n\r\nBut in general you can easily also have an alias \"alias pco='pytest --collect-only'\" - (or \"alias pco='p --collect-only\" if you have a shortcut for pytest already.. :))\nI routinely use `--collect-only` when I switch to a different development branch or start working on a different area of our code base. I think `--co` is fine.\nAgreed, it's probably the option I use most which doesn't have a shortcut.\r\n\r\nBoth `-c` and `-o` are taken. I guess `-n` (as in \"no action\", compare `-n`/`--dry-run` for e.g. `git clean`) could work? \r\n\r\nMaybe `--co` (for either \"**co**llect\" or \"**c**ollect **o**nly), similar to other two-character shortcuts we already have (`--sw`, `--lf`, `--ff`, `--nf`)?\nI like `--co`, and it doesn't seem to be used by any plugins as far as I can search:\r\n\r\nhttps://github.com/search?utf8=%E2%9C%93&q=--co+language%3APython+pytest+language%3APython+language%3APython&type=Code&ref=advsearch&l=Python&l=Python\n> I find myself needing to run `--collect-only` very often and that cli argument is a very long to type one.\r\n\r\nJust out of curiosity: Why?  (i.e. what's your use case?)\r\n\r\n+0 for `--co`.\r\n\r\nBut in general you can easily also have an alias \"alias pco='pytest --collect-only'\" - (or \"alias pco='p --collect-only\" if you have a shortcut for pytest already.. :))\nI routinely use `--collect-only` when I switch to a different development branch or start working on a different area of our code base. I think `--co` is fine.",
        "created_at": "2019-11-01T20:05:53Z",
        "version": "5.2",
        "FAIL_TO_PASS": "[\"testing/test_collection.py::TestCustomConftests::test_pytest_fs_collect_hooks_are_seen\", \"testing/test_collection.py::TestCustomConftests::test_pytest_collect_file_from_sister_dir\"]",
        "PASS_TO_PASS": "[\"testing/test_collection.py::TestCollector::test_collect_versus_item\", \"testing/test_collection.py::TestCollector::test_check_equality\", \"testing/test_collection.py::TestCollector::test_getparent\", \"testing/test_collection.py::TestCollector::test_getcustomfile_roundtrip\", \"testing/test_collection.py::TestCollector::test_can_skip_class_with_test_attr\", \"testing/test_collection.py::TestCollectFS::test_ignored_certain_directories\", \"testing/test_collection.py::TestCollectFS::test_ignored_virtualenvs[activate]\", \"testing/test_collection.py::TestCollectFS::test_ignored_virtualenvs[activate.csh]\", \"testing/test_collection.py::TestCollectFS::test_ignored_virtualenvs[activate.fish]\", \"testing/test_collection.py::TestCollectFS::test_ignored_virtualenvs[Activate]\", \"testing/test_collection.py::TestCollectFS::test_ignored_virtualenvs[Activate.bat]\", \"testing/test_collection.py::TestCollectFS::test_ignored_virtualenvs[Activate.ps1]\", \"testing/test_collection.py::TestCollectFS::test_ignored_virtualenvs_norecursedirs_precedence[activate]\", \"testing/test_collection.py::TestCollectFS::test_ignored_virtualenvs_norecursedirs_precedence[activate.csh]\", \"testing/test_collection.py::TestCollectFS::test_ignored_virtualenvs_norecursedirs_precedence[activate.fish]\", \"testing/test_collection.py::TestCollectFS::test_ignored_virtualenvs_norecursedirs_precedence[Activate]\", \"testing/test_collection.py::TestCollectFS::test_ignored_virtualenvs_norecursedirs_precedence[Activate.bat]\", \"testing/test_collection.py::TestCollectFS::test_ignored_virtualenvs_norecursedirs_precedence[Activate.ps1]\", \"testing/test_collection.py::TestCollectFS::test__in_venv[activate]\", \"testing/test_collection.py::TestCollectFS::test__in_venv[activate.csh]\", \"testing/test_collection.py::TestCollectFS::test__in_venv[activate.fish]\", \"testing/test_collection.py::TestCollectFS::test__in_venv[Activate]\", \"testing/test_collection.py::TestCollectFS::test__in_venv[Activate.bat]\", \"testing/test_collection.py::TestCollectFS::test__in_venv[Activate.ps1]\", \"testing/test_collection.py::TestCollectFS::test_custom_norecursedirs\", \"testing/test_collection.py::TestCollectFS::test_testpaths_ini\", \"testing/test_collection.py::TestCollectPluginHookRelay::test_pytest_collect_file\", \"testing/test_collection.py::TestCollectPluginHookRelay::test_pytest_collect_directory\", \"testing/test_collection.py::TestPrunetraceback::test_custom_repr_failure\", \"testing/test_collection.py::TestCustomConftests::test_ignore_collect_path\", \"testing/test_collection.py::TestCustomConftests::test_ignore_collect_not_called_on_argument\", \"testing/test_collection.py::TestCustomConftests::test_collectignore_exclude_on_option\", \"testing/test_collection.py::TestCustomConftests::test_collectignoreglob_exclude_on_option\", \"testing/test_collection.py::TestSession::test_parsearg\", \"testing/test_collection.py::TestSession::test_collect_topdir\", \"testing/test_collection.py::TestSession::test_collect_protocol_single_function\", \"testing/test_collection.py::TestSession::test_collect_protocol_method\", \"testing/test_collection.py::TestSession::test_collect_custom_nodes_multi_id\", \"testing/test_collection.py::TestSession::test_collect_subdir_event_ordering\", \"testing/test_collection.py::TestSession::test_collect_two_commandline_args\", \"testing/test_collection.py::TestSession::test_serialization_byid\", \"testing/test_collection.py::TestSession::test_find_byid_without_instance_parents\", \"testing/test_collection.py::Test_getinitialnodes::test_global_file\", \"testing/test_collection.py::Test_getinitialnodes::test_pkgfile\", \"testing/test_collection.py::Test_genitems::test_check_collect_hashes\", \"testing/test_collection.py::Test_genitems::test_example_items1\", \"testing/test_collection.py::Test_genitems::test_class_and_functions_discovery_using_glob\", \"testing/test_collection.py::test_matchnodes_two_collections_same_file\", \"testing/test_collection.py::TestNodekeywords::test_no_under\", \"testing/test_collection.py::TestNodekeywords::test_issue345\", \"testing/test_collection.py::test_exit_on_collection_error\", \"testing/test_collection.py::test_exit_on_collection_with_maxfail_smaller_than_n_errors\", \"testing/test_collection.py::test_exit_on_collection_with_maxfail_bigger_than_n_errors\", \"testing/test_collection.py::test_continue_on_collection_errors\", \"testing/test_collection.py::test_continue_on_collection_errors_maxfail\", \"testing/test_collection.py::test_fixture_scope_sibling_conftests\", \"testing/test_collection.py::test_collect_init_tests\", \"testing/test_collection.py::test_collect_invalid_signature_message\", \"testing/test_collection.py::test_collect_handles_raising_on_dunder_class\", \"testing/test_collection.py::test_collect_with_chdir_during_import\", \"testing/test_collection.py::test_collect_symlink_file_arg\", \"testing/test_collection.py::test_collect_symlink_out_of_tree\", \"testing/test_collection.py::test_collectignore_via_conftest\", \"testing/test_collection.py::test_collect_pkg_init_and_file_in_args\", \"testing/test_collection.py::test_collect_pkg_init_only\", \"testing/test_collection.py::test_collect_sub_with_symlinks[True]\", \"testing/test_collection.py::test_collect_sub_with_symlinks[False]\", \"testing/test_collection.py::test_collector_respects_tbstyle\", \"testing/test_collection.py::test_collect_pyargs_with_testpaths\"]",
        "environment_setup_commit": "f36ea240fe3579f945bf5d6cc41b5e45a572249d",
        "issue_title": "pytest --collect-only needs a one char shortcut command",
        "test_file": "/home/fdse/wy/RepoCodeEdit/data/raw_repo_lite/pytest/testing/test_collection.py"
    },
    {
        "repo": "pytest-dev/pytest",
        "instance_id": "pytest-dev__pytest-7220",
        "base_commit": "56bf819c2f4eaf8b36bd8c42c06bb59d5a3bfc0f",
        "patch": "diff --git a/src/_pytest/nodes.py b/src/_pytest/nodes.py\n--- a/src/_pytest/nodes.py\n+++ b/src/_pytest/nodes.py\n@@ -29,6 +29,7 @@\n from _pytest.mark.structures import MarkDecorator\n from _pytest.mark.structures import NodeKeywords\n from _pytest.outcomes import fail\n+from _pytest.pathlib import Path\n from _pytest.store import Store\n \n if TYPE_CHECKING:\n@@ -361,9 +362,14 @@ def _repr_failure_py(\n         else:\n             truncate_locals = True\n \n+        # excinfo.getrepr() formats paths relative to the CWD if `abspath` is False.\n+        # It is possible for a fixture/test to change the CWD while this code runs, which\n+        # would then result in the user seeing confusing paths in the failure message.\n+        # To fix this, if the CWD changed, always display the full absolute path.\n+        # It will be better to just always display paths relative to invocation_dir, but\n+        # this requires a lot of plumbing (#6428).\n         try:\n-            os.getcwd()\n-            abspath = False\n+            abspath = Path(os.getcwd()) != Path(self.config.invocation_dir)\n         except OSError:\n             abspath = True\n \n",
        "test_patch": "diff --git a/testing/test_nodes.py b/testing/test_nodes.py\n--- a/testing/test_nodes.py\n+++ b/testing/test_nodes.py\n@@ -58,3 +58,30 @@ class FakeSession:\n \n     outside = py.path.local(\"/outside\")\n     assert nodes._check_initialpaths_for_relpath(FakeSession, outside) is None\n+\n+\n+def test_failure_with_changed_cwd(testdir):\n+    \"\"\"\n+    Test failure lines should use absolute paths if cwd has changed since\n+    invocation, so the path is correct (#6428).\n+    \"\"\"\n+    p = testdir.makepyfile(\n+        \"\"\"\n+        import os\n+        import pytest\n+\n+        @pytest.fixture\n+        def private_dir():\n+            out_dir = 'ddd'\n+            os.mkdir(out_dir)\n+            old_dir = os.getcwd()\n+            os.chdir(out_dir)\n+            yield out_dir\n+            os.chdir(old_dir)\n+\n+        def test_show_wrong_path(private_dir):\n+            assert False\n+    \"\"\"\n+    )\n+    result = testdir.runpytest()\n+    result.stdout.fnmatch_lines([str(p) + \":*: AssertionError\", \"*1 failed in *\"])\n",
        "problem_statement": "Wrong path to test file when directory changed in fixture\nFiles are shown as relative to new directory when working directory is changed in a fixture. This makes it impossible to jump to the error as the editor is unaware of the directory change. The displayed directory should stay relative to the original directory.\r\n\r\ntest_path_error.py:\r\n```python\r\nimport os\r\nimport errno\r\nimport shutil\r\n\r\nimport pytest\r\n\r\n\r\n@pytest.fixture\r\ndef private_dir():  # or (monkeypatch)\r\n    out_dir = 'ddd'\r\n\r\n    try:\r\n        shutil.rmtree(out_dir)\r\n    except OSError as ex:\r\n        if ex.errno != errno.ENOENT:\r\n            raise\r\n    os.mkdir(out_dir)\r\n\r\n    old_dir = os.getcwd()\r\n    os.chdir(out_dir)\r\n    yield out_dir\r\n    os.chdir(old_dir)\r\n\r\n    # Same issue if using:\r\n    # monkeypatch.chdir(out_dir)\r\n\r\n\r\ndef test_show_wrong_path(private_dir):\r\n    assert False\r\n```\r\n\r\n```diff\r\n+ Expected: test_path_error.py:29: AssertionError\r\n- Displayed: ../test_path_error.py:29: AssertionError\r\n```\r\n\r\nThe full output is:\r\n```\r\n-*- mode: compilation; default-directory: \"~/src/pytest_path_error/\" -*-\r\nCompilation started at Fri Jan 10 00:05:52\r\n\r\nnox\r\nnox > Running session test\r\nnox > Creating virtual environment (virtualenv) using python3.7 in .nox/test\r\nnox > pip install pytest>=5.3\r\nnox > pip freeze\r\nattrs==19.3.0\r\nimportlib-metadata==1.3.0\r\nmore-itertools==8.0.2\r\npackaging==20.0\r\npluggy==0.13.1\r\npy==1.8.1\r\npyparsing==2.4.6\r\npytest==5.3.2\r\nsix==1.13.0\r\nwcwidth==0.1.8\r\nzipp==0.6.0\r\nnox > pytest \r\n================================= test session starts =================================\r\nplatform linux -- Python 3.7.5, pytest-5.3.2, py-1.8.1, pluggy-0.13.1\r\nrootdir: /home/lhn/src/pytest_path_error\r\ncollected 1 item                                                                      \r\n\r\ntest_path_error.py F                                                            [100%]\r\n\r\n====================================== FAILURES =======================================\r\n________________________________ test_show_wrong_path _________________________________\r\n\r\nprivate_dir = 'ddd'\r\n\r\n    def test_show_wrong_path(private_dir):\r\n>       assert False\r\nE       assert False\r\n\r\n../test_path_error.py:29: AssertionError\r\n================================== 1 failed in 0.03s ==================================\r\nnox > Command pytest  failed with exit code 1\r\nnox > Session test failed.\r\n\r\nCompilation exited abnormally with code 1 at Fri Jan 10 00:06:01\r\n```\r\n\r\nnoxfile.py:\r\n```python\r\nimport nox\r\n\r\n@nox.session(python='3.7')\r\ndef test(session):\r\n    session.install('pytest>=5.3')\r\n    session.run('pip', 'freeze')\r\n    session.run('pytest')\r\n```\n",
        "hints_text": "",
        "created_at": "2020-05-16T14:57:17Z",
        "version": "5.4",
        "FAIL_TO_PASS": "[\"testing/test_nodes.py::test_failure_with_changed_cwd\"]",
        "PASS_TO_PASS": "[\"testing/test_nodes.py::test_ischildnode[--True]\", \"testing/test_nodes.py::test_ischildnode[-foo-True]\", \"testing/test_nodes.py::test_ischildnode[-foo/bar-True]\", \"testing/test_nodes.py::test_ischildnode[-foo/bar::TestBaz-True]\", \"testing/test_nodes.py::test_ischildnode[foo-food-False]\", \"testing/test_nodes.py::test_ischildnode[foo/bar::TestBaz-foo/bar-False]\", \"testing/test_nodes.py::test_ischildnode[foo/bar::TestBaz-foo/bar::TestBop-False]\", \"testing/test_nodes.py::test_ischildnode[foo/bar-foo/bar::TestBop-True]\", \"testing/test_nodes.py::test_node_from_parent_disallowed_arguments\", \"testing/test_nodes.py::test__check_initialpaths_for_relpath\", \"testing/test_nodes.py::test_std_warn_not_pytestwarning\"]",
        "environment_setup_commit": "678c1a0745f1cf175c442c719906a1f13e496910",
        "issue_title": "Wrong path to test file when directory changed in fixture",
        "test_file": "/home/fdse/wy/RepoCodeEdit/data/raw_repo_lite/pytest/testing/test_nodes.py"
    },
    {
        "repo": "pytest-dev/pytest",
        "instance_id": "pytest-dev__pytest-5413",
        "base_commit": "450d2646233c670654744d3d24330b69895bb9d2",
        "patch": "diff --git a/src/_pytest/_code/code.py b/src/_pytest/_code/code.py\n--- a/src/_pytest/_code/code.py\n+++ b/src/_pytest/_code/code.py\n@@ -534,13 +534,6 @@ def getrepr(\n         )\n         return fmt.repr_excinfo(self)\n \n-    def __str__(self):\n-        if self._excinfo is None:\n-            return repr(self)\n-        entry = self.traceback[-1]\n-        loc = ReprFileLocation(entry.path, entry.lineno + 1, self.exconly())\n-        return str(loc)\n-\n     def match(self, regexp):\n         \"\"\"\n         Check whether the regular expression 'regexp' is found in the string\n",
        "test_patch": "diff --git a/testing/code/test_excinfo.py b/testing/code/test_excinfo.py\n--- a/testing/code/test_excinfo.py\n+++ b/testing/code/test_excinfo.py\n@@ -333,18 +333,10 @@ def test_excinfo_exconly():\n     assert msg.endswith(\"world\")\n \n \n-def test_excinfo_repr():\n+def test_excinfo_repr_str():\n     excinfo = pytest.raises(ValueError, h)\n-    s = repr(excinfo)\n-    assert s == \"<ExceptionInfo ValueError tblen=4>\"\n-\n-\n-def test_excinfo_str():\n-    excinfo = pytest.raises(ValueError, h)\n-    s = str(excinfo)\n-    assert s.startswith(__file__[:-9])  # pyc file and $py.class\n-    assert s.endswith(\"ValueError\")\n-    assert len(s.split(\":\")) >= 3  # on windows it's 4\n+    assert repr(excinfo) == \"<ExceptionInfo ValueError tblen=4>\"\n+    assert str(excinfo) == \"<ExceptionInfo ValueError tblen=4>\"\n \n \n def test_excinfo_for_later():\n",
        "problem_statement": "str() on the pytest.raises context variable doesn't behave same as normal exception catch\nPytest 4.6.2, macOS 10.14.5\r\n\r\n```Python\r\ntry:\r\n    raise LookupError(\r\n        f\"A\\n\"\r\n        f\"B\\n\"\r\n        f\"C\"\r\n    )\r\nexcept LookupError as e:\r\n    print(str(e))\r\n```\r\nprints\r\n\r\n> A\r\n> B\r\n> C\r\n\r\nBut\r\n\r\n```Python\r\nwith pytest.raises(LookupError) as e:\r\n    raise LookupError(\r\n        f\"A\\n\"\r\n        f\"B\\n\"\r\n        f\"C\"\r\n    )\r\n\r\nprint(str(e))\r\n```\r\n\r\nprints\r\n\r\n> <console>:3: LookupError: A\r\n\r\nIn order to get the full error message, one must do `str(e.value)`, which is documented, but this is a different interaction. Any chance the behavior could be changed to eliminate this gotcha?\r\n\r\n-----\r\n\r\nPip list gives\r\n\r\n```\r\nPackage            Version  Location\r\n------------------ -------- ------------------------------------------------------\r\napipkg             1.5\r\nasn1crypto         0.24.0\r\natomicwrites       1.3.0\r\nattrs              19.1.0\r\naws-xray-sdk       0.95\r\nboto               2.49.0\r\nboto3              1.9.51\r\nbotocore           1.12.144\r\ncertifi            2019.3.9\r\ncffi               1.12.3\r\nchardet            3.0.4\r\nClick              7.0\r\ncodacy-coverage    1.3.11\r\ncolorama           0.4.1\r\ncoverage           4.5.3\r\ncryptography       2.6.1\r\ndecorator          4.4.0\r\ndocker             3.7.2\r\ndocker-pycreds     0.4.0\r\ndocutils           0.14\r\necdsa              0.13.2\r\nexecnet            1.6.0\r\nfuture             0.17.1\r\nidna               2.8\r\nimportlib-metadata 0.17\r\nipaddress          1.0.22\r\nJinja2             2.10.1\r\njmespath           0.9.4\r\njsondiff           1.1.1\r\njsonpickle         1.1\r\njsonschema         2.6.0\r\nMarkupSafe         1.1.1\r\nmock               3.0.4\r\nmore-itertools     7.0.0\r\nmoto               1.3.7\r\nneobolt            1.7.10\r\nneotime            1.7.4\r\nnetworkx           2.1\r\nnumpy              1.15.0\r\npackaging          19.0\r\npandas             0.24.2\r\npip                19.1.1\r\npluggy             0.12.0\r\nprompt-toolkit     2.0.9\r\npy                 1.8.0\r\npy2neo             4.2.0\r\npyaml              19.4.1\r\npycodestyle        2.5.0\r\npycparser          2.19\r\npycryptodome       3.8.1\r\nPygments           2.3.1\r\npyOpenSSL          19.0.0\r\npyparsing          2.4.0\r\npytest             4.6.2\r\npytest-cache       1.0\r\npytest-codestyle   1.4.0\r\npytest-cov         2.6.1\r\npytest-forked      1.0.2\r\npython-dateutil    2.7.3\r\npython-jose        2.0.2\r\npytz               2018.5\r\nPyYAML             5.1\r\nrequests           2.21.0\r\nrequests-mock      1.5.2\r\nresponses          0.10.6\r\ns3transfer         0.1.13\r\nsetuptools         41.0.1\r\nsix                1.11.0\r\nsqlite3worker      1.1.7\r\ntabulate           0.8.3\r\nurllib3            1.24.3\r\nwcwidth            0.1.7\r\nwebsocket-client   0.56.0\r\nWerkzeug           0.15.2\r\nwheel              0.33.1\r\nwrapt              1.11.1\r\nxlrd               1.1.0\r\nxmltodict          0.12.0\r\nzipp               0.5.1\r\n```\n",
        "hints_text": "> Any chance the behavior could be changed to eliminate this gotcha?\r\n\r\nWhat do you suggest?\r\n\r\nProxying through to the exceptions `__str__`?\nHi @fiendish,\r\n\r\nIndeed this is a bit confusing.\r\n\r\nCurrently `ExceptionInfo` objects (which is `pytest.raises` returns to the context manager) implements `__str__` like this:\r\n\r\nhttps://github.com/pytest-dev/pytest/blob/9f8b566ea976df3a3ea16f74b56dd6d4909b84ee/src/_pytest/_code/code.py#L537-L542\r\n\r\nI don't see much use for this, I would rather it didn't implement `__str__` at all and let `__repr__` take over, which would show something like:\r\n\r\n```\r\n<ExceptionInfo LookupError tb=10>\r\n```\r\n\r\nWhich makes it more obvious that this is not what the user intended with `str(e)` probably.\r\n\r\nSo I think a good solution is to simply delete the `__str__` method.\r\n\r\nThoughts?\r\n\r\nAlso, @fiendish which Python version are you using?\n> So I think a good solution is to simply delete the `__str__` method.\r\n\r\nMakes sense to me.\r\n\r\n\nPython 3.7.3\r\n\r\nMy ideal outcome would be for str(e) to act the same as str(e.value), but I can understand if that isn't desired.\n> My ideal outcome would be for str(e) to act the same as str(e.value), but I can understand if that isn't desired.\r\n\r\nI understand, but I think it is better to be explicit here, because users might use `print(e)` to see what `e` is, assume it is the exception value, and then get confused later when it actually isn't (an `isinstance` check or accessing `e.args`).\n+1 for deleting the current `__str__` implementation\r\n-1 for proxying it to the underlying `e.value`\r\n\r\nthe `ExceptionInfo` object is not the exception and anything that makes it look more like the exception is just going to add to the confusion",
        "created_at": "2019-06-06T15:21:20Z",
        "version": "4.6",
        "FAIL_TO_PASS": "[\"testing/code/test_excinfo.py::test_excinfo_repr_str\"]",
        "PASS_TO_PASS": "[\"testing/code/test_excinfo.py::test_excinfo_simple\", \"testing/code/test_excinfo.py::test_excinfo_getstatement\", \"testing/code/test_excinfo.py::TestTraceback_f_g_h::test_traceback_entries\", \"testing/code/test_excinfo.py::TestTraceback_f_g_h::test_traceback_entry_getsource\", \"testing/code/test_excinfo.py::TestTraceback_f_g_h::test_traceback_entry_getsource_in_construct\", \"testing/code/test_excinfo.py::TestTraceback_f_g_h::test_traceback_cut\", \"testing/code/test_excinfo.py::TestTraceback_f_g_h::test_traceback_filter\", \"testing/code/test_excinfo.py::TestTraceback_f_g_h::test_traceback_filter_selective[<lambda>-True]\", \"testing/code/test_excinfo.py::TestTraceback_f_g_h::test_traceback_filter_selective[<lambda>-False]\", \"testing/code/test_excinfo.py::TestTraceback_f_g_h::test_traceback_filter_selective[tracebackhide2-True]\", \"testing/code/test_excinfo.py::TestTraceback_f_g_h::test_traceback_filter_selective[tracebackhide3-False]\", \"testing/code/test_excinfo.py::TestTraceback_f_g_h::test_traceback_recursion_index\", \"testing/code/test_excinfo.py::TestTraceback_f_g_h::test_traceback_only_specific_recursion_errors\", \"testing/code/test_excinfo.py::TestTraceback_f_g_h::test_traceback_no_recursion_index\", \"testing/code/test_excinfo.py::TestTraceback_f_g_h::test_traceback_getcrashentry\", \"testing/code/test_excinfo.py::TestTraceback_f_g_h::test_traceback_getcrashentry_empty\", \"testing/code/test_excinfo.py::test_excinfo_exconly\", \"testing/code/test_excinfo.py::test_excinfo_for_later\", \"testing/code/test_excinfo.py::test_excinfo_errisinstance\", \"testing/code/test_excinfo.py::test_excinfo_no_sourcecode\", \"testing/code/test_excinfo.py::test_entrysource_Queue_example\", \"testing/code/test_excinfo.py::test_codepath_Queue_example\", \"testing/code/test_excinfo.py::test_match_succeeds\", \"testing/code/test_excinfo.py::TestFormattedExcinfo::test_repr_source\", \"testing/code/test_excinfo.py::TestFormattedExcinfo::test_repr_source_excinfo\", \"testing/code/test_excinfo.py::TestFormattedExcinfo::test_repr_source_not_existing\", \"testing/code/test_excinfo.py::TestFormattedExcinfo::test_repr_many_line_source_not_existing\", \"testing/code/test_excinfo.py::TestFormattedExcinfo::test_repr_source_failing_fullsource\", \"testing/code/test_excinfo.py::TestFormattedExcinfo::test_repr_local\", \"testing/code/test_excinfo.py::TestFormattedExcinfo::test_repr_local_with_error\", \"testing/code/test_excinfo.py::TestFormattedExcinfo::test_repr_local_with_exception_in_class_property\", \"testing/code/test_excinfo.py::TestFormattedExcinfo::test_repr_local_truncated\", \"testing/code/test_excinfo.py::TestFormattedExcinfo::test_repr_tracebackentry_lines\", \"testing/code/test_excinfo.py::TestFormattedExcinfo::test_repr_tracebackentry_lines2\", \"testing/code/test_excinfo.py::TestFormattedExcinfo::test_repr_tracebackentry_lines_var_kw_args\", \"testing/code/test_excinfo.py::TestFormattedExcinfo::test_repr_tracebackentry_short\", \"testing/code/test_excinfo.py::TestFormattedExcinfo::test_repr_tracebackentry_no\", \"testing/code/test_excinfo.py::TestFormattedExcinfo::test_repr_traceback_tbfilter\", \"testing/code/test_excinfo.py::TestFormattedExcinfo::test_traceback_short_no_source\", \"testing/code/test_excinfo.py::TestFormattedExcinfo::test_repr_traceback_and_excinfo\", \"testing/code/test_excinfo.py::TestFormattedExcinfo::test_repr_traceback_with_invalid_cwd\", \"testing/code/test_excinfo.py::TestFormattedExcinfo::test_repr_excinfo_addouterr\", \"testing/code/test_excinfo.py::TestFormattedExcinfo::test_repr_excinfo_reprcrash\", \"testing/code/test_excinfo.py::TestFormattedExcinfo::test_repr_traceback_recursion\", \"testing/code/test_excinfo.py::TestFormattedExcinfo::test_reprexcinfo_getrepr\", \"testing/code/test_excinfo.py::TestFormattedExcinfo::test_reprexcinfo_unicode\", \"testing/code/test_excinfo.py::TestFormattedExcinfo::test_toterminal_long\", \"testing/code/test_excinfo.py::TestFormattedExcinfo::test_toterminal_long_missing_source\", \"testing/code/test_excinfo.py::TestFormattedExcinfo::test_toterminal_long_incomplete_source\", \"testing/code/test_excinfo.py::TestFormattedExcinfo::test_toterminal_long_filenames\", \"testing/code/test_excinfo.py::TestFormattedExcinfo::test_format_excinfo[reproptions0]\", \"testing/code/test_excinfo.py::TestFormattedExcinfo::test_format_excinfo[reproptions1]\", \"testing/code/test_excinfo.py::TestFormattedExcinfo::test_format_excinfo[reproptions2]\", \"testing/code/test_excinfo.py::TestFormattedExcinfo::test_format_excinfo[reproptions3]\", \"testing/code/test_excinfo.py::TestFormattedExcinfo::test_format_excinfo[reproptions4]\", \"testing/code/test_excinfo.py::TestFormattedExcinfo::test_format_excinfo[reproptions5]\", \"testing/code/test_excinfo.py::TestFormattedExcinfo::test_format_excinfo[reproptions6]\", \"testing/code/test_excinfo.py::TestFormattedExcinfo::test_format_excinfo[reproptions7]\", \"testing/code/test_excinfo.py::TestFormattedExcinfo::test_format_excinfo[reproptions8]\", \"testing/code/test_excinfo.py::TestFormattedExcinfo::test_format_excinfo[reproptions9]\", \"testing/code/test_excinfo.py::TestFormattedExcinfo::test_format_excinfo[reproptions10]\", \"testing/code/test_excinfo.py::TestFormattedExcinfo::test_format_excinfo[reproptions11]\", \"testing/code/test_excinfo.py::TestFormattedExcinfo::test_format_excinfo[reproptions12]\", \"testing/code/test_excinfo.py::TestFormattedExcinfo::test_format_excinfo[reproptions13]\", \"testing/code/test_excinfo.py::TestFormattedExcinfo::test_format_excinfo[reproptions14]\", \"testing/code/test_excinfo.py::TestFormattedExcinfo::test_format_excinfo[reproptions15]\", \"testing/code/test_excinfo.py::TestFormattedExcinfo::test_format_excinfo[reproptions16]\", \"testing/code/test_excinfo.py::TestFormattedExcinfo::test_format_excinfo[reproptions17]\", \"testing/code/test_excinfo.py::TestFormattedExcinfo::test_format_excinfo[reproptions18]\", \"testing/code/test_excinfo.py::TestFormattedExcinfo::test_format_excinfo[reproptions19]\", \"testing/code/test_excinfo.py::TestFormattedExcinfo::test_format_excinfo[reproptions20]\", \"testing/code/test_excinfo.py::TestFormattedExcinfo::test_format_excinfo[reproptions21]\", \"testing/code/test_excinfo.py::TestFormattedExcinfo::test_format_excinfo[reproptions22]\", \"testing/code/test_excinfo.py::TestFormattedExcinfo::test_format_excinfo[reproptions23]\", \"testing/code/test_excinfo.py::TestFormattedExcinfo::test_traceback_repr_style\", \"testing/code/test_excinfo.py::TestFormattedExcinfo::test_exc_chain_repr\", \"testing/code/test_excinfo.py::TestFormattedExcinfo::test_exc_repr_chain_suppression[from_none]\", \"testing/code/test_excinfo.py::TestFormattedExcinfo::test_exc_repr_chain_suppression[explicit_suppress]\", \"testing/code/test_excinfo.py::TestFormattedExcinfo::test_exc_chain_repr_without_traceback[cause-The\", \"testing/code/test_excinfo.py::TestFormattedExcinfo::test_exc_chain_repr_without_traceback[context-During\", \"testing/code/test_excinfo.py::TestFormattedExcinfo::test_exc_chain_repr_cycle\", \"testing/code/test_excinfo.py::test_repr_traceback_with_unicode[None-short]\", \"testing/code/test_excinfo.py::test_repr_traceback_with_unicode[None-long]\", \"testing/code/test_excinfo.py::test_repr_traceback_with_unicode[utf8-short]\", \"testing/code/test_excinfo.py::test_repr_traceback_with_unicode[utf8-long]\", \"testing/code/test_excinfo.py::test_repr_traceback_with_unicode[utf16-short]\", \"testing/code/test_excinfo.py::test_repr_traceback_with_unicode[utf16-long]\", \"testing/code/test_excinfo.py::test_exception_repr_extraction_error_on_recursion\", \"testing/code/test_excinfo.py::test_no_recursion_index_on_recursion_error\", \"testing/code/test_excinfo.py::TestTraceback_f_g_h::test_traceback_cut_excludepath\", \"testing/code/test_excinfo.py::test_match_raises_error\", \"testing/code/test_excinfo.py::test_cwd_deleted\"]",
        "environment_setup_commit": "d5843f89d3c008ddcb431adbc335b080a79e617e",
        "issue_title": "str() on the pytest.raises context variable doesn't behave same as normal exception catch",
        "test_file": "/home/fdse/wy/RepoCodeEdit/data/raw_repo_lite/pytest/testing/test_assertion.py"
    },
    {
        "repo": "pytest-dev/pytest",
        "instance_id": "pytest-dev__pytest-7490",
        "base_commit": "7f7a36478abe7dd1fa993b115d22606aa0e35e88",
        "patch": "diff --git a/src/_pytest/skipping.py b/src/_pytest/skipping.py\n--- a/src/_pytest/skipping.py\n+++ b/src/_pytest/skipping.py\n@@ -231,17 +231,14 @@ def evaluate_xfail_marks(item: Item) -> Optional[Xfail]:\n \n @hookimpl(tryfirst=True)\n def pytest_runtest_setup(item: Item) -> None:\n-    item._store[skipped_by_mark_key] = False\n-\n     skipped = evaluate_skip_marks(item)\n+    item._store[skipped_by_mark_key] = skipped is not None\n     if skipped:\n-        item._store[skipped_by_mark_key] = True\n         skip(skipped.reason)\n \n-    if not item.config.option.runxfail:\n-        item._store[xfailed_key] = xfailed = evaluate_xfail_marks(item)\n-        if xfailed and not xfailed.run:\n-            xfail(\"[NOTRUN] \" + xfailed.reason)\n+    item._store[xfailed_key] = xfailed = evaluate_xfail_marks(item)\n+    if xfailed and not item.config.option.runxfail and not xfailed.run:\n+        xfail(\"[NOTRUN] \" + xfailed.reason)\n \n \n @hookimpl(hookwrapper=True)\n@@ -250,12 +247,16 @@ def pytest_runtest_call(item: Item) -> Generator[None, None, None]:\n     if xfailed is None:\n         item._store[xfailed_key] = xfailed = evaluate_xfail_marks(item)\n \n-    if not item.config.option.runxfail:\n-        if xfailed and not xfailed.run:\n-            xfail(\"[NOTRUN] \" + xfailed.reason)\n+    if xfailed and not item.config.option.runxfail and not xfailed.run:\n+        xfail(\"[NOTRUN] \" + xfailed.reason)\n \n     yield\n \n+    # The test run may have added an xfail mark dynamically.\n+    xfailed = item._store.get(xfailed_key, None)\n+    if xfailed is None:\n+        item._store[xfailed_key] = xfailed = evaluate_xfail_marks(item)\n+\n \n @hookimpl(hookwrapper=True)\n def pytest_runtest_makereport(item: Item, call: CallInfo[None]):\n",
        "test_patch": "diff --git a/testing/test_skipping.py b/testing/test_skipping.py\n--- a/testing/test_skipping.py\n+++ b/testing/test_skipping.py\n@@ -1,6 +1,7 @@\n import sys\n \n import pytest\n+from _pytest.pytester import Testdir\n from _pytest.runner import runtestprotocol\n from _pytest.skipping import evaluate_skip_marks\n from _pytest.skipping import evaluate_xfail_marks\n@@ -425,6 +426,33 @@ def test_this2(arg):\n         result = testdir.runpytest(p)\n         result.stdout.fnmatch_lines([\"*1 xfailed*\"])\n \n+    def test_dynamic_xfail_set_during_runtest_failed(self, testdir: Testdir) -> None:\n+        # Issue #7486.\n+        p = testdir.makepyfile(\n+            \"\"\"\n+            import pytest\n+            def test_this(request):\n+                request.node.add_marker(pytest.mark.xfail(reason=\"xfail\"))\n+                assert 0\n+        \"\"\"\n+        )\n+        result = testdir.runpytest(p)\n+        result.assert_outcomes(xfailed=1)\n+\n+    def test_dynamic_xfail_set_during_runtest_passed_strict(\n+        self, testdir: Testdir\n+    ) -> None:\n+        # Issue #7486.\n+        p = testdir.makepyfile(\n+            \"\"\"\n+            import pytest\n+            def test_this(request):\n+                request.node.add_marker(pytest.mark.xfail(reason=\"xfail\", strict=True))\n+        \"\"\"\n+        )\n+        result = testdir.runpytest(p)\n+        result.assert_outcomes(failed=1)\n+\n     @pytest.mark.parametrize(\n         \"expected, actual, matchline\",\n         [\n",
        "problem_statement": "Pytest 6: Dynamically adding xfail marker in test no longer ignores failure\n<!--\r\nThanks for submitting an issue!\r\n\r\nHere's a quick checklist for what to provide:\r\n-->\r\n\r\n## Description\r\n\r\nWith pytest 5.x, we can dynamically add an xfail to a test `request` object using `request.node.add_marker(mark)` (see example below). In 5.x this treated the failing test like a a test marked statically with an `xfail`. With 6.0.0rc0 it raises. \r\n\r\n## Versions\r\n\r\n<details>\r\n\r\n```\r\n$ pip list\r\nPackage                       Version                         Location                                                      \r\n----------------------------- ------------------------------- --------------------------------------------------------------\r\na                             1.0                             \r\naioftp                        0.13.0                          \r\naiohttp                       3.6.2                           \r\nalabaster                     0.7.12                          \r\napipkg                        1.5                             \r\naplus                         0.11.0                          \r\nappdirs                       1.4.3                           \r\nappnope                       0.1.0                           \r\narrow                         0.15.7                          \r\naspy.yaml                     1.3.0                           \r\nastropy                       3.2.3                           \r\nasv                           0.4.1                           \r\nasync-timeout                 3.0.1                           \r\natomicwrites                  1.3.0                           \r\nattrs                         19.1.0                          \r\naws-sam-translator            1.15.1                          \r\naws-xray-sdk                  0.95                            \r\nBabel                         2.7.0                           \r\nbackcall                      0.1.0                           \r\nbinaryornot                   0.4.4                           \r\nblack                         19.10b0                         \r\nbleach                        3.1.0                           \r\nblurb                         1.0.7                           \r\nbokeh                         1.3.4                           \r\nboto                          2.49.0                          \r\nboto3                         1.7.84                          \r\nbotocore                      1.10.84                         \r\nbqplot                        0.12.12                         \r\nbranca                        0.3.1                           \r\ncachetools                    4.1.0                           \r\ncertifi                       2019.9.11                       \r\ncffi                          1.13.2                          \r\ncfgv                          2.0.1                           \r\ncfn-lint                      0.25.0                          \r\ncftime                        1.0.4.2                         \r\nchardet                       3.0.4                           \r\nClick                         7.0                             \r\nclick-plugins                 1.1.1                           \r\ncligj                         0.5.0                           \r\ncloudpickle                   1.2.2                           \r\ncolorama                      0.4.3                           \r\ncolorcet                      2.0.2                           \r\ncoloredlogs                   14.0                            \r\ncookiecutter                  1.7.2                           \r\ncookies                       2.2.1                           \r\ncoverage                      4.5.4                           \r\ncryptography                  2.8                             \r\ncycler                        0.10.0                          \r\nCython                        3.0a5                           \r\ncytoolz                       0.10.1                          \r\ndask                          2.4.0                           /Users/taugspurger/Envs/pandas-dev/lib/python3.7/site-packages\r\nDateTime                      4.3                             \r\ndecorator                     4.4.0                           \r\ndefusedxml                    0.6.0                           \r\nDeprecated                    1.2.7                           \r\ndistributed                   2.4.0                           \r\ndocker                        4.1.0                           \r\ndocutils                      0.15.2                          \r\necdsa                         0.14.1                          \r\nentrypoints                   0.3                             \r\net-xmlfile                    1.0.1                           \r\nexecnet                       1.7.1                           \r\nfastparquet                   0.3.3                           /Users/taugspurger/sandbox/fastparquet                        \r\nfeedparser                    5.2.1                           \r\nFiona                         1.8.8                           \r\nflake8                        3.7.9                           \r\nflake8-rst                    0.7.1                           \r\nfletcher                      0.3.1                           \r\nflit                          2.1.0                           \r\nflit-core                     2.1.0                           \r\nfsspec                        0.7.4                           \r\nfuture                        0.18.2                          \r\ngcsfs                         0.6.2                           \r\ngeopandas                     0.6.0+1.g95b8e1a.dirty          /Users/taugspurger/sandbox/geopandas                          \r\ngitdb2                        2.0.5                           \r\nGitPython                     3.0.2                           \r\ngoogle-auth                   1.16.1                          \r\ngoogle-auth-oauthlib          0.4.1                           \r\ngraphviz                      0.13                            \r\nh5py                          2.10.0                          \r\nHeapDict                      1.0.1                           \r\nholoviews                     1.12.6                          \r\nhumanfriendly                 8.1                             \r\nhunter                        3.1.3                           \r\nhvplot                        0.5.2                           \r\nhypothesis                    4.36.2                          \r\nidentify                      1.4.7                           \r\nidna                          2.8                             \r\nimagesize                     1.1.0                           \r\nimportlib-metadata            0.23                            \r\nimportlib-resources           1.0.2                           \r\niniconfig                     1.0.0                           \r\nintake                        0.5.3                           \r\nipydatawidgets                4.0.1                           \r\nipykernel                     5.1.2                           \r\nipyleaflet                    0.13.0                          \r\nipympl                        0.5.6                           \r\nipython                       7.11.1                          \r\nipython-genutils              0.2.0                           \r\nipyvolume                     0.5.2                           \r\nipyvue                        1.3.2                           \r\nipyvuetify                    1.4.0                           \r\nipywebrtc                     0.5.0                           \r\nipywidgets                    7.5.1                           \r\nisort                         4.3.21                          \r\njdcal                         1.4.1                           \r\njedi                          0.16.0                          \r\nJinja2                        2.11.2                          \r\njinja2-time                   0.2.0                           \r\njmespath                      0.9.4                           \r\njoblib                        0.14.1                          \r\njson5                         0.9.4                           \r\njsondiff                      1.1.1                           \r\njsonpatch                     1.24                            \r\njsonpickle                    1.2                             \r\njsonpointer                   2.0                             \r\njsonschema                    3.0.2                           \r\njupyter                       1.0.0                           \r\njupyter-client                5.3.3                           \r\njupyter-console               6.0.0                           \r\njupyter-core                  4.5.0                           \r\njupyterlab                    2.1.2                           \r\njupyterlab-server             1.1.4                           \r\nkiwisolver                    1.1.0                           \r\nline-profiler                 2.1.1                           \r\nllvmlite                      0.33.0                          \r\nlocket                        0.2.0                           /Users/taugspurger/sandbox/locket.py                          \r\nlxml                          4.5.0                           \r\nmanhole                       1.6.0                           \r\nMarkdown                      3.1.1                           \r\nMarkupSafe                    1.1.1                           \r\nmatplotlib                    3.2.2                           \r\nmccabe                        0.6.1                           \r\nmemory-profiler               0.55.0                          \r\nmistune                       0.8.4                           \r\nmock                          3.0.5                           \r\nmore-itertools                7.2.0                           \r\nmoto                          1.3.6                           \r\nmsgpack                       0.6.2                           \r\nmultidict                     4.5.2                           \r\nmunch                         2.3.2                           \r\nmypy                          0.730                           \r\nmypy-extensions               0.4.1                           \r\nnbconvert                     5.6.0                           \r\nnbformat                      4.4.0                           \r\nnbsphinx                      0.4.2                           \r\nnest-asyncio                  1.3.3                           \r\nnodeenv                       1.3.3                           \r\nnotebook                      6.0.1                           \r\nnumexpr                       2.7.1                           \r\nnumpy                         1.19.0                          \r\nnumpydoc                      1.0.0.dev0                      \r\noauthlib                      3.1.0                           \r\nodfpy                         1.4.0                           \r\nopenpyxl                      3.0.3                           \r\npackaging                     20.4                            \r\npandas                        1.1.0.dev0+1758.g035e1fe831     /Users/taugspurger/sandbox/pandas                             \r\npandas-sphinx-theme           0.0.1.dev0                      /Users/taugspurger/sandbox/pandas-sphinx-theme                \r\npandocfilters                 1.4.2                           \r\nparam                         1.9.2                           \r\nparfive                       1.0.0                           \r\nparso                         0.6.0                           \r\npartd                         1.0.0                           \r\npathspec                      0.8.0                           \r\npatsy                         0.5.1                           \r\npexpect                       4.7.0                           \r\npickleshare                   0.7.5                           \r\nPillow                        6.1.0                           \r\npip                           20.0.2                          \r\npluggy                        0.13.0                          \r\npoyo                          0.5.0                           \r\npre-commit                    1.18.3                          \r\nprogressbar2                  3.51.3                          \r\nprometheus-client             0.7.1                           \r\nprompt-toolkit                2.0.9                           \r\npsutil                        5.6.3                           \r\nptyprocess                    0.6.0                           \r\npy                            1.9.0                           \r\npyaml                         20.4.0                          \r\npyarrow                       0.16.0                          \r\npyasn1                        0.4.7                           \r\npyasn1-modules                0.2.8                           \r\npycodestyle                   2.5.0                           \r\npycparser                     2.19                            \r\npycryptodome                  3.9.8                           \r\npyct                          0.4.6                           \r\npydata-sphinx-theme           0.1.1                           \r\npydeps                        1.9.0                           \r\npyflakes                      2.1.1                           \r\nPyGithub                      1.44.1                          \r\nPygments                      2.4.2                           \r\nPyJWT                         1.7.1                           \r\npyparsing                     2.4.2                           \r\npyproj                        2.4.0                           \r\npyrsistent                    0.15.4                          \r\npytest                        5.4.3                           \r\npytest-asyncio                0.10.0                          \r\npytest-cov                    2.8.1                           \r\npytest-cover                  3.0.0                           \r\npytest-forked                 1.0.2                           \r\npytest-repeat                 0.8.0                           \r\npytest-xdist                  1.29.0                          \r\npython-boilerplate            0.1.0                           \r\npython-dateutil               2.8.0                           \r\npython-jose                   2.0.2                           \r\npython-jsonrpc-server         0.3.2                           \r\npython-language-server        0.31.4                          \r\npython-slugify                4.0.1                           \r\npython-utils                  2.4.0                           \r\npythreejs                     2.2.0                           \r\npytoml                        0.1.21                          \r\npytz                          2019.2                          \r\npyviz-comms                   0.7.2                           \r\nPyYAML                        5.1.2                           \r\npyzmq                         18.1.0                          \r\nqtconsole                     4.5.5                           \r\nregex                         2020.6.8                        \r\nrequests                      2.24.0                          \r\nrequests-oauthlib             1.3.0                           \r\nresponses                     0.10.6                          \r\nrsa                           4.0                             \r\nrstcheck                      3.3.1                           \r\ns3fs                          0.4.2                           \r\ns3transfer                    0.1.13                          \r\nscikit-learn                  0.22.2.post1                    \r\nscipy                         1.3.1                           \r\nseaborn                       0.9.0                           \r\nSend2Trash                    1.5.0                           \r\nsetuptools                    49.2.0                          \r\nShapely                       1.6.4.post2                     \r\nsix                           1.12.0                          \r\nsmmap2                        2.0.5                           \r\nsnakeviz                      2.0.1                           \r\nsnowballstemmer               1.9.1                           \r\nsortedcontainers              2.1.0                           \r\nsparse                        0.10.0                          \r\nSphinx                        3.1.1                           \r\nsphinxcontrib-applehelp       1.0.2                           \r\nsphinxcontrib-devhelp         1.0.2                           \r\nsphinxcontrib-htmlhelp        1.0.3                           \r\nsphinxcontrib-jsmath          1.0.1                           \r\nsphinxcontrib-qthelp          1.0.3                           \r\nsphinxcontrib-serializinghtml 1.1.4                           \r\nsphinxcontrib-websupport      1.1.2                           \r\nsphinxcontrib.youtube         0.1.2                           \r\nSQLAlchemy                    1.3.11                          \r\nsshpubkeys                    3.1.0                           \r\nstatsmodels                   0.10.2                          \r\nstdlib-list                   0.6.0                           \r\nsunpy                         1.1.dev518+gcad2d473f.d20191103 /Users/taugspurger/sandbox/sunpy                              \r\ntables                        3.6.1                           \r\ntabulate                      0.8.6                           \r\ntblib                         1.4.0                           \r\nterminado                     0.8.2                           \r\ntest                          1.0.0                           \r\ntestpath                      0.4.2                           \r\ntext-unidecode                1.3                             \r\nthrift                        0.13.0                          \r\ntoml                          0.10.0                          \r\ntoolz                         0.10.0                          \r\ntornado                       6.0.3                           \r\ntqdm                          4.37.0                          \r\ntraitlets                     4.3.2                           \r\ntraittypes                    0.2.1                           \r\ntyped-ast                     1.4.0                           \r\ntyping-extensions             3.7.4                           \r\nujson                         1.35                            \r\nurllib3                       1.25.5                          \r\nvaex                          3.0.0                           \r\nvaex-arrow                    0.5.1                           \r\nvaex-astro                    0.7.0                           \r\nvaex-core                     2.0.2                           \r\nvaex-hdf5                     0.6.0                           \r\nvaex-jupyter                  0.5.1.post0                     \r\nvaex-ml                       0.9.0                           \r\nvaex-server                   0.3.1                           \r\nvaex-viz                      0.4.0                           \r\nvirtualenv                    16.7.5                          \r\nwcwidth                       0.1.7                           \r\nwebencodings                  0.5.1                           \r\nwebsocket-client              0.56.0                          \r\nWerkzeug                      0.16.0                          \r\nwheel                         0.34.2                          \r\nwidgetsnbextension            3.5.1                           \r\nwrapt                         1.11.2                          \r\nxarray                        0.14.1+36.gb3d3b448             /Users/taugspurger/sandbox/xarray                             \r\nxlwt                          1.3.0                           \r\nxmltodict                     0.12.0                          \r\nyarl                          1.3.0                           \r\nzict                          1.0.0                           \r\nzipp                          0.6.0                           \r\nzope.interface                4.7.1                           \r\n```\r\n\r\n</details>\r\n\r\n- [ ] pytest and operating system versions\r\n\r\nPytest 6.0.1rc0 and MacOS 10.14.5\r\n\r\n```python\r\n# file: test_foo.py\r\nimport pytest\r\n\r\n\r\ndef test_xfail_test(request):\r\n    mark = pytest.mark.xfail(reason=\"xfail\")\r\n    request.node.add_marker(mark)\r\n    assert 0\r\n```\r\n\r\nWith 5.4.3\r\n\r\n```\r\n\r\n$ pytest -rsx test_foo.py\r\n=============================================================================== test session starts ================================================================================\r\nplatform darwin -- Python 3.7.6, pytest-5.4.3, py-1.9.0, pluggy-0.13.0\r\nhypothesis profile 'default' -> database=DirectoryBasedExampleDatabase('/Users/taugspurger/sandbox/.hypothesis/examples')\r\nrootdir: /Users/taugspurger/sandbox\r\nplugins: xdist-1.29.0, hypothesis-4.36.2, forked-1.0.2, repeat-0.8.0, asyncio-0.10.0, cov-2.8.1\r\ncollected 1 item\r\n\r\ntest_foo.py x                                                                                                                                                                [100%]\r\n\r\n============================================================================= short test summary info ==============================================================================\r\nXFAIL test_foo.py::test_xfail_test\r\n  xfail\r\n================================================================================ 1 xfailed in 0.07s ================================================================================\r\n```\r\n\r\nWith 6.0.0rc0\r\n\r\n```\r\n$ pytest -rsx test_foo.py\r\n=============================================================================== test session starts ================================================================================\r\nplatform darwin -- Python 3.7.6, pytest-6.0.0rc1, py-1.9.0, pluggy-0.13.0\r\nhypothesis profile 'default' -> database=DirectoryBasedExampleDatabase('/Users/taugspurger/sandbox/.hypothesis/examples')\r\nrootdir: /Users/taugspurger/sandbox\r\nplugins: xdist-1.29.0, hypothesis-4.36.2, forked-1.0.2, repeat-0.8.0, asyncio-0.10.0, cov-2.8.1\r\ncollected 1 item\r\n\r\ntest_foo.py F                                                                                                                                                                [100%]\r\n\r\n===================================================================================== FAILURES =====================================================================================\r\n_________________________________________________________________________________ test_xfail_test __________________________________________________________________________________\r\n\r\nrequest = <FixtureRequest for <Function test_xfail_test>>\r\n\r\n    def test_xfail_test(request):\r\n        mark = pytest.mark.xfail(reason=\"xfail\")\r\n        request.node.add_marker(mark)\r\n>       assert 0\r\nE       assert 0\r\n\r\ntest_foo.py:7: AssertionError\r\n```\r\n\n",
        "hints_text": "Thanks for testing the release candidate! This is probably a regression in c9737ae914891027da5f0bd39494dd51a3b3f19f, will fix.",
        "created_at": "2020-07-13T22:20:10Z",
        "version": "6.0",
        "FAIL_TO_PASS": "[\"testing/test_skipping.py::TestXFail::test_dynamic_xfail_set_during_runtest_failed\", \"testing/test_skipping.py::TestXFail::test_dynamic_xfail_set_during_runtest_passed_strict\"]",
        "PASS_TO_PASS": "[\"testing/test_skipping.py::test_importorskip\", \"testing/test_skipping.py::TestEvaluation::test_no_marker\", \"testing/test_skipping.py::TestEvaluation::test_marked_xfail_no_args\", \"testing/test_skipping.py::TestEvaluation::test_marked_skipif_no_args\", \"testing/test_skipping.py::TestEvaluation::test_marked_one_arg\", \"testing/test_skipping.py::TestEvaluation::test_marked_one_arg_with_reason\", \"testing/test_skipping.py::TestEvaluation::test_marked_one_arg_twice\", \"testing/test_skipping.py::TestEvaluation::test_marked_one_arg_twice2\", \"testing/test_skipping.py::TestEvaluation::test_marked_skipif_with_boolean_without_reason\", \"testing/test_skipping.py::TestEvaluation::test_marked_skipif_with_invalid_boolean\", \"testing/test_skipping.py::TestEvaluation::test_skipif_class\", \"testing/test_skipping.py::TestXFail::test_xfail_simple[True]\", \"testing/test_skipping.py::TestXFail::test_xfail_simple[False]\", \"testing/test_skipping.py::TestXFail::test_xfail_xpassed\", \"testing/test_skipping.py::TestXFail::test_xfail_using_platform\", \"testing/test_skipping.py::TestXFail::test_xfail_xpassed_strict\", \"testing/test_skipping.py::TestXFail::test_xfail_run_anyway\", \"testing/test_skipping.py::TestXFail::test_xfail_run_with_skip_mark[test_input0-expected0]\", \"testing/test_skipping.py::TestXFail::test_xfail_run_with_skip_mark[test_input1-expected1]\", \"testing/test_skipping.py::TestXFail::test_xfail_evalfalse_but_fails\", \"testing/test_skipping.py::TestXFail::test_xfail_not_report_default\", \"testing/test_skipping.py::TestXFail::test_xfail_not_run_xfail_reporting\", \"testing/test_skipping.py::TestXFail::test_xfail_not_run_no_setup_run\", \"testing/test_skipping.py::TestXFail::test_xfail_xpass\", \"testing/test_skipping.py::TestXFail::test_xfail_imperative\", \"testing/test_skipping.py::TestXFail::test_xfail_imperative_in_setup_function\", \"testing/test_skipping.py::TestXFail::test_dynamic_xfail_no_run\", \"testing/test_skipping.py::TestXFail::test_dynamic_xfail_set_during_funcarg_setup\", \"testing/test_skipping.py::TestXFail::test_xfail_raises[TypeError-TypeError-*1\", \"testing/test_skipping.py::TestXFail::test_xfail_raises[(AttributeError,\", \"testing/test_skipping.py::TestXFail::test_xfail_raises[TypeError-IndexError-*1\", \"testing/test_skipping.py::TestXFail::test_strict_sanity\", \"testing/test_skipping.py::TestXFail::test_strict_xfail[True]\", \"testing/test_skipping.py::TestXFail::test_strict_xfail[False]\", \"testing/test_skipping.py::TestXFail::test_strict_xfail_condition[True]\", \"testing/test_skipping.py::TestXFail::test_strict_xfail_condition[False]\", \"testing/test_skipping.py::TestXFail::test_xfail_condition_keyword[True]\", \"testing/test_skipping.py::TestXFail::test_xfail_condition_keyword[False]\", \"testing/test_skipping.py::TestXFail::test_strict_xfail_default_from_file[true]\", \"testing/test_skipping.py::TestXFail::test_strict_xfail_default_from_file[false]\", \"testing/test_skipping.py::TestXFailwithSetupTeardown::test_failing_setup_issue9\", \"testing/test_skipping.py::TestXFailwithSetupTeardown::test_failing_teardown_issue9\", \"testing/test_skipping.py::TestSkip::test_skip_class\", \"testing/test_skipping.py::TestSkip::test_skips_on_false_string\", \"testing/test_skipping.py::TestSkip::test_arg_as_reason\", \"testing/test_skipping.py::TestSkip::test_skip_no_reason\", \"testing/test_skipping.py::TestSkip::test_skip_with_reason\", \"testing/test_skipping.py::TestSkip::test_only_skips_marked_test\", \"testing/test_skipping.py::TestSkip::test_strict_and_skip\", \"testing/test_skipping.py::TestSkipif::test_skipif_conditional\", \"testing/test_skipping.py::TestSkipif::test_skipif_reporting[\\\"hasattr(sys,\", \"testing/test_skipping.py::TestSkipif::test_skipif_reporting[True,\", \"testing/test_skipping.py::TestSkipif::test_skipif_using_platform\", \"testing/test_skipping.py::TestSkipif::test_skipif_reporting_multiple[skipif-SKIP-skipped]\", \"testing/test_skipping.py::TestSkipif::test_skipif_reporting_multiple[xfail-XPASS-xpassed]\", \"testing/test_skipping.py::test_skip_not_report_default\", \"testing/test_skipping.py::test_skipif_class\", \"testing/test_skipping.py::test_skipped_reasons_functional\", \"testing/test_skipping.py::test_skipped_folding\", \"testing/test_skipping.py::test_reportchars\", \"testing/test_skipping.py::test_reportchars_error\", \"testing/test_skipping.py::test_reportchars_all\", \"testing/test_skipping.py::test_reportchars_all_error\", \"testing/test_skipping.py::test_errors_in_xfail_skip_expressions\", \"testing/test_skipping.py::test_xfail_skipif_with_globals\", \"testing/test_skipping.py::test_default_markers\", \"testing/test_skipping.py::test_xfail_test_setup_exception\", \"testing/test_skipping.py::test_imperativeskip_on_xfail_test\", \"testing/test_skipping.py::TestBooleanCondition::test_skipif\", \"testing/test_skipping.py::TestBooleanCondition::test_skipif_noreason\", \"testing/test_skipping.py::TestBooleanCondition::test_xfail\", \"testing/test_skipping.py::test_xfail_item\", \"testing/test_skipping.py::test_module_level_skip_error\", \"testing/test_skipping.py::test_module_level_skip_with_allow_module_level\", \"testing/test_skipping.py::test_invalid_skip_keyword_parameter\", \"testing/test_skipping.py::test_mark_xfail_item\", \"testing/test_skipping.py::test_summary_list_after_errors\", \"testing/test_skipping.py::test_relpath_rootdir\"]",
        "environment_setup_commit": "634cde9506eb1f48dec3ec77974ee8dc952207c6",
        "issue_title": "Pytest 6: Dynamically adding xfail marker in test no longer ignores failure",
        "test_file": "/home/fdse/wy/RepoCodeEdit/data/raw_repo_lite/pytest/testing/test_mark.py"
    }
]